<?xml version="1.0" encoding="UTF-8"?>
<coverage generated="1602792287987" clover="3.2.0">
  <project timestamp="1602792287987" name="All files">
    <metrics statements="5907" coveredstatements="2505" conditionals="2299" coveredconditionals="941" methods="1289" coveredmethods="604" elements="9495" coveredelements="4050" complexity="0" loc="5907" ncloc="5907" packages="13" files="97" classes="97"/>
    <package name="src">
      <metrics statements="32" coveredstatements="31" conditionals="12" coveredconditionals="11" methods="5" coveredmethods="5"/>
      <file name="Registry.js" path="/Users/mauro/workspace/zea/engine/src/Registry.js">
        <metrics statements="32" coveredstatements="31" conditionals="12" coveredconditionals="11" methods="5" coveredmethods="5"/>
        <line num="3" count="62" type="stmt"/>
        <line num="4" count="62" type="stmt"/>
        <line num="5" count="62" type="stmt"/>
        <line num="28" count="62" type="stmt"/>
        <line num="36" count="1689" type="cond" truecount="2" falsecount="0"/>
        <line num="37" count="1687" type="stmt"/>
        <line num="41" count="1687" type="stmt"/>
        <line num="42" count="1687" type="stmt"/>
        <line num="43" count="1687" type="stmt"/>
        <line num="52" count="12" type="cond" truecount="1" falsecount="1"/>
        <line num="54" count="0" type="stmt"/>
        <line num="64" count="82" type="stmt"/>
        <line num="65" count="82" type="stmt"/>
        <line num="67" count="82" type="cond" truecount="2" falsecount="0"/>
        <line num="68" count="75" type="stmt"/>
        <line num="69" count="75" type="stmt"/>
        <line num="72" count="82" type="stmt"/>
        <line num="73" count="82" type="cond" truecount="4" falsecount="0"/>
        <line num="75" count="2" type="stmt"/>
        <line num="88" count="3" type="stmt"/>
        <line num="89" count="3" type="cond" truecount="2" falsecount="0"/>
        <line num="92" count="2" type="stmt"/>
        <line num="100" count="6" type="stmt"/>
        <line num="101" count="6" type="stmt"/>
        <line num="102" count="6" type="stmt"/>
        <line num="106" count="62" type="stmt"/>
        <line num="107" count="62" type="stmt"/>
        <line num="108" count="62" type="stmt"/>
        <line num="109" count="62" type="stmt"/>
        <line num="110" count="62" type="stmt"/>
        <line num="111" count="62" type="stmt"/>
        <line num="112" count="62" type="stmt"/>
      </file>
    </package>
    <package name="src.Math">
      <metrics statements="1979" coveredstatements="544" conditionals="635" coveredconditionals="226" methods="513" coveredmethods="174"/>
      <file name="AttrValue.js" path="/Users/mauro/workspace/zea/engine/src/Math/AttrValue.js">
        <metrics statements="9" coveredstatements="5" conditionals="4" coveredconditionals="4" methods="7" coveredmethods="3"/>
        <line num="18" count="2608" type="stmt"/>
        <line num="19" count="4592" type="cond" truecount="4" falsecount="0"/>
        <line num="22" count="1976" type="stmt"/>
        <line num="36" count="0" type="stmt"/>
        <line num="49" count="0" type="stmt"/>
        <line num="57" count="0" type="stmt"/>
        <line num="66" count="40" type="stmt"/>
        <line num="76" count="10" type="stmt"/>
        <line num="84" count="0" type="stmt"/>
      </file>
      <file name="Box2.js" path="/Users/mauro/workspace/zea/engine/src/Math/Box2.js">
        <metrics statements="27" coveredstatements="1" conditionals="26" coveredconditionals="0" methods="11" coveredmethods="0"/>
        <line num="23" count="0" type="cond" truecount="0" falsecount="2"/>
        <line num="24" count="0" type="stmt"/>
        <line num="26" count="0" type="stmt"/>
        <line num="28" count="0" type="cond" truecount="0" falsecount="2"/>
        <line num="29" count="0" type="stmt"/>
        <line num="31" count="0" type="stmt"/>
        <line num="42" count="0" type="stmt"/>
        <line num="43" count="0" type="stmt"/>
        <line num="53" count="0" type="stmt"/>
        <line num="54" count="0" type="stmt"/>
        <line num="55" count="0" type="stmt"/>
        <line num="56" count="0" type="stmt"/>
        <line num="65" count="0" type="stmt"/>
        <line num="79" count="0" type="cond" truecount="0" falsecount="4"/>
        <line num="80" count="0" type="cond" truecount="0" falsecount="4"/>
        <line num="82" count="0" type="cond" truecount="0" falsecount="4"/>
        <line num="83" count="0" type="cond" truecount="0" falsecount="4"/>
        <line num="92" count="0" type="stmt"/>
        <line num="101" count="0" type="stmt"/>
        <line num="110" count="0" type="stmt"/>
        <line num="111" count="0" type="stmt"/>
        <line num="112" count="0" type="stmt"/>
        <line num="113" count="0" type="stmt"/>
        <line num="126" count="0" type="stmt"/>
        <line num="138" count="0" type="stmt"/>
        <line num="151" count="0" type="stmt"/>
        <line num="155" count="43" type="stmt"/>
      </file>
      <file name="Box3.js" path="/Users/mauro/workspace/zea/engine/src/Math/Box3.js">
        <metrics statements="83" coveredstatements="37" conditionals="69" coveredconditionals="39" methods="24" coveredmethods="8"/>
        <line num="26" count="200" type="cond" truecount="1" falsecount="1"/>
        <line num="27" count="0" type="stmt"/>
        <line num="28" count="0" type="stmt"/>
        <line num="30" count="200" type="cond" truecount="1" falsecount="1"/>
        <line num="31" count="0" type="stmt"/>
        <line num="33" count="200" type="stmt"/>
        <line num="35" count="200" type="cond" truecount="1" falsecount="1"/>
        <line num="36" count="0" type="stmt"/>
        <line num="38" count="200" type="stmt"/>
        <line num="48" count="1" type="stmt"/>
        <line num="57" count="1" type="stmt"/>
        <line num="67" count="0" type="stmt"/>
        <line num="68" count="0" type="stmt"/>
        <line num="75" count="4" type="stmt"/>
        <line num="76" count="4" type="stmt"/>
        <line num="77" count="4" type="stmt"/>
        <line num="78" count="4" type="stmt"/>
        <line num="79" count="4" type="stmt"/>
        <line num="80" count="4" type="stmt"/>
        <line num="89" count="0" type="stmt"/>
        <line num="105" count="667" type="cond" truecount="3" falsecount="1"/>
        <line num="106" count="667" type="cond" truecount="2" falsecount="0"/>
        <line num="107" count="667" type="cond" truecount="2" falsecount="0"/>
        <line num="109" count="667" type="cond" truecount="3" falsecount="1"/>
        <line num="110" count="667" type="cond" truecount="2" falsecount="0"/>
        <line num="111" count="667" type="cond" truecount="2" falsecount="0"/>
        <line num="113" count="667" type="cond" truecount="3" falsecount="1"/>
        <line num="114" count="667" type="cond" truecount="2" falsecount="0"/>
        <line num="115" count="667" type="cond" truecount="2" falsecount="0"/>
        <line num="127" count="4" type="cond" truecount="1" falsecount="1"/>
        <line num="129" count="4" type="stmt"/>
        <line num="130" count="4" type="stmt"/>
        <line num="131" count="4" type="stmt"/>
        <line num="132" count="4" type="stmt"/>
        <line num="133" count="4" type="stmt"/>
        <line num="134" count="4" type="stmt"/>
        <line num="135" count="4" type="stmt"/>
        <line num="136" count="4" type="stmt"/>
        <line num="138" count="0" type="stmt"/>
        <line num="139" count="0" type="stmt"/>
        <line num="149" count="0" type="stmt"/>
        <line num="158" count="0" type="stmt"/>
        <line num="167" count="0" type="stmt"/>
        <line num="168" count="0" type="stmt"/>
        <line num="169" count="0" type="stmt"/>
        <line num="170" count="0" type="stmt"/>
        <line num="179" count="0" type="stmt"/>
        <line num="180" count="0" type="stmt"/>
        <line num="181" count="0" type="stmt"/>
        <line num="182" count="0" type="stmt"/>
        <line num="191" count="0" type="stmt"/>
        <line num="202" count="0" type="cond" truecount="0" falsecount="8"/>
        <line num="225" count="0" type="stmt"/>
        <line num="241" count="0" type="cond" truecount="0" falsecount="2"/>
        <line num="242" count="0" type="stmt"/>
        <line num="243" count="0" type="stmt"/>
        <line num="245" count="0" type="stmt"/>
        <line num="246" count="0" type="stmt"/>
        <line num="249" count="0" type="cond" truecount="0" falsecount="2"/>
        <line num="250" count="0" type="stmt"/>
        <line num="251" count="0" type="stmt"/>
        <line num="253" count="0" type="stmt"/>
        <line num="254" count="0" type="stmt"/>
        <line num="257" count="0" type="cond" truecount="0" falsecount="2"/>
        <line num="258" count="0" type="stmt"/>
        <line num="259" count="0" type="stmt"/>
        <line num="261" count="0" type="stmt"/>
        <line num="262" count="0" type="stmt"/>
        <line num="265" count="0" type="cond" truecount="0" falsecount="2"/>
        <line num="273" count="0" type="stmt"/>
        <line num="286" count="0" type="stmt"/>
        <line num="295" count="0" type="stmt"/>
        <line num="307" count="9" type="stmt"/>
        <line num="321" count="2" type="stmt"/>
        <line num="326" count="2" type="stmt"/>
        <line num="331" count="2" type="stmt"/>
        <line num="332" count="2" type="stmt"/>
        <line num="342" count="0" type="stmt"/>
        <line num="343" count="0" type="stmt"/>
        <line num="352" count="0" type="stmt"/>
        <line num="353" count="0" type="stmt"/>
        <line num="363" count="0" type="stmt"/>
        <line num="367" count="43" type="stmt"/>
      </file>
      <file name="Color.js" path="/Users/mauro/workspace/zea/engine/src/Math/Color.js">
        <metrics statements="112" coveredstatements="48" conditionals="59" coveredconditionals="16" methods="47" coveredmethods="19"/>
        <line num="20" count="74" type="stmt"/>
        <line num="22" count="74" type="cond" truecount="2" falsecount="0"/>
        <line num="23" count="1" type="stmt"/>
        <line num="24" count="73" type="cond" truecount="1" falsecount="1"/>
        <line num="25" count="0" type="stmt"/>
        <line num="26" count="0" type="stmt"/>
        <line num="27" count="0" type="stmt"/>
        <line num="28" count="0" type="stmt"/>
        <line num="30" count="73" type="stmt"/>
        <line num="31" count="73" type="cond" truecount="2" falsecount="0"/>
        <line num="32" count="14" type="cond" truecount="2" falsecount="0"/>
        <line num="33" count="7" type="stmt"/>
        <line num="35" count="7" type="stmt"/>
        <line num="38" count="59" type="stmt"/>
        <line num="39" count="59" type="stmt"/>
        <line num="40" count="59" type="stmt"/>
        <line num="41" count="59" type="stmt"/>
        <line num="52" count="40" type="stmt"/>
        <line num="61" count="19" type="stmt"/>
        <line num="70" count="40" type="stmt"/>
        <line num="78" count="19" type="stmt"/>
        <line num="87" count="40" type="stmt"/>
        <line num="96" count="19" type="stmt"/>
        <line num="105" count="40" type="stmt"/>
        <line num="113" count="33" type="stmt"/>
        <line num="125" count="0" type="stmt"/>
        <line num="126" count="0" type="stmt"/>
        <line num="127" count="0" type="stmt"/>
        <line num="128" count="0" type="stmt"/>
        <line num="137" count="0" type="stmt"/>
        <line num="138" count="0" type="stmt"/>
        <line num="139" count="0" type="stmt"/>
        <line num="140" count="0" type="stmt"/>
        <line num="149" count="0" type="stmt"/>
        <line num="150" count="0" type="stmt"/>
        <line num="151" count="0" type="stmt"/>
        <line num="152" count="0" type="cond" truecount="0" falsecount="2"/>
        <line num="161" count="0" type="stmt"/>
        <line num="170" count="0" type="stmt"/>
        <line num="186" count="14" type="stmt"/>
        <line num="187" count="14" type="stmt"/>
        <line num="188" count="14" type="stmt"/>
        <line num="189" count="14" type="cond" truecount="1" falsecount="1"/>
        <line num="198" count="0" type="stmt"/>
        <line num="199" count="0" type="stmt"/>
        <line num="200" count="0" type="stmt"/>
        <line num="201" count="0" type="cond" truecount="0" falsecount="2"/>
        <line num="210" count="0" type="stmt"/>
        <line num="211" count="0" type="stmt"/>
        <line num="212" count="0" type="stmt"/>
        <line num="213" count="0" type="cond" truecount="0" falsecount="2"/>
        <line num="223" count="14" type="stmt"/>
        <line num="224" count="14" type="cond" truecount="1" falsecount="1"/>
        <line num="232" count="14" type="stmt"/>
        <line num="233" count="14" type="cond" truecount="1" falsecount="1"/>
        <line num="234" count="0" type="stmt"/>
        <line num="235" count="0" type="stmt"/>
        <line num="237" count="14" type="stmt"/>
        <line num="246" count="7" type="stmt"/>
        <line num="247" count="7" type="stmt"/>
        <line num="391" count="7" type="cond" truecount="1" falsecount="1"/>
        <line num="393" count="0" type="stmt"/>
        <line num="395" count="7" type="cond" truecount="1" falsecount="1"/>
        <line num="396" count="0" type="stmt"/>
        <line num="398" count="7" type="stmt"/>
        <line num="409" count="0" type="stmt"/>
        <line num="410" count="0" type="stmt"/>
        <line num="411" count="0" type="cond" truecount="0" falsecount="2"/>
        <line num="413" count="0" type="stmt"/>
        <line num="423" count="0" type="cond" truecount="0" falsecount="4"/>
        <line num="433" count="0" type="cond" truecount="0" falsecount="4"/>
        <line num="444" count="0" type="stmt"/>
        <line num="459" count="0" type="stmt"/>
        <line num="469" count="0" type="stmt"/>
        <line num="479" count="0" type="stmt"/>
        <line num="488" count="0" type="stmt"/>
        <line num="489" count="0" type="stmt"/>
        <line num="490" count="0" type="stmt"/>
        <line num="491" count="0" type="stmt"/>
        <line num="500" count="0" type="stmt"/>
        <line num="510" count="0" type="stmt"/>
        <line num="520" count="0" type="stmt"/>
        <line num="534" count="0" type="stmt"/>
        <line num="545" count="7" type="stmt"/>
        <line num="546" count="7" type="stmt"/>
        <line num="547" count="7" type="stmt"/>
        <line num="548" count="7" type="stmt"/>
        <line num="549" count="7" type="stmt"/>
        <line num="560" count="0" type="cond" truecount="0" falsecount="2"/>
        <line num="561" count="0" type="stmt"/>
        <line num="569" count="0" type="cond" truecount="0" falsecount="2"/>
        <line num="570" count="0" type="stmt"/>
        <line num="578" count="0" type="cond" truecount="0" falsecount="2"/>
        <line num="587" count="1" type="stmt"/>
        <line num="596" count="0" type="stmt"/>
        <line num="606" count="0" type="stmt"/>
        <line num="619" count="0" type="stmt"/>
        <line num="631" count="0" type="stmt"/>
        <line num="632" count="0" type="stmt"/>
        <line num="644" count="1" type="stmt"/>
        <line num="653" count="0" type="stmt"/>
        <line num="665" count="26" type="stmt"/>
        <line num="679" count="5" type="stmt"/>
        <line num="680" count="5" type="stmt"/>
        <line num="681" count="5" type="stmt"/>
        <line num="682" count="5" type="stmt"/>
        <line num="691" count="0" type="stmt"/>
        <line num="692" count="0" type="stmt"/>
        <line num="693" count="0" type="stmt"/>
        <line num="694" count="0" type="stmt"/>
        <line num="703" count="0" type="stmt"/>
        <line num="717" count="43" type="stmt"/>
      </file>
      <file name="EulerAngles.js" path="/Users/mauro/workspace/zea/engine/src/Math/EulerAngles.js">
        <metrics statements="34" coveredstatements="1" conditionals="15" coveredconditionals="0" methods="8" coveredmethods="0"/>
        <line num="24" count="0" type="stmt"/>
        <line num="26" count="0" type="cond" truecount="0" falsecount="2"/>
        <line num="28" count="0" type="cond" truecount="0" falsecount="7"/>
        <line num="30" count="0" type="stmt"/>
        <line num="31" count="0" type="stmt"/>
        <line num="33" count="0" type="stmt"/>
        <line num="34" count="0" type="stmt"/>
        <line num="36" count="0" type="stmt"/>
        <line num="37" count="0" type="stmt"/>
        <line num="39" count="0" type="stmt"/>
        <line num="40" count="0" type="stmt"/>
        <line num="42" count="0" type="stmt"/>
        <line num="43" count="0" type="stmt"/>
        <line num="45" count="0" type="stmt"/>
        <line num="46" count="0" type="stmt"/>
        <line num="48" count="0" type="stmt"/>
        <line num="51" count="0" type="cond" truecount="0" falsecount="2"/>
        <line num="52" count="0" type="stmt"/>
        <line num="53" count="0" type="stmt"/>
        <line num="54" count="0" type="stmt"/>
        <line num="56" count="0" type="stmt"/>
        <line num="57" count="0" type="stmt"/>
        <line num="58" count="0" type="stmt"/>
        <line num="59" count="0" type="stmt"/>
        <line num="69" count="0" type="stmt"/>
        <line num="78" count="0" type="stmt"/>
        <line num="87" count="0" type="stmt"/>
        <line num="96" count="0" type="stmt"/>
        <line num="105" count="0" type="stmt"/>
        <line num="114" count="0" type="stmt"/>
        <line num="125" count="0" type="stmt"/>
        <line num="126" count="0" type="stmt"/>
        <line num="127" count="0" type="stmt"/>
        <line num="131" count="44" type="stmt"/>
      </file>
      <file name="Frustum.js" path="/Users/mauro/workspace/zea/engine/src/Math/Frustum.js">
        <metrics statements="29" coveredstatements="1" conditionals="20" coveredconditionals="0" methods="7" coveredmethods="0"/>
        <line num="24" count="0" type="stmt"/>
        <line num="40" count="0" type="stmt"/>
        <line num="41" count="0" type="stmt"/>
        <line num="42" count="0" type="stmt"/>
        <line num="43" count="0" type="stmt"/>
        <line num="44" count="0" type="stmt"/>
        <line num="45" count="0" type="stmt"/>
        <line num="46" count="0" type="stmt"/>
        <line num="47" count="0" type="stmt"/>
        <line num="49" count="0" type="stmt"/>
        <line num="58" count="0" type="stmt"/>
        <line num="59" count="0" type="stmt"/>
        <line num="60" count="0" type="stmt"/>
        <line num="62" count="0" type="stmt"/>
        <line num="63" count="0" type="stmt"/>
        <line num="66" count="0" type="cond" truecount="0" falsecount="2"/>
        <line num="67" count="0" type="cond" truecount="0" falsecount="2"/>
        <line num="68" count="0" type="cond" truecount="0" falsecount="2"/>
        <line num="70" count="0" type="cond" truecount="0" falsecount="2"/>
        <line num="72" count="0" type="stmt"/>
        <line num="84" count="0" type="stmt"/>
        <line num="100" count="0" type="stmt"/>
        <line num="101" count="0" type="stmt"/>
        <line num="102" count="0" type="stmt"/>
        <line num="103" count="0" type="stmt"/>
        <line num="104" count="0" type="stmt"/>
        <line num="105" count="0" type="stmt"/>
        <line num="114" count="0" type="stmt"/>
        <line num="118" count="43" type="stmt"/>
      </file>
      <file name="Mat3.js" path="/Users/mauro/workspace/zea/engine/src/Math/Mat3.js">
        <metrics statements="124" coveredstatements="21" conditionals="35" coveredconditionals="14" methods="42" coveredmethods="7"/>
        <line num="27" count="15" type="stmt"/>
        <line num="29" count="15" type="cond" truecount="4" falsecount="0"/>
        <line num="30" count="1" type="stmt"/>
        <line num="31" count="14" type="cond" truecount="1" falsecount="1"/>
        <line num="32" count="0" type="stmt"/>
        <line num="33" count="0" type="stmt"/>
        <line num="34" count="0" type="stmt"/>
        <line num="35" count="0" type="stmt"/>
        <line num="37" count="14" type="stmt"/>
        <line num="38" count="14" type="stmt"/>
        <line num="50" count="0" type="stmt"/>
        <line num="59" count="0" type="stmt"/>
        <line num="68" count="0" type="stmt"/>
        <line num="77" count="0" type="stmt"/>
        <line num="86" count="0" type="stmt"/>
        <line num="95" count="0" type="stmt"/>
        <line num="104" count="0" type="stmt"/>
        <line num="113" count="0" type="stmt"/>
        <line num="122" count="0" type="stmt"/>
        <line num="131" count="0" type="stmt"/>
        <line num="140" count="0" type="stmt"/>
        <line num="149" count="0" type="stmt"/>
        <line num="158" count="0" type="stmt"/>
        <line num="167" count="0" type="stmt"/>
        <line num="176" count="0" type="stmt"/>
        <line num="185" count="0" type="stmt"/>
        <line num="194" count="0" type="stmt"/>
        <line num="203" count="0" type="stmt"/>
        <line num="212" count="0" type="stmt"/>
        <line num="221" count="0" type="stmt"/>
        <line num="229" count="0" type="stmt"/>
        <line num="237" count="0" type="stmt"/>
        <line num="245" count="0" type="stmt"/>
        <line num="253" count="0" type="stmt"/>
        <line num="273" count="14" type="stmt"/>
        <line num="274" count="14" type="stmt"/>
        <line num="275" count="14" type="stmt"/>
        <line num="276" count="14" type="stmt"/>
        <line num="277" count="14" type="stmt"/>
        <line num="278" count="14" type="stmt"/>
        <line num="279" count="14" type="stmt"/>
        <line num="280" count="14" type="stmt"/>
        <line num="281" count="14" type="stmt"/>
        <line num="288" count="0" type="stmt"/>
        <line num="299" count="0" type="stmt"/>
        <line num="300" count="0" type="stmt"/>
        <line num="301" count="0" type="stmt"/>
        <line num="302" count="0" type="stmt"/>
        <line num="303" count="0" type="stmt"/>
        <line num="304" count="0" type="stmt"/>
        <line num="305" count="0" type="stmt"/>
        <line num="306" count="0" type="stmt"/>
        <line num="307" count="0" type="stmt"/>
        <line num="317" count="0" type="stmt"/>
        <line num="318" count="0" type="stmt"/>
        <line num="319" count="0" type="cond" truecount="0" falsecount="2"/>
        <line num="320" count="0" type="stmt"/>
        <line num="321" count="0" type="stmt"/>
        <line num="323" count="0" type="stmt"/>
        <line num="325" count="0" type="stmt"/>
        <line num="326" count="0" type="stmt"/>
        <line num="327" count="0" type="cond" truecount="0" falsecount="2"/>
        <line num="329" count="0" type="stmt"/>
        <line num="330" count="0" type="stmt"/>
        <line num="331" count="0" type="cond" truecount="0" falsecount="2"/>
        <line num="333" count="0" type="stmt"/>
        <line num="342" count="0" type="stmt"/>
        <line num="343" count="0" type="stmt"/>
        <line num="344" count="0" type="stmt"/>
        <line num="345" count="0" type="stmt"/>
        <line num="346" count="0" type="stmt"/>
        <line num="347" count="0" type="stmt"/>
        <line num="348" count="0" type="stmt"/>
        <line num="349" count="0" type="stmt"/>
        <line num="350" count="0" type="stmt"/>
        <line num="351" count="0" type="stmt"/>
        <line num="352" count="0" type="stmt"/>
        <line num="353" count="0" type="stmt"/>
        <line num="355" count="0" type="stmt"/>
        <line num="357" count="0" type="cond" truecount="0" falsecount="2"/>
        <line num="358" count="0" type="stmt"/>
        <line num="359" count="0" type="stmt"/>
        <line num="361" count="0" type="stmt"/>
        <line num="363" count="0" type="stmt"/>
        <line num="382" count="0" type="stmt"/>
        <line num="383" count="0" type="stmt"/>
        <line num="384" count="0" type="stmt"/>
        <line num="385" count="0" type="stmt"/>
        <line num="386" count="0" type="stmt"/>
        <line num="387" count="0" type="stmt"/>
        <line num="388" count="0" type="stmt"/>
        <line num="389" count="0" type="stmt"/>
        <line num="390" count="0" type="stmt"/>
        <line num="391" count="0" type="stmt"/>
        <line num="392" count="0" type="stmt"/>
        <line num="393" count="0" type="stmt"/>
        <line num="395" count="0" type="stmt"/>
        <line num="397" count="0" type="cond" truecount="0" falsecount="2"/>
        <line num="398" count="0" type="stmt"/>
        <line num="399" count="0" type="stmt"/>
        <line num="401" count="0" type="stmt"/>
        <line num="403" count="0" type="stmt"/>
        <line num="414" count="0" type="stmt"/>
        <line num="424" count="0" type="stmt"/>
        <line num="442" count="0" type="stmt"/>
        <line num="443" count="0" type="stmt"/>
        <line num="444" count="0" type="stmt"/>
        <line num="446" count="0" type="stmt"/>
        <line num="447" count="0" type="stmt"/>
        <line num="448" count="0" type="stmt"/>
        <line num="449" count="0" type="stmt"/>
        <line num="450" count="0" type="stmt"/>
        <line num="451" count="0" type="stmt"/>
        <line num="461" count="0" type="stmt"/>
        <line num="474" count="1" type="stmt"/>
        <line num="498" count="0" type="stmt"/>
        <line num="511" count="0" type="stmt"/>
        <line num="512" count="0" type="stmt"/>
        <line num="524" count="1" type="stmt"/>
        <line num="536" count="1" type="stmt"/>
        <line num="545" count="4" type="stmt"/>
        <line num="554" count="1" type="stmt"/>
        <line num="566" count="0" type="stmt"/>
        <line num="570" count="46" type="stmt"/>
      </file>
      <file name="Mat4.js" path="/Users/mauro/workspace/zea/engine/src/Math/Mat4.js">
        <metrics statements="505" coveredstatements="103" conditionals="57" coveredconditionals="22" methods="74" coveredmethods="27"/>
        <line num="51" count="117" type="stmt"/>
        <line num="53" count="117" type="cond" truecount="2" falsecount="0"/>
        <line num="54" count="1" type="stmt"/>
        <line num="55" count="116" type="cond" truecount="1" falsecount="1"/>
        <line num="56" count="0" type="stmt"/>
        <line num="57" count="0" type="stmt"/>
        <line num="58" count="0" type="stmt"/>
        <line num="60" count="116" type="stmt"/>
        <line num="61" count="116" type="stmt"/>
        <line num="74" count="0" type="stmt"/>
        <line num="83" count="39" type="stmt"/>
        <line num="92" count="0" type="stmt"/>
        <line num="101" count="39" type="stmt"/>
        <line num="110" count="0" type="stmt"/>
        <line num="119" count="39" type="stmt"/>
        <line num="128" count="0" type="stmt"/>
        <line num="137" count="39" type="stmt"/>
        <line num="146" count="0" type="stmt"/>
        <line num="155" count="39" type="stmt"/>
        <line num="164" count="0" type="stmt"/>
        <line num="173" count="39" type="stmt"/>
        <line num="182" count="0" type="stmt"/>
        <line num="191" count="39" type="stmt"/>
        <line num="200" count="0" type="stmt"/>
        <line num="209" count="39" type="stmt"/>
        <line num="218" count="0" type="stmt"/>
        <line num="227" count="39" type="stmt"/>
        <line num="236" count="0" type="stmt"/>
        <line num="245" count="39" type="stmt"/>
        <line num="254" count="0" type="stmt"/>
        <line num="263" count="39" type="stmt"/>
        <line num="272" count="0" type="stmt"/>
        <line num="281" count="39" type="stmt"/>
        <line num="290" count="0" type="stmt"/>
        <line num="299" count="39" type="stmt"/>
        <line num="308" count="0" type="stmt"/>
        <line num="317" count="39" type="stmt"/>
        <line num="326" count="0" type="stmt"/>
        <line num="335" count="39" type="stmt"/>
        <line num="344" count="0" type="stmt"/>
        <line num="353" count="39" type="stmt"/>
        <line num="362" count="0" type="stmt"/>
        <line num="371" count="0" type="stmt"/>
        <line num="380" count="0" type="stmt"/>
        <line num="389" count="0" type="stmt"/>
        <line num="398" count="0" type="stmt"/>
        <line num="407" count="0" type="stmt"/>
        <line num="416" count="17" type="stmt"/>
        <line num="425" count="16" type="stmt"/>
        <line num="469" count="116" type="stmt"/>
        <line num="470" count="116" type="stmt"/>
        <line num="471" count="116" type="stmt"/>
        <line num="472" count="116" type="stmt"/>
        <line num="473" count="116" type="stmt"/>
        <line num="474" count="116" type="stmt"/>
        <line num="475" count="116" type="stmt"/>
        <line num="476" count="116" type="stmt"/>
        <line num="477" count="116" type="stmt"/>
        <line num="478" count="116" type="stmt"/>
        <line num="479" count="116" type="stmt"/>
        <line num="480" count="116" type="stmt"/>
        <line num="481" count="116" type="stmt"/>
        <line num="482" count="116" type="stmt"/>
        <line num="483" count="116" type="stmt"/>
        <line num="484" count="116" type="stmt"/>
        <line num="491" count="0" type="stmt"/>
        <line num="500" count="0" type="stmt"/>
        <line num="511" count="0" type="stmt"/>
        <line num="512" count="0" type="stmt"/>
        <line num="513" count="0" type="stmt"/>
        <line num="514" count="0" type="stmt"/>
        <line num="515" count="0" type="stmt"/>
        <line num="516" count="0" type="stmt"/>
        <line num="517" count="0" type="stmt"/>
        <line num="518" count="0" type="stmt"/>
        <line num="519" count="0" type="stmt"/>
        <line num="520" count="0" type="stmt"/>
        <line num="521" count="0" type="stmt"/>
        <line num="522" count="0" type="stmt"/>
        <line num="523" count="0" type="stmt"/>
        <line num="524" count="0" type="stmt"/>
        <line num="525" count="0" type="stmt"/>
        <line num="526" count="0" type="stmt"/>
        <line num="536" count="0" type="stmt"/>
        <line num="554" count="0" type="stmt"/>
        <line num="555" count="0" type="stmt"/>
        <line num="556" count="0" type="stmt"/>
        <line num="557" count="0" type="stmt"/>
        <line num="558" count="0" type="stmt"/>
        <line num="559" count="0" type="stmt"/>
        <line num="561" count="0" type="stmt"/>
        <line num="562" count="0" type="stmt"/>
        <line num="563" count="0" type="stmt"/>
        <line num="564" count="0" type="stmt"/>
        <line num="565" count="0" type="stmt"/>
        <line num="566" count="0" type="stmt"/>
        <line num="567" count="0" type="stmt"/>
        <line num="568" count="0" type="stmt"/>
        <line num="569" count="0" type="stmt"/>
        <line num="570" count="0" type="stmt"/>
        <line num="571" count="0" type="stmt"/>
        <line num="572" count="0" type="stmt"/>
        <line num="582" count="0" type="stmt"/>
        <line num="608" count="0" type="stmt"/>
        <line num="609" count="0" type="stmt"/>
        <line num="610" count="0" type="stmt"/>
        <line num="611" count="0" type="stmt"/>
        <line num="612" count="0" type="stmt"/>
        <line num="613" count="0" type="stmt"/>
        <line num="614" count="0" type="stmt"/>
        <line num="615" count="0" type="stmt"/>
        <line num="616" count="0" type="stmt"/>
        <line num="617" count="0" type="stmt"/>
        <line num="618" count="0" type="stmt"/>
        <line num="619" count="0" type="stmt"/>
        <line num="620" count="0" type="stmt"/>
        <line num="621" count="0" type="stmt"/>
        <line num="622" count="0" type="stmt"/>
        <line num="623" count="0" type="stmt"/>
        <line num="625" count="0" type="stmt"/>
        <line num="626" count="0" type="stmt"/>
        <line num="627" count="0" type="stmt"/>
        <line num="628" count="0" type="stmt"/>
        <line num="629" count="0" type="stmt"/>
        <line num="630" count="0" type="stmt"/>
        <line num="631" count="0" type="stmt"/>
        <line num="632" count="0" type="stmt"/>
        <line num="633" count="0" type="stmt"/>
        <line num="634" count="0" type="stmt"/>
        <line num="635" count="0" type="stmt"/>
        <line num="636" count="0" type="stmt"/>
        <line num="639" count="0" type="stmt"/>
        <line num="641" count="0" type="cond" truecount="0" falsecount="2"/>
        <line num="642" count="0" type="stmt"/>
        <line num="643" count="0" type="stmt"/>
        <line num="645" count="0" type="stmt"/>
        <line num="647" count="0" type="stmt"/>
        <line num="673" count="0" type="stmt"/>
        <line num="674" count="0" type="stmt"/>
        <line num="675" count="0" type="stmt"/>
        <line num="676" count="0" type="stmt"/>
        <line num="677" count="0" type="stmt"/>
        <line num="678" count="0" type="stmt"/>
        <line num="679" count="0" type="stmt"/>
        <line num="680" count="0" type="stmt"/>
        <line num="681" count="0" type="stmt"/>
        <line num="682" count="0" type="stmt"/>
        <line num="683" count="0" type="stmt"/>
        <line num="684" count="0" type="stmt"/>
        <line num="685" count="0" type="stmt"/>
        <line num="686" count="0" type="stmt"/>
        <line num="687" count="0" type="stmt"/>
        <line num="688" count="0" type="stmt"/>
        <line num="690" count="0" type="stmt"/>
        <line num="691" count="0" type="stmt"/>
        <line num="692" count="0" type="stmt"/>
        <line num="693" count="0" type="stmt"/>
        <line num="694" count="0" type="stmt"/>
        <line num="695" count="0" type="stmt"/>
        <line num="696" count="0" type="stmt"/>
        <line num="697" count="0" type="stmt"/>
        <line num="698" count="0" type="stmt"/>
        <line num="699" count="0" type="stmt"/>
        <line num="700" count="0" type="stmt"/>
        <line num="701" count="0" type="stmt"/>
        <line num="704" count="0" type="stmt"/>
        <line num="706" count="0" type="cond" truecount="0" falsecount="2"/>
        <line num="707" count="0" type="stmt"/>
        <line num="708" count="0" type="stmt"/>
        <line num="710" count="0" type="stmt"/>
        <line num="712" count="0" type="stmt"/>
        <line num="730" count="0" type="stmt"/>
        <line num="740" count="0" type="stmt"/>
        <line num="741" count="0" type="stmt"/>
        <line num="742" count="0" type="stmt"/>
        <line num="743" count="0" type="stmt"/>
        <line num="744" count="0" type="stmt"/>
        <line num="745" count="0" type="stmt"/>
        <line num="746" count="0" type="stmt"/>
        <line num="747" count="0" type="stmt"/>
        <line num="748" count="0" type="stmt"/>
        <line num="749" count="0" type="stmt"/>
        <line num="750" count="0" type="stmt"/>
        <line num="751" count="0" type="stmt"/>
        <line num="752" count="0" type="stmt"/>
        <line num="753" count="0" type="stmt"/>
        <line num="754" count="0" type="stmt"/>
        <line num="755" count="0" type="stmt"/>
        <line num="757" count="0" type="stmt"/>
        <line num="758" count="0" type="stmt"/>
        <line num="759" count="0" type="stmt"/>
        <line num="760" count="0" type="stmt"/>
        <line num="761" count="0" type="stmt"/>
        <line num="762" count="0" type="stmt"/>
        <line num="763" count="0" type="stmt"/>
        <line num="764" count="0" type="stmt"/>
        <line num="765" count="0" type="stmt"/>
        <line num="766" count="0" type="stmt"/>
        <line num="767" count="0" type="stmt"/>
        <line num="768" count="0" type="stmt"/>
        <line num="771" count="0" type="stmt"/>
        <line num="773" count="0" type="cond" truecount="0" falsecount="2"/>
        <line num="774" count="0" type="stmt"/>
        <line num="775" count="0" type="stmt"/>
        <line num="777" count="0" type="stmt"/>
        <line num="779" count="0" type="stmt"/>
        <line num="806" count="39" type="stmt"/>
        <line num="807" count="39" type="stmt"/>
        <line num="808" count="39" type="stmt"/>
        <line num="809" count="39" type="stmt"/>
        <line num="810" count="39" type="stmt"/>
        <line num="811" count="39" type="stmt"/>
        <line num="812" count="39" type="stmt"/>
        <line num="813" count="39" type="stmt"/>
        <line num="814" count="39" type="stmt"/>
        <line num="815" count="39" type="stmt"/>
        <line num="816" count="39" type="stmt"/>
        <line num="817" count="39" type="stmt"/>
        <line num="818" count="39" type="stmt"/>
        <line num="819" count="39" type="stmt"/>
        <line num="820" count="39" type="stmt"/>
        <line num="821" count="39" type="stmt"/>
        <line num="824" count="39" type="stmt"/>
        <line num="825" count="39" type="stmt"/>
        <line num="826" count="39" type="stmt"/>
        <line num="827" count="39" type="stmt"/>
        <line num="828" count="39" type="stmt"/>
        <line num="829" count="39" type="stmt"/>
        <line num="830" count="39" type="stmt"/>
        <line num="831" count="39" type="stmt"/>
        <line num="832" count="39" type="stmt"/>
        <line num="833" count="39" type="stmt"/>
        <line num="835" count="39" type="stmt"/>
        <line num="836" count="39" type="stmt"/>
        <line num="837" count="39" type="stmt"/>
        <line num="838" count="39" type="stmt"/>
        <line num="839" count="39" type="stmt"/>
        <line num="840" count="39" type="stmt"/>
        <line num="841" count="39" type="stmt"/>
        <line num="842" count="39" type="stmt"/>
        <line num="844" count="39" type="stmt"/>
        <line num="845" count="39" type="stmt"/>
        <line num="846" count="39" type="stmt"/>
        <line num="847" count="39" type="stmt"/>
        <line num="848" count="39" type="stmt"/>
        <line num="849" count="39" type="stmt"/>
        <line num="850" count="39" type="stmt"/>
        <line num="851" count="39" type="stmt"/>
        <line num="853" count="39" type="stmt"/>
        <line num="854" count="39" type="stmt"/>
        <line num="855" count="39" type="stmt"/>
        <line num="856" count="39" type="stmt"/>
        <line num="857" count="39" type="stmt"/>
        <line num="858" count="39" type="stmt"/>
        <line num="859" count="39" type="stmt"/>
        <line num="860" count="39" type="stmt"/>
        <line num="861" count="39" type="stmt"/>
        <line num="871" count="0" type="stmt"/>
        <line num="872" count="0" type="stmt"/>
        <line num="873" count="0" type="stmt"/>
        <line num="874" count="0" type="stmt"/>
        <line num="875" count="0" type="stmt"/>
        <line num="876" count="0" type="stmt"/>
        <line num="877" count="0" type="stmt"/>
        <line num="878" count="0" type="stmt"/>
        <line num="879" count="0" type="stmt"/>
        <line num="880" count="0" type="stmt"/>
        <line num="881" count="0" type="stmt"/>
        <line num="882" count="0" type="stmt"/>
        <line num="883" count="0" type="stmt"/>
        <line num="884" count="0" type="stmt"/>
        <line num="885" count="0" type="stmt"/>
        <line num="886" count="0" type="stmt"/>
        <line num="887" count="0" type="stmt"/>
        <line num="890" count="0" type="stmt"/>
        <line num="891" count="0" type="stmt"/>
        <line num="892" count="0" type="stmt"/>
        <line num="893" count="0" type="stmt"/>
        <line num="894" count="0" type="stmt"/>
        <line num="895" count="0" type="stmt"/>
        <line num="896" count="0" type="stmt"/>
        <line num="897" count="0" type="stmt"/>
        <line num="898" count="0" type="stmt"/>
        <line num="900" count="0" type="stmt"/>
        <line num="901" count="0" type="stmt"/>
        <line num="902" count="0" type="stmt"/>
        <line num="903" count="0" type="stmt"/>
        <line num="904" count="0" type="stmt"/>
        <line num="905" count="0" type="stmt"/>
        <line num="906" count="0" type="stmt"/>
        <line num="907" count="0" type="stmt"/>
        <line num="909" count="0" type="stmt"/>
        <line num="910" count="0" type="stmt"/>
        <line num="911" count="0" type="stmt"/>
        <line num="912" count="0" type="stmt"/>
        <line num="913" count="0" type="stmt"/>
        <line num="914" count="0" type="stmt"/>
        <line num="915" count="0" type="stmt"/>
        <line num="916" count="0" type="stmt"/>
        <line num="918" count="0" type="stmt"/>
        <line num="919" count="0" type="stmt"/>
        <line num="920" count="0" type="stmt"/>
        <line num="921" count="0" type="stmt"/>
        <line num="922" count="0" type="stmt"/>
        <line num="923" count="0" type="stmt"/>
        <line num="924" count="0" type="stmt"/>
        <line num="925" count="0" type="stmt"/>
        <line num="926" count="0" type="stmt"/>
        <line num="936" count="0" type="stmt"/>
        <line num="937" count="0" type="stmt"/>
        <line num="938" count="0" type="stmt"/>
        <line num="939" count="0" type="stmt"/>
        <line num="940" count="0" type="stmt"/>
        <line num="941" count="0" type="stmt"/>
        <line num="942" count="0" type="stmt"/>
        <line num="943" count="0" type="stmt"/>
        <line num="944" count="0" type="stmt"/>
        <line num="945" count="0" type="stmt"/>
        <line num="946" count="0" type="stmt"/>
        <line num="947" count="0" type="stmt"/>
        <line num="948" count="0" type="stmt"/>
        <line num="949" count="0" type="stmt"/>
        <line num="950" count="0" type="stmt"/>
        <line num="951" count="0" type="stmt"/>
        <line num="952" count="0" type="stmt"/>
        <line num="955" count="0" type="stmt"/>
        <line num="956" count="0" type="stmt"/>
        <line num="957" count="0" type="stmt"/>
        <line num="958" count="0" type="stmt"/>
        <line num="959" count="0" type="stmt"/>
        <line num="960" count="0" type="stmt"/>
        <line num="961" count="0" type="stmt"/>
        <line num="962" count="0" type="stmt"/>
        <line num="963" count="0" type="stmt"/>
        <line num="965" count="0" type="stmt"/>
        <line num="966" count="0" type="stmt"/>
        <line num="967" count="0" type="stmt"/>
        <line num="968" count="0" type="stmt"/>
        <line num="969" count="0" type="stmt"/>
        <line num="970" count="0" type="stmt"/>
        <line num="971" count="0" type="stmt"/>
        <line num="972" count="0" type="stmt"/>
        <line num="974" count="0" type="stmt"/>
        <line num="975" count="0" type="stmt"/>
        <line num="976" count="0" type="stmt"/>
        <line num="977" count="0" type="stmt"/>
        <line num="978" count="0" type="stmt"/>
        <line num="979" count="0" type="stmt"/>
        <line num="980" count="0" type="stmt"/>
        <line num="981" count="0" type="stmt"/>
        <line num="983" count="0" type="stmt"/>
        <line num="984" count="0" type="stmt"/>
        <line num="985" count="0" type="stmt"/>
        <line num="986" count="0" type="stmt"/>
        <line num="987" count="0" type="stmt"/>
        <line num="988" count="0" type="stmt"/>
        <line num="989" count="0" type="stmt"/>
        <line num="990" count="0" type="stmt"/>
        <line num="991" count="0" type="stmt"/>
        <line num="1001" count="0" type="stmt"/>
        <line num="1002" count="0" type="stmt"/>
        <line num="1003" count="0" type="stmt"/>
        <line num="1004" count="0" type="stmt"/>
        <line num="1005" count="0" type="stmt"/>
        <line num="1006" count="0" type="stmt"/>
        <line num="1007" count="0" type="stmt"/>
        <line num="1008" count="0" type="stmt"/>
        <line num="1009" count="0" type="stmt"/>
        <line num="1020" count="0" type="stmt"/>
        <line num="1021" count="0" type="stmt"/>
        <line num="1022" count="0" type="cond" truecount="0" falsecount="2"/>
        <line num="1023" count="0" type="stmt"/>
        <line num="1024" count="0" type="stmt"/>
        <line num="1026" count="0" type="stmt"/>
        <line num="1028" count="0" type="stmt"/>
        <line num="1029" count="0" type="stmt"/>
        <line num="1030" count="0" type="cond" truecount="0" falsecount="2"/>
        <line num="1032" count="0" type="stmt"/>
        <line num="1033" count="0" type="stmt"/>
        <line num="1034" count="0" type="cond" truecount="0" falsecount="2"/>
        <line num="1037" count="0" type="stmt"/>
        <line num="1070" count="0" type="stmt"/>
        <line num="1072" count="0" type="cond" truecount="0" falsecount="2"/>
        <line num="1073" count="0" type="stmt"/>
        <line num="1076" count="0" type="stmt"/>
        <line num="1077" count="0" type="stmt"/>
        <line num="1078" count="0" type="stmt"/>
        <line num="1080" count="0" type="stmt"/>
        <line num="1081" count="0" type="stmt"/>
        <line num="1082" count="0" type="stmt"/>
        <line num="1085" count="0" type="stmt"/>
        <line num="1086" count="0" type="stmt"/>
        <line num="1087" count="0" type="stmt"/>
        <line num="1088" count="0" type="stmt"/>
        <line num="1089" count="0" type="stmt"/>
        <line num="1090" count="0" type="stmt"/>
        <line num="1091" count="0" type="stmt"/>
        <line num="1092" count="0" type="stmt"/>
        <line num="1093" count="0" type="stmt"/>
        <line num="1094" count="0" type="stmt"/>
        <line num="1095" count="0" type="stmt"/>
        <line num="1096" count="0" type="stmt"/>
        <line num="1097" count="0" type="stmt"/>
        <line num="1098" count="0" type="stmt"/>
        <line num="1099" count="0" type="stmt"/>
        <line num="1100" count="0" type="stmt"/>
        <line num="1101" count="0" type="stmt"/>
        <line num="1102" count="0" type="stmt"/>
        <line num="1116" count="0" type="stmt"/>
        <line num="1117" count="0" type="stmt"/>
        <line num="1120" count="0" type="stmt"/>
        <line num="1122" count="0" type="stmt"/>
        <line num="1123" count="0" type="stmt"/>
        <line num="1124" count="0" type="stmt"/>
        <line num="1125" count="0" type="stmt"/>
        <line num="1126" count="0" type="stmt"/>
        <line num="1127" count="0" type="stmt"/>
        <line num="1128" count="0" type="stmt"/>
        <line num="1129" count="0" type="stmt"/>
        <line num="1130" count="0" type="stmt"/>
        <line num="1131" count="0" type="stmt"/>
        <line num="1132" count="0" type="stmt"/>
        <line num="1133" count="0" type="stmt"/>
        <line num="1134" count="0" type="stmt"/>
        <line num="1135" count="0" type="stmt"/>
        <line num="1136" count="0" type="stmt"/>
        <line num="1137" count="0" type="stmt"/>
        <line num="1139" count="0" type="stmt"/>
        <line num="1153" count="0" type="stmt"/>
        <line num="1154" count="0" type="stmt"/>
        <line num="1157" count="0" type="stmt"/>
        <line num="1159" count="0" type="stmt"/>
        <line num="1160" count="0" type="stmt"/>
        <line num="1161" count="0" type="stmt"/>
        <line num="1162" count="0" type="stmt"/>
        <line num="1163" count="0" type="stmt"/>
        <line num="1164" count="0" type="stmt"/>
        <line num="1165" count="0" type="stmt"/>
        <line num="1166" count="0" type="stmt"/>
        <line num="1167" count="0" type="stmt"/>
        <line num="1168" count="0" type="stmt"/>
        <line num="1169" count="0" type="stmt"/>
        <line num="1170" count="0" type="stmt"/>
        <line num="1171" count="0" type="stmt"/>
        <line num="1172" count="0" type="stmt"/>
        <line num="1173" count="0" type="stmt"/>
        <line num="1174" count="0" type="stmt"/>
        <line num="1176" count="0" type="stmt"/>
        <line num="1190" count="0" type="stmt"/>
        <line num="1191" count="0" type="stmt"/>
        <line num="1194" count="0" type="stmt"/>
        <line num="1196" count="0" type="stmt"/>
        <line num="1197" count="0" type="stmt"/>
        <line num="1198" count="0" type="stmt"/>
        <line num="1199" count="0" type="stmt"/>
        <line num="1200" count="0" type="stmt"/>
        <line num="1201" count="0" type="stmt"/>
        <line num="1202" count="0" type="stmt"/>
        <line num="1203" count="0" type="stmt"/>
        <line num="1204" count="0" type="stmt"/>
        <line num="1205" count="0" type="stmt"/>
        <line num="1206" count="0" type="stmt"/>
        <line num="1207" count="0" type="stmt"/>
        <line num="1208" count="0" type="stmt"/>
        <line num="1209" count="0" type="stmt"/>
        <line num="1210" count="0" type="stmt"/>
        <line num="1211" count="0" type="stmt"/>
        <line num="1213" count="0" type="stmt"/>
        <line num="1223" count="0" type="stmt"/>
        <line num="1224" count="0" type="stmt"/>
        <line num="1225" count="0" type="stmt"/>
        <line num="1226" count="0" type="stmt"/>
        <line num="1227" count="0" type="stmt"/>
        <line num="1228" count="0" type="stmt"/>
        <line num="1243" count="32" type="stmt"/>
        <line num="1244" count="32" type="stmt"/>
        <line num="1245" count="32" type="stmt"/>
        <line num="1246" count="32" type="stmt"/>
        <line num="1247" count="32" type="stmt"/>
        <line num="1260" count="0" type="stmt"/>
        <line num="1261" count="0" type="stmt"/>
        <line num="1262" count="0" type="stmt"/>
        <line num="1263" count="0" type="stmt"/>
        <line num="1264" count="0" type="stmt"/>
        <line num="1276" count="0" type="stmt"/>
        <line num="1277" count="0" type="stmt"/>
        <line num="1279" count="0" type="stmt"/>
        <line num="1294" count="0" type="stmt"/>
        <line num="1295" count="0" type="stmt"/>
        <line num="1296" count="0" type="stmt"/>
        <line num="1298" count="0" type="stmt"/>
        <line num="1328" count="0" type="cond" truecount="0" falsecount="2"/>
        <line num="1329" count="0" type="stmt"/>
        <line num="1331" count="0" type="stmt"/>
        <line num="1343" count="0" type="stmt"/>
        <line num="1374" count="0" type="stmt"/>
        <line num="1375" count="0" type="stmt"/>
        <line num="1387" count="1" type="stmt"/>
        <line num="1396" count="1" type="stmt"/>
        <line num="1426" count="0" type="stmt"/>
        <line num="1438" count="11" type="stmt"/>
        <line num="1447" count="2" type="cond" truecount="2" falsecount="0"/>
        <line num="1448" count="1" type="cond" truecount="1" falsecount="1"/>
        <line num="1457" count="1" type="stmt"/>
        <line num="1461" count="45" type="stmt"/>
      </file>
      <file name="PlaneType.js" path="/Users/mauro/workspace/zea/engine/src/Math/PlaneType.js">
        <metrics statements="18" coveredstatements="1" conditionals="3" coveredconditionals="0" methods="9" coveredmethods="0"/>
        <line num="21" count="0" type="stmt"/>
        <line num="22" count="0" type="cond" truecount="0" falsecount="2"/>
        <line num="23" count="0" type="stmt"/>
        <line num="25" count="0" type="stmt"/>
        <line num="27" count="0" type="stmt"/>
        <line num="39" count="0" type="stmt"/>
        <line num="40" count="0" type="stmt"/>
        <line num="49" count="0" type="stmt"/>
        <line num="50" count="0" type="stmt"/>
        <line num="60" count="0" type="stmt"/>
        <line num="67" count="0" type="stmt"/>
        <line num="68" count="0" type="stmt"/>
        <line num="69" count="0" type="stmt"/>
        <line num="78" count="0" type="stmt"/>
        <line num="91" count="0" type="stmt"/>
        <line num="103" count="0" type="stmt"/>
        <line num="115" count="0" type="stmt"/>
        <line num="119" count="44" type="stmt"/>
      </file>
      <file name="Quat.js" path="/Users/mauro/workspace/zea/engine/src/Math/Quat.js">
        <metrics statements="410" coveredstatements="109" conditionals="84" coveredconditionals="20" methods="61" coveredmethods="28"/>
        <line num="26" count="858" type="stmt"/>
        <line num="28" count="858" type="cond" truecount="2" falsecount="0"/>
        <line num="29" count="1" type="stmt"/>
        <line num="30" count="857" type="cond" truecount="1" falsecount="1"/>
        <line num="31" count="0" type="stmt"/>
        <line num="32" count="0" type="stmt"/>
        <line num="33" count="0" type="stmt"/>
        <line num="34" count="0" type="stmt"/>
        <line num="36" count="857" type="stmt"/>
        <line num="37" count="857" type="cond" truecount="1" falsecount="1"/>
        <line num="38" count="0" type="stmt"/>
        <line num="39" count="0" type="stmt"/>
        <line num="40" count="0" type="stmt"/>
        <line num="41" count="0" type="stmt"/>
        <line num="42" count="0" type="stmt"/>
        <line num="43" count="0" type="cond" truecount="0" falsecount="2"/>
        <line num="44" count="0" type="stmt"/>
        <line num="47" count="857" type="stmt"/>
        <line num="48" count="857" type="stmt"/>
        <line num="49" count="857" type="stmt"/>
        <line num="50" count="857" type="stmt"/>
        <line num="61" count="390" type="stmt"/>
        <line num="70" count="32" type="stmt"/>
        <line num="79" count="390" type="stmt"/>
        <line num="88" count="32" type="stmt"/>
        <line num="97" count="390" type="stmt"/>
        <line num="106" count="32" type="stmt"/>
        <line num="115" count="287" type="stmt"/>
        <line num="123" count="32" type="stmt"/>
        <line num="133" count="1" type="cond" truecount="4" falsecount="0"/>
        <line num="145" count="48" type="stmt"/>
        <line num="146" count="48" type="stmt"/>
        <line num="147" count="48" type="stmt"/>
        <line num="148" count="48" type="stmt"/>
        <line num="157" count="0" type="stmt"/>
        <line num="166" count="0" type="stmt"/>
        <line num="167" count="0" type="stmt"/>
        <line num="168" count="0" type="stmt"/>
        <line num="169" count="0" type="stmt"/>
        <line num="178" count="0" type="stmt"/>
        <line num="180" count="0" type="cond" truecount="0" falsecount="7"/>
        <line num="183" count="0" type="stmt"/>
        <line num="184" count="0" type="stmt"/>
        <line num="187" count="0" type="stmt"/>
        <line num="188" count="0" type="stmt"/>
        <line num="191" count="0" type="stmt"/>
        <line num="192" count="0" type="stmt"/>
        <line num="195" count="0" type="stmt"/>
        <line num="196" count="0" type="stmt"/>
        <line num="199" count="0" type="stmt"/>
        <line num="200" count="0" type="stmt"/>
        <line num="203" count="0" type="stmt"/>
        <line num="204" count="0" type="stmt"/>
        <line num="206" count="0" type="stmt"/>
        <line num="209" count="0" type="stmt"/>
        <line num="210" count="0" type="stmt"/>
        <line num="211" count="0" type="stmt"/>
        <line num="212" count="0" type="stmt"/>
        <line num="213" count="0" type="stmt"/>
        <line num="214" count="0" type="stmt"/>
        <line num="215" count="0" type="stmt"/>
        <line num="216" count="0" type="stmt"/>
        <line num="217" count="0" type="stmt"/>
        <line num="218" count="0" type="stmt"/>
        <line num="219" count="0" type="stmt"/>
        <line num="220" count="0" type="stmt"/>
        <line num="221" count="0" type="stmt"/>
        <line num="222" count="0" type="stmt"/>
        <line num="223" count="0" type="stmt"/>
        <line num="224" count="0" type="stmt"/>
        <line num="226" count="0" type="stmt"/>
        <line num="228" count="0" type="cond" truecount="0" falsecount="7"/>
        <line num="231" count="0" type="stmt"/>
        <line num="232" count="0" type="stmt"/>
        <line num="233" count="0" type="stmt"/>
        <line num="234" count="0" type="stmt"/>
        <line num="237" count="0" type="stmt"/>
        <line num="238" count="0" type="stmt"/>
        <line num="239" count="0" type="stmt"/>
        <line num="240" count="0" type="stmt"/>
        <line num="243" count="0" type="stmt"/>
        <line num="244" count="0" type="stmt"/>
        <line num="245" count="0" type="stmt"/>
        <line num="246" count="0" type="stmt"/>
        <line num="249" count="0" type="stmt"/>
        <line num="250" count="0" type="stmt"/>
        <line num="251" count="0" type="stmt"/>
        <line num="252" count="0" type="stmt"/>
        <line num="255" count="0" type="stmt"/>
        <line num="256" count="0" type="stmt"/>
        <line num="257" count="0" type="stmt"/>
        <line num="258" count="0" type="stmt"/>
        <line num="261" count="0" type="stmt"/>
        <line num="262" count="0" type="stmt"/>
        <line num="263" count="0" type="stmt"/>
        <line num="264" count="0" type="stmt"/>
        <line num="266" count="0" type="stmt"/>
        <line num="277" count="0" type="stmt"/>
        <line num="278" count="0" type="cond" truecount="0" falsecount="7"/>
        <line num="281" count="0" type="stmt"/>
        <line num="282" count="0" type="stmt"/>
        <line num="285" count="0" type="stmt"/>
        <line num="286" count="0" type="stmt"/>
        <line num="289" count="0" type="stmt"/>
        <line num="290" count="0" type="stmt"/>
        <line num="293" count="0" type="stmt"/>
        <line num="294" count="0" type="stmt"/>
        <line num="297" count="0" type="stmt"/>
        <line num="298" count="0" type="stmt"/>
        <line num="301" count="0" type="stmt"/>
        <line num="302" count="0" type="stmt"/>
        <line num="304" count="0" type="stmt"/>
        <line num="307" count="0" type="stmt"/>
        <line num="308" count="0" type="stmt"/>
        <line num="309" count="0" type="cond" truecount="0" falsecount="2"/>
        <line num="311" count="0" type="stmt"/>
        <line num="312" count="0" type="stmt"/>
        <line num="313" count="0" type="stmt"/>
        <line num="314" count="0" type="cond" truecount="0" falsecount="2"/>
        <line num="316" count="0" type="stmt"/>
        <line num="317" count="0" type="stmt"/>
        <line num="318" count="0" type="stmt"/>
        <line num="320" count="0" type="stmt"/>
        <line num="321" count="0" type="stmt"/>
        <line num="322" count="0" type="stmt"/>
        <line num="323" count="0" type="stmt"/>
        <line num="324" count="0" type="stmt"/>
        <line num="325" count="0" type="stmt"/>
        <line num="328" count="0" type="cond" truecount="0" falsecount="6"/>
        <line num="331" count="0" type="stmt"/>
        <line num="334" count="0" type="stmt"/>
        <line num="337" count="0" type="stmt"/>
        <line num="340" count="0" type="stmt"/>
        <line num="343" count="0" type="stmt"/>
        <line num="346" count="0" type="stmt"/>
        <line num="357" count="3" type="stmt"/>
        <line num="358" count="3" type="stmt"/>
        <line num="359" count="3" type="stmt"/>
        <line num="369" count="0" type="stmt"/>
        <line num="370" count="0" type="stmt"/>
        <line num="371" count="0" type="stmt"/>
        <line num="381" count="0" type="stmt"/>
        <line num="382" count="0" type="stmt"/>
        <line num="383" count="0" type="stmt"/>
        <line num="385" count="0" type="stmt"/>
        <line num="386" count="0" type="stmt"/>
        <line num="397" count="0" type="stmt"/>
        <line num="400" count="0" type="cond" truecount="0" falsecount="2"/>
        <line num="402" count="0" type="stmt"/>
        <line num="403" count="0" type="stmt"/>
        <line num="404" count="0" type="stmt"/>
        <line num="405" count="0" type="stmt"/>
        <line num="406" count="0" type="stmt"/>
        <line num="407" count="0" type="stmt"/>
        <line num="410" count="0" type="stmt"/>
        <line num="411" count="0" type="cond" truecount="0" falsecount="2"/>
        <line num="412" count="0" type="cond" truecount="0" falsecount="2"/>
        <line num="413" count="0" type="stmt"/>
        <line num="414" count="0" type="stmt"/>
        <line num="416" count="0" type="stmt"/>
        <line num="417" count="0" type="stmt"/>
        <line num="418" count="0" type="stmt"/>
        <line num="419" count="0" type="stmt"/>
        <line num="420" count="0" type="stmt"/>
        <line num="421" count="0" type="stmt"/>
        <line num="423" count="0" type="stmt"/>
        <line num="434" count="1" type="stmt"/>
        <line num="437" count="1" type="cond" truecount="1" falsecount="1"/>
        <line num="439" count="0" type="stmt"/>
        <line num="440" count="0" type="stmt"/>
        <line num="441" count="0" type="stmt"/>
        <line num="442" count="0" type="stmt"/>
        <line num="443" count="0" type="stmt"/>
        <line num="444" count="0" type="stmt"/>
        <line num="447" count="1" type="stmt"/>
        <line num="448" count="1" type="cond" truecount="1" falsecount="1"/>
        <line num="449" count="1" type="cond" truecount="1" falsecount="1"/>
        <line num="450" count="1" type="stmt"/>
        <line num="451" count="1" type="stmt"/>
        <line num="453" count="1" type="stmt"/>
        <line num="454" count="1" type="stmt"/>
        <line num="455" count="1" type="stmt"/>
        <line num="456" count="1" type="stmt"/>
        <line num="457" count="1" type="stmt"/>
        <line num="458" count="1" type="stmt"/>
        <line num="460" count="1" type="stmt"/>
        <line num="469" count="1" type="stmt"/>
        <line num="478" count="1" type="stmt"/>
        <line num="488" count="0" type="cond" truecount="0" falsecount="4"/>
        <line num="498" count="0" type="cond" truecount="0" falsecount="4"/>
        <line num="509" count="3" type="stmt"/>
        <line num="524" count="0" type="stmt"/>
        <line num="533" count="29" type="stmt"/>
        <line num="534" count="29" type="stmt"/>
        <line num="535" count="29" type="stmt"/>
        <line num="536" count="29" type="stmt"/>
        <line num="546" count="0" type="stmt"/>
        <line num="556" count="0" type="stmt"/>
        <line num="565" count="0" type="stmt"/>
        <line num="566" count="0" type="stmt"/>
        <line num="567" count="0" type="stmt"/>
        <line num="568" count="0" type="stmt"/>
        <line num="577" count="0" type="stmt"/>
        <line num="578" count="0" type="stmt"/>
        <line num="579" count="0" type="stmt"/>
        <line num="580" count="0" type="stmt"/>
        <line num="581" count="0" type="stmt"/>
        <line num="590" count="0" type="stmt"/>
        <line num="591" count="0" type="stmt"/>
        <line num="592" count="0" type="stmt"/>
        <line num="593" count="0" type="stmt"/>
        <line num="594" count="0" type="stmt"/>
        <line num="603" count="0" type="stmt"/>
        <line num="604" count="0" type="stmt"/>
        <line num="605" count="0" type="stmt"/>
        <line num="606" count="0" type="stmt"/>
        <line num="607" count="0" type="stmt"/>
        <line num="608" count="0" type="cond" truecount="0" falsecount="2"/>
        <line num="609" count="0" type="stmt"/>
        <line num="613" count="0" type="stmt"/>
        <line num="614" count="0" type="stmt"/>
        <line num="621" count="28" type="stmt"/>
        <line num="622" count="28" type="stmt"/>
        <line num="623" count="28" type="stmt"/>
        <line num="624" count="28" type="stmt"/>
        <line num="625" count="28" type="stmt"/>
        <line num="626" count="28" type="cond" truecount="1" falsecount="1"/>
        <line num="627" count="0" type="stmt"/>
        <line num="629" count="28" type="stmt"/>
        <line num="630" count="28" type="stmt"/>
        <line num="640" count="0" type="stmt"/>
        <line num="650" count="0" type="stmt"/>
        <line num="651" count="0" type="stmt"/>
        <line num="652" count="0" type="stmt"/>
        <line num="653" count="0" type="stmt"/>
        <line num="654" count="0" type="stmt"/>
        <line num="655" count="0" type="stmt"/>
        <line num="656" count="0" type="stmt"/>
        <line num="657" count="0" type="stmt"/>
        <line num="659" count="0" type="stmt"/>
        <line num="670" count="155" type="stmt"/>
        <line num="679" count="51" type="stmt"/>
        <line num="689" count="0" type="cond" truecount="0" falsecount="2"/>
        <line num="690" count="0" type="stmt"/>
        <line num="710" count="258" type="stmt"/>
        <line num="711" count="258" type="stmt"/>
        <line num="712" count="258" type="stmt"/>
        <line num="713" count="258" type="stmt"/>
        <line num="714" count="258" type="stmt"/>
        <line num="715" count="258" type="stmt"/>
        <line num="716" count="258" type="stmt"/>
        <line num="717" count="258" type="stmt"/>
        <line num="719" count="258" type="stmt"/>
        <line num="733" count="0" type="stmt"/>
        <line num="734" count="0" type="stmt"/>
        <line num="735" count="0" type="stmt"/>
        <line num="736" count="0" type="stmt"/>
        <line num="737" count="0" type="stmt"/>
        <line num="738" count="0" type="stmt"/>
        <line num="739" count="0" type="stmt"/>
        <line num="740" count="0" type="stmt"/>
        <line num="742" count="0" type="stmt"/>
        <line num="759" count="104" type="stmt"/>
        <line num="760" count="104" type="stmt"/>
        <line num="761" count="104" type="stmt"/>
        <line num="770" count="0" type="stmt"/>
        <line num="772" count="0" type="stmt"/>
        <line num="773" count="0" type="stmt"/>
        <line num="774" count="0" type="stmt"/>
        <line num="775" count="0" type="stmt"/>
        <line num="776" count="0" type="stmt"/>
        <line num="777" count="0" type="stmt"/>
        <line num="779" count="0" type="stmt"/>
        <line num="780" count="0" type="stmt"/>
        <line num="781" count="0" type="stmt"/>
        <line num="782" count="0" type="stmt"/>
        <line num="791" count="0" type="stmt"/>
        <line num="793" count="0" type="stmt"/>
        <line num="794" count="0" type="stmt"/>
        <line num="795" count="0" type="stmt"/>
        <line num="796" count="0" type="stmt"/>
        <line num="797" count="0" type="stmt"/>
        <line num="798" count="0" type="stmt"/>
        <line num="800" count="0" type="stmt"/>
        <line num="801" count="0" type="stmt"/>
        <line num="802" count="0" type="stmt"/>
        <line num="803" count="0" type="stmt"/>
        <line num="812" count="0" type="stmt"/>
        <line num="814" count="0" type="stmt"/>
        <line num="815" count="0" type="stmt"/>
        <line num="816" count="0" type="stmt"/>
        <line num="817" count="0" type="stmt"/>
        <line num="818" count="0" type="stmt"/>
        <line num="819" count="0" type="stmt"/>
        <line num="821" count="0" type="stmt"/>
        <line num="822" count="0" type="stmt"/>
        <line num="823" count="0" type="stmt"/>
        <line num="824" count="0" type="stmt"/>
        <line num="833" count="0" type="stmt"/>
        <line num="834" count="0" type="stmt"/>
        <line num="835" count="0" type="stmt"/>
        <line num="836" count="0" type="stmt"/>
        <line num="837" count="0" type="stmt"/>
        <line num="838" count="0" type="stmt"/>
        <line num="839" count="0" type="stmt"/>
        <line num="840" count="0" type="stmt"/>
        <line num="841" count="0" type="stmt"/>
        <line num="842" count="0" type="stmt"/>
        <line num="843" count="0" type="stmt"/>
        <line num="844" count="0" type="stmt"/>
        <line num="845" count="0" type="stmt"/>
        <line num="846" count="0" type="stmt"/>
        <line num="847" count="0" type="stmt"/>
        <line num="848" count="0" type="stmt"/>
        <line num="850" count="0" type="stmt"/>
        <line num="851" count="0" type="stmt"/>
        <line num="852" count="0" type="stmt"/>
        <line num="853" count="0" type="stmt"/>
        <line num="855" count="0" type="stmt"/>
        <line num="856" count="0" type="stmt"/>
        <line num="857" count="0" type="stmt"/>
        <line num="859" count="0" type="stmt"/>
        <line num="860" count="0" type="stmt"/>
        <line num="861" count="0" type="stmt"/>
        <line num="863" count="0" type="stmt"/>
        <line num="872" count="0" type="stmt"/>
        <line num="873" count="0" type="stmt"/>
        <line num="874" count="0" type="stmt"/>
        <line num="875" count="0" type="stmt"/>
        <line num="876" count="0" type="stmt"/>
        <line num="877" count="0" type="stmt"/>
        <line num="879" count="0" type="stmt"/>
        <line num="888" count="0" type="stmt"/>
        <line num="889" count="0" type="stmt"/>
        <line num="890" count="0" type="stmt"/>
        <line num="891" count="0" type="stmt"/>
        <line num="892" count="0" type="stmt"/>
        <line num="893" count="0" type="stmt"/>
        <line num="895" count="0" type="stmt"/>
        <line num="904" count="0" type="stmt"/>
        <line num="905" count="0" type="stmt"/>
        <line num="906" count="0" type="stmt"/>
        <line num="908" count="0" type="stmt"/>
        <line num="909" count="0" type="stmt"/>
        <line num="910" count="0" type="stmt"/>
        <line num="911" count="0" type="stmt"/>
        <line num="913" count="0" type="stmt"/>
        <line num="923" count="0" type="cond" truecount="0" falsecount="3"/>
        <line num="925" count="0" type="stmt"/>
        <line num="927" count="0" type="stmt"/>
        <line num="929" count="0" type="stmt"/>
        <line num="939" count="16" type="stmt"/>
        <line num="940" count="16" type="stmt"/>
        <line num="941" count="16" type="stmt"/>
        <line num="942" count="16" type="stmt"/>
        <line num="943" count="16" type="stmt"/>
        <line num="944" count="16" type="stmt"/>
        <line num="945" count="16" type="stmt"/>
        <line num="946" count="16" type="stmt"/>
        <line num="947" count="16" type="stmt"/>
        <line num="948" count="16" type="stmt"/>
        <line num="949" count="16" type="stmt"/>
        <line num="950" count="16" type="stmt"/>
        <line num="951" count="16" type="stmt"/>
        <line num="952" count="16" type="stmt"/>
        <line num="953" count="16" type="stmt"/>
        <line num="954" count="16" type="stmt"/>
        <line num="957" count="16" type="stmt"/>
        <line num="958" count="16" type="stmt"/>
        <line num="959" count="16" type="stmt"/>
        <line num="960" count="16" type="stmt"/>
        <line num="962" count="16" type="stmt"/>
        <line num="963" count="16" type="stmt"/>
        <line num="964" count="16" type="stmt"/>
        <line num="966" count="16" type="stmt"/>
        <line num="967" count="16" type="stmt"/>
        <line num="968" count="16" type="stmt"/>
        <line num="970" count="16" type="stmt"/>
        <line num="981" count="0" type="stmt"/>
        <line num="987" count="0" type="stmt"/>
        <line num="988" count="0" type="stmt"/>
        <line num="1001" count="0" type="stmt"/>
        <line num="1004" count="0" type="stmt"/>
        <line num="1006" count="0" type="stmt"/>
        <line num="1007" count="0" type="cond" truecount="0" falsecount="2"/>
        <line num="1009" count="0" type="stmt"/>
        <line num="1010" count="0" type="stmt"/>
        <line num="1011" count="0" type="stmt"/>
        <line num="1012" count="0" type="stmt"/>
        <line num="1013" count="0" type="stmt"/>
        <line num="1015" count="0" type="stmt"/>
        <line num="1021" count="0" type="stmt"/>
        <line num="1022" count="0" type="stmt"/>
        <line num="1051" count="0" type="stmt"/>
        <line num="1063" count="0" type="stmt"/>
        <line num="1064" count="0" type="stmt"/>
        <line num="1076" count="1" type="stmt"/>
        <line num="1085" count="0" type="stmt"/>
        <line num="1094" count="3" type="stmt"/>
        <line num="1106" count="52" type="stmt"/>
        <line num="1120" count="10" type="stmt"/>
        <line num="1121" count="10" type="stmt"/>
        <line num="1122" count="10" type="stmt"/>
        <line num="1123" count="10" type="stmt"/>
        <line num="1124" count="10" type="stmt"/>
        <line num="1133" count="3" type="stmt"/>
        <line num="1134" count="3" type="stmt"/>
        <line num="1135" count="3" type="stmt"/>
        <line num="1136" count="3" type="stmt"/>
        <line num="1140" count="43" type="stmt"/>
      </file>
      <file name="RGBA.js" path="/Users/mauro/workspace/zea/engine/src/Math/RGBA.js">
        <metrics statements="92" coveredstatements="12" conditionals="53" coveredconditionals="7" methods="41" coveredmethods="2"/>
        <line num="19" count="2" type="stmt"/>
        <line num="21" count="2" type="cond" truecount="2" falsecount="0"/>
        <line num="22" count="1" type="stmt"/>
        <line num="23" count="1" type="cond" truecount="1" falsecount="1"/>
        <line num="24" count="0" type="stmt"/>
        <line num="25" count="0" type="stmt"/>
        <line num="26" count="0" type="stmt"/>
        <line num="28" count="1" type="stmt"/>
        <line num="29" count="1" type="cond" truecount="1" falsecount="1"/>
        <line num="30" count="0" type="cond" truecount="0" falsecount="2"/>
        <line num="31" count="0" type="stmt"/>
        <line num="33" count="0" type="stmt"/>
        <line num="36" count="1" type="stmt"/>
        <line num="37" count="1" type="stmt"/>
        <line num="38" count="1" type="stmt"/>
        <line num="39" count="1" type="stmt"/>
        <line num="50" count="0" type="stmt"/>
        <line num="59" count="0" type="stmt"/>
        <line num="68" count="0" type="stmt"/>
        <line num="77" count="0" type="stmt"/>
        <line num="86" count="0" type="stmt"/>
        <line num="95" count="0" type="stmt"/>
        <line num="104" count="0" type="stmt"/>
        <line num="112" count="0" type="stmt"/>
        <line num="124" count="0" type="stmt"/>
        <line num="125" count="0" type="stmt"/>
        <line num="126" count="0" type="stmt"/>
        <line num="127" count="0" type="stmt"/>
        <line num="136" count="0" type="stmt"/>
        <line num="137" count="0" type="stmt"/>
        <line num="138" count="0" type="stmt"/>
        <line num="139" count="0" type="stmt"/>
        <line num="148" count="0" type="stmt"/>
        <line num="149" count="0" type="stmt"/>
        <line num="150" count="0" type="stmt"/>
        <line num="151" count="0" type="cond" truecount="0" falsecount="2"/>
        <line num="162" count="0" type="stmt"/>
        <line num="163" count="0" type="cond" truecount="0" falsecount="2"/>
        <line num="171" count="0" type="stmt"/>
        <line num="172" count="0" type="cond" truecount="0" falsecount="2"/>
        <line num="173" count="0" type="stmt"/>
        <line num="174" count="0" type="stmt"/>
        <line num="176" count="0" type="stmt"/>
        <line num="186" count="0" type="stmt"/>
        <line num="187" count="0" type="stmt"/>
        <line num="331" count="0" type="cond" truecount="0" falsecount="2"/>
        <line num="333" count="0" type="stmt"/>
        <line num="335" count="0" type="cond" truecount="0" falsecount="2"/>
        <line num="336" count="0" type="stmt"/>
        <line num="338" count="0" type="stmt"/>
        <line num="349" count="0" type="stmt"/>
        <line num="350" count="0" type="cond" truecount="0" falsecount="2"/>
        <line num="352" count="0" type="stmt"/>
        <line num="362" count="0" type="cond" truecount="0" falsecount="4"/>
        <line num="372" count="0" type="cond" truecount="0" falsecount="4"/>
        <line num="383" count="0" type="stmt"/>
        <line num="398" count="0" type="stmt"/>
        <line num="408" count="0" type="stmt"/>
        <line num="418" count="0" type="stmt"/>
        <line num="427" count="0" type="stmt"/>
        <line num="428" count="0" type="stmt"/>
        <line num="429" count="0" type="stmt"/>
        <line num="430" count="0" type="stmt"/>
        <line num="439" count="0" type="stmt"/>
        <line num="448" count="0" type="stmt"/>
        <line num="458" count="0" type="stmt"/>
        <line num="467" count="0" type="stmt"/>
        <line num="478" count="0" type="stmt"/>
        <line num="479" count="0" type="stmt"/>
        <line num="480" count="0" type="stmt"/>
        <line num="481" count="0" type="stmt"/>
        <line num="482" count="0" type="stmt"/>
        <line num="493" count="0" type="cond" truecount="0" falsecount="2"/>
        <line num="494" count="0" type="stmt"/>
        <line num="500" count="0" type="cond" truecount="0" falsecount="2"/>
        <line num="501" count="0" type="stmt"/>
        <line num="508" count="0" type="cond" truecount="0" falsecount="2"/>
        <line num="518" count="0" type="stmt"/>
        <line num="527" count="0" type="stmt"/>
        <line num="536" count="0" type="stmt"/>
        <line num="549" count="0" type="stmt"/>
        <line num="562" count="0" type="stmt"/>
        <line num="563" count="0" type="stmt"/>
        <line num="575" count="1" type="stmt"/>
        <line num="584" count="0" type="stmt"/>
        <line num="596" count="0" type="stmt"/>
        <line num="610" count="0" type="stmt"/>
        <line num="611" count="0" type="stmt"/>
        <line num="612" count="0" type="stmt"/>
        <line num="613" count="0" type="stmt"/>
        <line num="622" count="0" type="stmt"/>
        <line num="636" count="43" type="stmt"/>
      </file>
      <file name="Ray.js" path="/Users/mauro/workspace/zea/engine/src/Math/Ray.js">
        <metrics statements="53" coveredstatements="1" conditionals="26" coveredconditionals="0" methods="10" coveredmethods="0"/>
        <line num="18" count="0" type="cond" truecount="0" falsecount="2"/>
        <line num="19" count="0" type="stmt"/>
        <line num="21" count="0" type="stmt"/>
        <line num="23" count="0" type="cond" truecount="0" falsecount="2"/>
        <line num="24" count="0" type="stmt"/>
        <line num="26" count="0" type="stmt"/>
        <line num="37" count="0" type="stmt"/>
        <line num="38" count="0" type="stmt"/>
        <line num="39" count="0" type="cond" truecount="0" falsecount="2"/>
        <line num="40" count="0" type="stmt"/>
        <line num="42" count="0" type="stmt"/>
        <line num="43" count="0" type="stmt"/>
        <line num="53" count="0" type="stmt"/>
        <line num="63" count="0" type="stmt"/>
        <line num="64" count="0" type="stmt"/>
        <line num="65" count="0" type="stmt"/>
        <line num="66" count="0" type="stmt"/>
        <line num="67" count="0" type="stmt"/>
        <line num="68" count="0" type="stmt"/>
        <line num="69" count="0" type="stmt"/>
        <line num="70" count="0" type="stmt"/>
        <line num="71" count="0" type="cond" truecount="0" falsecount="4"/>
        <line num="72" count="0" type="stmt"/>
        <line num="74" count="0" type="cond" truecount="0" falsecount="2"/>
        <line num="75" count="0" type="stmt"/>
        <line num="77" count="0" type="cond" truecount="0" falsecount="2"/>
        <line num="78" count="0" type="stmt"/>
        <line num="80" count="0" type="stmt"/>
        <line num="85" count="0" type="cond" truecount="0" falsecount="2"/>
        <line num="87" count="0" type="stmt"/>
        <line num="88" count="0" type="cond" truecount="0" falsecount="2"/>
        <line num="90" count="0" type="stmt"/>
        <line num="92" count="0" type="stmt"/>
[...]
        <line num="337" count="0" type="stmt"/>
        <line num="339" count="597" type="cond" truecount="2" falsecount="0"/>
        <line num="340" count="135" type="stmt"/>
        <line num="342" count="596" type="stmt"/>
        <line num="352" count="204" type="cond" truecount="1" falsecount="1"/>
        <line num="354" count="0" type="stmt"/>
        <line num="356" count="204" type="cond" truecount="1" falsecount="1"/>
        <line num="357" count="0" type="stmt"/>
        <line num="360" count="204" type="cond" truecount="2" falsecount="0"/>
        <line num="361" count="23" type="stmt"/>
        <line num="362" count="23" type="stmt"/>
        <line num="363" count="23" type="stmt"/>
        <line num="364" count="23" type="cond" truecount="1" falsecount="1"/>
        <line num="368" count="181" type="cond" truecount="2" falsecount="0"/>
        <line num="370" count="76" type="cond" truecount="2" falsecount="0"/>
        <line num="372" count="180" type="stmt"/>
        <line num="375" count="180" type="stmt"/>
        <line num="388" count="27" type="stmt"/>
        <line num="399" count="300" type="cond" truecount="2" falsecount="0"/>
        <line num="400" count="211" type="stmt"/>
        <line num="410" count="89" type="cond" truecount="1" falsecount="1"/>
        <line num="411" count="0" type="stmt"/>
        <line num="412" count="0" type="stmt"/>
        <line num="415" count="89" type="cond" truecount="4" falsecount="0"/>
        <line num="416" count="1" type="stmt"/>
        <line num="418" count="89" type="cond" truecount="4" falsecount="0"/>
        <line num="419" count="65" type="stmt"/>
        <line num="421" count="24" type="stmt"/>
        <line num="423" count="89" type="stmt"/>
        <line num="433" count="0" type="stmt"/>
        <line num="446" count="1" type="stmt"/>
        <line num="447" count="1" type="cond" truecount="1" falsecount="1"/>
        <line num="448" count="1" type="stmt"/>
        <line num="449" count="1" type="stmt"/>
      </file>
      <file name="QuatParameter.js" path="/Users/mauro/workspace/zea/engine/src/SceneTree/Parameters/QuatParameter.js">
        <metrics statements="5" coveredstatements="5" conditionals="2" coveredconditionals="2" methods="3" coveredmethods="3"/>
        <line num="25" count="8" type="cond" truecount="2" falsecount="0"/>
        <line num="38" count="1" type="stmt"/>
        <line num="51" count="1" type="stmt"/>
        <line num="52" count="1" type="stmt"/>
        <line num="56" count="19" type="stmt"/>
      </file>
      <file name="StringParameter.js" path="/Users/mauro/workspace/zea/engine/src/SceneTree/Parameters/StringParameter.js">
        <metrics statements="9" coveredstatements="7" conditionals="1" coveredconditionals="1" methods="5" coveredmethods="3"/>
        <line num="24" count="20" type="stmt"/>
        <line num="25" count="20" type="stmt"/>
        <line num="34" count="0" type="stmt"/>
        <line num="43" count="0" type="stmt"/>
        <line num="53" count="1" type="stmt"/>
        <line num="63" count="1" type="stmt"/>
        <line num="64" count="1" type="stmt"/>
        <line num="68" count="20" type="stmt"/>
        <line num="69" count="20" type="stmt"/>
      </file>
      <file name="StructParameter.js" path="/Users/mauro/workspace/zea/engine/src/SceneTree/Parameters/StructParameter.js">
        <metrics statements="28" coveredstatements="1" conditionals="8" coveredconditionals="0" methods="9" coveredmethods="0"/>
        <line num="26" count="0" type="stmt"/>
        <line num="27" count="0" type="stmt"/>
        <line num="37" count="0" type="stmt"/>
        <line num="38" count="0" type="stmt"/>
        <line num="39" count="0" type="stmt"/>
        <line num="41" count="0" type="stmt"/>
        <line num="42" count="0" type="stmt"/>
        <line num="43" count="0" type="stmt"/>
        <line num="54" count="0" type="stmt"/>
        <line num="55" count="0" type="cond" truecount="0" falsecount="2"/>
        <line num="66" count="0" type="stmt"/>
        <line num="75" count="0" type="stmt"/>
        <line num="76" count="0" type="stmt"/>
        <line num="77" count="0" type="stmt"/>
        <line num="78" count="0" type="cond" truecount="0" falsecount="2"/>
        <line num="80" count="0" type="stmt"/>
        <line num="93" count="0" type="stmt"/>
        <line num="94" count="0" type="stmt"/>
        <line num="95" count="0" type="stmt"/>
        <line num="107" count="0" type="cond" truecount="0" falsecount="2"/>
        <line num="108" count="0" type="stmt"/>
        <line num="109" count="0" type="stmt"/>
        <line num="112" count="0" type="stmt"/>
        <line num="113" count="0" type="cond" truecount="0" falsecount="2"/>
        <line num="114" count="0" type="stmt"/>
        <line num="127" count="0" type="stmt"/>
        <line num="128" count="0" type="stmt"/>
        <line num="132" count="18" type="stmt"/>
      </file>
      <file name="TreeItemParameter.js" path="/Users/mauro/workspace/zea/engine/src/SceneTree/Parameters/TreeItemParameter.js">
        <metrics statements="28" coveredstatements="11" conditionals="15" coveredconditionals="6" methods="13" coveredmethods="2"/>
        <line num="30" count="3" type="stmt"/>
        <line num="31" count="3" type="stmt"/>
        <line num="32" count="3" type="stmt"/>
        <line num="36" count="0" type="stmt"/>
        <line num="45" count="0" type="stmt"/>
        <line num="54" count="0" type="stmt"/>
        <line num="62" count="0" type="stmt"/>
        <line num="70" count="0" type="stmt"/>
        <line num="81" count="1" type="cond" truecount="2" falsecount="2"/>
        <line num="82" count="1" type="cond" truecount="1" falsecount="1"/>
        <line num="83" count="1" type="cond" truecount="1" falsecount="1"/>
        <line num="84" count="0" type="stmt"/>
        <line num="86" count="1" type="stmt"/>
        <line num="87" count="1" type="cond" truecount="1" falsecount="1"/>
        <line num="88" count="1" type="stmt"/>
        <line num="91" count="1" type="stmt"/>
        <line num="105" count="0" type="stmt"/>
        <line num="117" count="0" type="cond" truecount="0" falsecount="2"/>
        <line num="118" count="0" type="stmt"/>
        <line num="119" count="0" type="stmt"/>
        <line num="121" count="0" type="stmt"/>
        <line num="124" count="0" type="stmt"/>
        <line num="127" count="0" type="stmt"/>
        <line num="142" count="0" type="stmt"/>
        <line num="143" count="0" type="stmt"/>
        <line num="151" count="0" type="cond" truecount="0" falsecount="2"/>
        <line num="152" count="0" type="stmt"/>
        <line num="157" count="18" type="stmt"/>
      </file>
      <file name="Vec2Parameter.js" path="/Users/mauro/workspace/zea/engine/src/SceneTree/Parameters/Vec2Parameter.js">
        <metrics statements="9" coveredstatements="6" conditionals="3" coveredconditionals="3" methods="5" coveredmethods="3"/>
        <line num="30" count="8" type="cond" truecount="2" falsecount="0"/>
        <line num="31" count="8" type="stmt"/>
        <line num="41" count="0" type="stmt"/>
        <line num="51" count="0" type="stmt"/>
        <line num="52" count="0" type="stmt"/>
        <line num="62" count="1" type="stmt"/>
        <line num="72" count="1" type="stmt"/>
        <line num="73" count="1" type="stmt"/>
        <line num="77" count="19" type="stmt"/>
      </file>
      <file name="Vec3Parameter.js" path="/Users/mauro/workspace/zea/engine/src/SceneTree/Parameters/Vec3Parameter.js">
        <metrics statements="5" coveredstatements="5" conditionals="3" coveredconditionals="3" methods="3" coveredmethods="3"/>
        <line num="25" count="20" type="cond" truecount="2" falsecount="0"/>
        <line num="38" count="1" type="stmt"/>
        <line num="51" count="1" type="stmt"/>
        <line num="52" count="1" type="stmt"/>
        <line num="56" count="19" type="stmt"/>
      </file>
      <file name="Vec4Parameter.js" path="/Users/mauro/workspace/zea/engine/src/SceneTree/Parameters/Vec4Parameter.js">
        <metrics statements="5" coveredstatements="5" conditionals="2" coveredconditionals="2" methods="3" coveredmethods="3"/>
        <line num="25" count="8" type="cond" truecount="2" falsecount="0"/>
        <line num="38" count="1" type="stmt"/>
        <line num="51" count="1" type="stmt"/>
        <line num="52" count="1" type="stmt"/>
        <line num="56" count="19" type="stmt"/>
      </file>
      <file name="XfoParameter.js" path="/Users/mauro/workspace/zea/engine/src/SceneTree/Parameters/XfoParameter.js">
        <metrics statements="5" coveredstatements="5" conditionals="2" coveredconditionals="2" methods="3" coveredmethods="3"/>
        <line num="24" count="208" type="cond" truecount="2" falsecount="0"/>
        <line num="37" count="1" type="stmt"/>
        <line num="50" count="1" type="stmt"/>
        <line num="51" count="1" type="stmt"/>
        <line num="55" count="19" type="stmt"/>
      </file>
      <file name="index.js" path="/Users/mauro/workspace/zea/engine/src/SceneTree/Parameters/index.js">
        <metrics statements="0" coveredstatements="0" conditionals="0" coveredconditionals="0" methods="0" coveredmethods="0"/>
      </file>
    </package>
    <package name="src.SceneTree._fixtures_">
      <metrics statements="0" coveredstatements="0" conditionals="0" coveredconditionals="0" methods="0" coveredmethods="0"/>
      <file name="GeomItem.fixture.js" path="/Users/mauro/workspace/zea/engine/src/SceneTree/_fixtures_/GeomItem.fixture.js">
        <metrics statements="0" coveredstatements="0" conditionals="0" coveredconditionals="0" methods="0" coveredmethods="0"/>
      </file>
    </package>
    <package name="src.Utilities">
      <metrics statements="169" coveredstatements="137" conditionals="88" coveredconditionals="52" methods="35" coveredmethods="32"/>
      <file name="EventEmitter.js" path="/Users/mauro/workspace/zea/engine/src/Utilities/EventEmitter.js">
        <metrics statements="45" coveredstatements="31" conditionals="24" coveredconditionals="19" methods="11" coveredmethods="8"/>
        <line num="27" count="1795" type="stmt"/>
        <line num="38" count="1666" type="cond" truecount="2" falsecount="0"/>
        <line num="39" count="1" type="stmt"/>
        <line num="42" count="1665" type="cond" truecount="2" falsecount="0"/>
        <line num="43" count="1176" type="stmt"/>
        <line num="46" count="1665" type="stmt"/>
        <line num="48" count="1665" type="cond" truecount="2" falsecount="0"/>
        <line num="49" count="1" type="stmt"/>
        <line num="53" count="1664" type="stmt"/>
        <line num="54" count="1664" type="stmt"/>
        <line num="56" count="1664" type="stmt"/>
        <line num="75" count="1" type="stmt"/>
        <line num="76" count="1" type="stmt"/>
        <line num="77" count="1" type="stmt"/>
        <line num="80" count="1" type="stmt"/>
        <line num="90" count="25" type="cond" truecount="2" falsecount="0"/>
        <line num="91" count="1" type="stmt"/>
        <line num="94" count="24" type="cond" truecount="1" falsecount="1"/>
        <line num="95" count="0" type="stmt"/>
        <line num="96" count="0" type="stmt"/>
        <line num="97" count="0" type="stmt"/>
        <line num="100" count="24" type="cond" truecount="2" falsecount="0"/>
        <line num="102" count="24" type="stmt"/>
        <line num="104" count="24" type="stmt"/>
        <line num="105" count="30" type="cond" truecount="2" falsecount="0"/>
        <line num="106" count="22" type="stmt"/>
        <line num="110" count="24" type="cond" truecount="2" falsecount="0"/>
        <line num="111" count="2" type="stmt"/>
        <line num="113" count="22" type="stmt"/>
        <line num="114" count="22" type="stmt"/>
        <line num="127" count="0" type="stmt"/>
        <line num="129" count="0" type="stmt"/>
        <line num="139" count="0" type="stmt"/>
        <line num="141" count="0" type="stmt"/>
        <line num="151" count="0" type="stmt"/>
        <line num="153" count="0" type="stmt"/>
        <line num="155" count="0" type="cond" truecount="0" falsecount="2"/>
        <line num="156" count="0" type="stmt"/>
        <line num="157" count="0" type="stmt"/>
        <line num="160" count="0" type="cond" truecount="0" falsecount="2"/>
        <line num="162" count="0" type="stmt"/>
        <line num="172" count="2894" type="cond" truecount="2" falsecount="0"/>
        <line num="174" count="2894" type="stmt"/>
        <line num="176" count="894" type="cond" truecount="2" falsecount="0"/>
        <line num="177" count="890" type="stmt"/>
      </file>
      <file name="MathFunctions.js" path="/Users/mauro/workspace/zea/engine/src/Utilities/MathFunctions.js">
        <metrics statements="114" coveredstatements="96" conditionals="56" coveredconditionals="27" methods="20" coveredmethods="20"/>
        <line num="1" count="63" type="stmt"/>
        <line num="2" count="63" type="stmt"/>
        <line num="3" count="63" type="stmt"/>
        <line num="4" count="63" type="stmt"/>
        <line num="5" count="63" type="stmt"/>
        <line num="6" count="63" type="stmt"/>
        <line num="7" count="63" type="stmt"/>
        <line num="21" count="1" type="stmt"/>
        <line num="32" count="1" type="stmt"/>
        <line num="43" count="61" type="cond" truecount="2" falsecount="0"/>
        <line num="55" count="1" type="stmt"/>
        <line num="56" count="1" type="stmt"/>
        <line num="57" count="1" type="stmt"/>
        <line num="70" count="1" type="stmt"/>
        <line num="83" count="4" type="stmt"/>
        <line num="94" count="1" type="stmt"/>
        <line num="105" count="1" type="stmt"/>
        <line num="116" count="1" type="stmt"/>
        <line num="118" count="1" type="stmt"/>
        <line num="119" count="6" type="stmt"/>
        <line num="120" count="6" type="stmt"/>
        <line num="123" count="1" type="stmt"/>
        <line num="134" count="5" type="cond" truecount="2" falsecount="0"/>
        <line num="135" count="4" type="cond" truecount="2" falsecount="0"/>
        <line num="136" count="2" type="cond" truecount="2" falsecount="0"/>
        <line num="137" count="1" type="stmt"/>
        <line num="139" count="2" type="cond" truecount="2" falsecount="0"/>
        <line num="140" count="1" type="stmt"/>
        <line num="155" count="1" type="stmt"/>
        <line num="168" count="1" type="stmt"/>
        <line num="169" count="1" type="stmt"/>
        <line num="182" count="1" type="stmt"/>
        <line num="193" count="1" type="stmt"/>
        <line num="194" count="1" type="stmt"/>
        <line num="196" count="1" type="cond" truecount="1" falsecount="1"/>
        <line num="197" count="1" type="stmt"/>
        <line num="198" count="1" type="stmt"/>
        <line num="200" count="1" type="cond" truecount="1" falsecount="1"/>
        <line num="201" count="1" type="stmt"/>
        <line num="202" count="1" type="cond" truecount="1" falsecount="1"/>
        <line num="203" count="1" type="stmt"/>
        <line num="204" count="1" type="stmt"/>
        <line num="206" count="1" type="stmt"/>
        <line num="217" count="1" type="stmt"/>
        <line num="219" count="1" type="cond" truecount="1" falsecount="1"/>
        <line num="220" count="1" type="stmt"/>
        <line num="221" count="1" type="stmt"/>
        <line num="222" count="1" type="stmt"/>
        <line num="223" count="1" type="stmt"/>
        <line num="224" count="15" type="cond" truecount="2" falsecount="0"/>
        <line num="225" count="9" type="stmt"/>
        <line num="226" count="9" type="stmt"/>
        <line num="231" count="1" type="cond" truecount="1" falsecount="1"/>
        <line num="232" count="0" type="stmt"/>
        <line num="234" count="1" type="stmt"/>
        <line num="237" count="1" type="stmt"/>
        <line num="238" count="1" type="stmt"/>
        <line num="239" count="1" type="stmt"/>
        <line num="241" count="1" type="stmt"/>
        <line num="242" count="1" type="stmt"/>
        <line num="244" count="1" type="cond" truecount="1" falsecount="1"/>
        <line num="245" count="0" type="stmt"/>
        <line num="248" count="1" type="stmt"/>
        <line num="259" count="1" type="stmt"/>
        <line num="260" count="1" type="stmt"/>
        <line num="261" count="1" type="stmt"/>
        <line num="263" count="1" type="stmt"/>
        <line num="264" count="1" type="stmt"/>
        <line num="265" count="1" type="stmt"/>
        <line num="266" count="1" type="stmt"/>
        <line num="270" count="1" type="cond" truecount="1" falsecount="1"/>
        <line num="271" count="0" type="stmt"/>
        <line num="275" count="1" type="cond" truecount="1" falsecount="1"/>
        <line num="276" count="0" type="stmt"/>
        <line num="279" count="0" type="cond" truecount="0" falsecount="4"/>
        <line num="280" count="0" type="stmt"/>
        <line num="284" count="1" type="cond" truecount="1" falsecount="1"/>
        <line num="285" count="0" type="stmt"/>
        <line num="288" count="0" type="stmt"/>
        <line num="289" count="0" type="stmt"/>
        <line num="292" count="1" type="stmt"/>
        <line num="295" count="1" type="stmt"/>
        <line num="297" count="1" type="stmt"/>
        <line num="300" count="1" type="stmt"/>
        <line num="312" count="1" type="stmt"/>
        <line num="313" count="1" type="stmt"/>
        <line num="314" count="1" type="stmt"/>
        <line num="316" count="1" type="cond" truecount="1" falsecount="1"/>
        <line num="317" count="0" type="cond" truecount="0" falsecount="2"/>
        <line num="318" count="1" type="cond" truecount="1" falsecount="1"/>
        <line num="319" count="0" type="cond" truecount="0" falsecount="4"/>
        <line num="322" count="1" type="cond" truecount="1" falsecount="1"/>
        <line num="333" count="1" type="stmt"/>
        <line num="334" count="1" type="stmt"/>
        <line num="335" count="1" type="stmt"/>
        <line num="336" count="2" type="stmt"/>
        <line num="337" count="2" type="stmt"/>
        <line num="338" count="2" type="stmt"/>
        <line num="342" count="2" type="cond" truecount="1" falsecount="1"/>
        <line num="343" count="0" type="stmt"/>
        <line num="347" count="2" type="cond" truecount="1" falsecount="1"/>
        <line num="348" count="0" type="stmt"/>
        <line num="351" count="0" type="cond" truecount="0" falsecount="4"/>
        <line num="352" count="0" type="stmt"/>
        <line num="356" count="2" type="cond" truecount="1" falsecount="1"/>
        <line num="357" count="0" type="stmt"/>
        <line num="360" count="0" type="stmt"/>
        <line num="361" count="0" type="stmt"/>
        <line num="364" count="2" type="stmt"/>
        <line num="367" count="2" type="stmt"/>
        <line num="369" count="2" type="stmt"/>
        <line num="371" count="1" type="stmt"/>
        <line num="372" count="2" type="stmt"/>
        <line num="374" count="1" type="stmt"/>
      </file>
      <file name="StringFunctions.js" path="/Users/mauro/workspace/zea/engine/src/Utilities/StringFunctions.js">
        <metrics statements="10" coveredstatements="10" conditionals="8" coveredconditionals="6" methods="4" coveredmethods="4"/>
        <line num="16" count="2" type="stmt"/>
        <line num="29" count="11" type="stmt"/>
        <line num="32" count="54" type="cond" truecount="3" falsecount="1"/>
        <line num="46" count="23" type="stmt"/>
        <line num="50" count="23" type="cond" truecount="1" falsecount="1"/>
        <line num="51" count="23" type="stmt"/>
        <line num="52" count="385" type="stmt"/>
        <line num="53" count="385" type="stmt"/>
        <line num="54" count="385" type="stmt"/>
        <line num="56" count="23" type="stmt"/>
      </file>
    </package>
  </project>
</coverage>
