{"total": {"lines":{"total":3229,"covered":532,"skipped":0,"pct":16.48},"statements":{"total":3370,"covered":549,"skipped":0,"pct":16.29},"functions":{"total":855,"covered":141,"skipped":0,"pct":16.49},"branches":{"total":1190,"covered":187,"skipped":0,"pct":15.71}}
,"/Users/mauro/workspace/zea/engine/src/Math/AttrValue.js": {"lines":{"total":8,"covered":0,"skipped":0,"pct":0},"functions":{"total":6,"covered":0,"skipped":0,"pct":0},"statements":{"total":9,"covered":0,"skipped":0,"pct":0},"branches":{"total":4,"covered":0,"skipped":0,"pct":0}}
,"/Users/mauro/workspace/zea/engine/src/Math/Box2.js": {"lines":{"total":31,"covered":1,"skipped":0,"pct":3.23},"functions":{"total":11,"covered":0,"skipped":0,"pct":0},"statements":{"total":31,"covered":1,"skipped":0,"pct":3.23},"branches":{"total":26,"covered":0,"skipped":0,"pct":0}}
,"/Users/mauro/workspace/zea/engine/src/Math/Box3.js": {"lines":{"total":81,"covered":6,"skipped":0,"pct":7.41},"functions":{"total":24,"covered":1,"skipped":0,"pct":4.17},"statements":{"total":87,"covered":6,"skipped":0,"pct":6.9},"branches":{"total":57,"covered":5,"skipped":0,"pct":8.77}}
,"/Users/mauro/workspace/zea/engine/src/Math/Color.js": {"lines":{"total":106,"covered":41,"skipped":0,"pct":38.68},"functions":{"total":45,"covered":15,"skipped":0,"pct":33.33},"statements":{"total":106,"covered":41,"skipped":0,"pct":38.68},"branches":{"total":59,"covered":14,"skipped":0,"pct":23.73}}
,"/Users/mauro/workspace/zea/engine/src/Math/Common.js": {"lines":{"total":174,"covered":47,"skipped":0,"pct":27.01},"functions":{"total":32,"covered":4,"skipped":0,"pct":12.5},"statements":{"total":183,"covered":47,"skipped":0,"pct":25.68},"branches":{"total":66,"covered":0,"skipped":0,"pct":0}}
,"/Users/mauro/workspace/zea/engine/src/Math/EulerAngles.js": {"lines":{"total":34,"covered":1,"skipped":0,"pct":2.94},"functions":{"total":8,"covered":0,"skipped":0,"pct":0},"statements":{"total":35,"covered":1,"skipped":0,"pct":2.86},"branches":{"total":15,"covered":0,"skipped":0,"pct":0}}
,"/Users/mauro/workspace/zea/engine/src/Math/Frustum.js": {"lines":{"total":29,"covered":1,"skipped":0,"pct":3.45},"functions":{"total":7,"covered":0,"skipped":0,"pct":0},"statements":{"total":32,"covered":1,"skipped":0,"pct":3.13},"branches":{"total":20,"covered":0,"skipped":0,"pct":0}}
,"/Users/mauro/workspace/zea/engine/src/Math/Mat3.js": {"lines":{"total":118,"covered":1,"skipped":0,"pct":0.85},"functions":{"total":40,"covered":0,"skipped":0,"pct":0},"statements":{"total":120,"covered":1,"skipped":0,"pct":0.83},"branches":{"total":31,"covered":0,"skipped":0,"pct":0}}
,"/Users/mauro/workspace/zea/engine/src/Math/Mat4.js": {"lines":{"total":501,"covered":1,"skipped":0,"pct":0.2},"functions":{"total":72,"covered":0,"skipped":0,"pct":0},"statements":{"total":503,"covered":1,"skipped":0,"pct":0.2},"branches":{"total":53,"covered":0,"skipped":0,"pct":0}}
,"/Users/mauro/workspace/zea/engine/src/Math/PlaneType.js": {"lines":{"total":18,"covered":1,"skipped":0,"pct":5.56},"functions":{"total":9,"covered":0,"skipped":0,"pct":0},"statements":{"total":18,"covered":1,"skipped":0,"pct":5.56},"branches":{"total":3,"covered":0,"skipped":0,"pct":0}}
,"/Users/mauro/workspace/zea/engine/src/Math/Quat.js": {"lines":{"total":390,"covered":27,"skipped":0,"pct":6.92},"functions":{"total":57,"covered":9,"skipped":0,"pct":15.79},"statements":{"total":395,"covered":27,"skipped":0,"pct":6.84},"branches":{"total":76,"covered":6,"skipped":0,"pct":7.89}}
,"/Users/mauro/workspace/zea/engine/src/Math/RGBA.js": {"lines":{"total":91,"covered":1,"skipped":0,"pct":1.1},"functions":{"total":40,"covered":0,"skipped":0,"pct":0},"statements":{"total":91,"covered":1,"skipped":0,"pct":1.1},"branches":{"total":53,"covered":0,"skipped":0,"pct":0}}
,"/Users/mauro/workspace/zea/engine/src/Math/Ray.js": {"lines":{"total":53,"covered":1,"skipped":0,"pct":1.89},"functions":{"total":10,"covered":0,"skipped":0,"pct":0},"statements":{"total":55,"covered":1,"skipped":0,"pct":1.82},"branches":{"total":26,"covered":0,"skipped":0,"pct":0}}
,"/Users/mauro/workspace/zea/engine/src/Math/SphereType.js": {"lines":{"total":11,"covered":1,"skipped":0,"pct":9.09},"functions":{"total":6,"covered":0,"skipped":0,"pct":0},"statements":{"total":11,"covered":1,"skipped":0,"pct":9.09},"branches":{"total":3,"covered":0,"skipped":0,"pct":0}}
,"/Users/mauro/workspace/zea/engine/src/Math/TypeRegistry.js": {"lines":{"total":13,"covered":9,"skipped":0,"pct":69.23},"functions":{"total":4,"covered":2,"skipped":0,"pct":50},"statements":{"total":16,"covered":10,"skipped":0,"pct":62.5},"branches":{"total":6,"covered":2,"skipped":0,"pct":33.33}}
,"/Users/mauro/workspace/zea/engine/src/Math/Vec2.js": {"lines":{"total":94,"covered":15,"skipped":0,"pct":15.96},"functions":{"total":41,"covered":6,"skipped":0,"pct":14.63},"statements":{"total":97,"covered":15,"skipped":0,"pct":15.46},"branches":{"total":33,"covered":8,"skipped":0,"pct":24.24}}
,"/Users/mauro/workspace/zea/engine/src/Math/Vec3.js": {"lines":{"total":137,"covered":23,"skipped":0,"pct":16.79},"functions":{"total":54,"covered":12,"skipped":0,"pct":22.22},"statements":{"total":137,"covered":23,"skipped":0,"pct":16.79},"branches":{"total":46,"covered":13,"skipped":0,"pct":28.26}}
,"/Users/mauro/workspace/zea/engine/src/Math/Vec4.js": {"lines":{"total":119,"covered":19,"skipped":0,"pct":15.97},"functions":{"total":41,"covered":7,"skipped":0,"pct":17.07},"statements":{"total":119,"covered":19,"skipped":0,"pct":15.97},"branches":{"total":31,"covered":4,"skipped":0,"pct":12.9}}
,"/Users/mauro/workspace/zea/engine/src/Math/Xfo.js": {"lines":{"total":88,"covered":23,"skipped":0,"pct":26.14},"functions":{"total":16,"covered":3,"skipped":0,"pct":18.75},"statements":{"total":93,"covered":23,"skipped":0,"pct":24.73},"branches":{"total":54,"covered":18,"skipped":0,"pct":33.33}}
,"/Users/mauro/workspace/zea/engine/src/Math/index.js": {"lines":{"total":0,"covered":0,"skipped":0,"pct":100},"functions":{"total":0,"covered":0,"skipped":0,"pct":100},"statements":{"total":0,"covered":0,"skipped":0,"pct":100},"branches":{"total":0,"covered":0,"skipped":0,"pct":100}}
,"/Users/mauro/workspace/zea/engine/src/SceneTree/BaseItem.js": {"lines":{"total":69,"covered":29,"skipped":0,"pct":42.03},"functions":{"total":28,"covered":12,"skipped":0,"pct":42.86},"statements":{"total":73,"covered":30,"skipped":0,"pct":41.1},"branches":{"total":33,"covered":9,"skipped":0,"pct":27.27}}
,"/Users/mauro/workspace/zea/engine/src/SceneTree/BinReader.js": {"lines":{"total":141,"covered":0,"skipped":0,"pct":0},"functions":{"total":39,"covered":0,"skipped":0,"pct":0},"statements":{"total":153,"covered":0,"skipped":0,"pct":0},"branches":{"total":34,"covered":0,"skipped":0,"pct":0}}
,"/Users/mauro/workspace/zea/engine/src/SceneTree/ParameterOwner.js": {"lines":{"total":98,"covered":16,"skipped":0,"pct":16.33},"functions":{"total":24,"covered":5,"skipped":0,"pct":20.83},"statements":{"total":108,"covered":17,"skipped":0,"pct":15.74},"branches":{"total":28,"covered":1,"skipped":0,"pct":3.57}}
,"/Users/mauro/workspace/zea/engine/src/SceneTree/SGFactory.js": {"lines":{"total":22,"covered":8,"skipped":0,"pct":36.36},"functions":{"total":5,"covered":2,"skipped":0,"pct":40},"statements":{"total":24,"covered":8,"skipped":0,"pct":33.33},"branches":{"total":6,"covered":0,"skipped":0,"pct":0}}
,"/Users/mauro/workspace/zea/engine/src/SceneTree/TreeItem.js": {"lines":{"total":356,"covered":148,"skipped":0,"pct":41.57},"functions":{"total":77,"covered":33,"skipped":0,"pct":42.86},"statements":{"total":385,"covered":160,"skipped":0,"pct":41.56},"branches":{"total":208,"covered":49,"skipped":0,"pct":23.56}}
,"/Users/mauro/workspace/zea/engine/src/SceneTree/Parameters/BooleanParameter.js": {"lines":{"total":4,"covered":2,"skipped":0,"pct":50},"functions":{"total":2,"covered":1,"skipped":0,"pct":50},"statements":{"total":4,"covered":2,"skipped":0,"pct":50},"branches":{"total":0,"covered":0,"skipped":0,"pct":100}}
,"/Users/mauro/workspace/zea/engine/src/SceneTree/Parameters/CodeParameter.js": {"lines":{"total":7,"covered":1,"skipped":0,"pct":14.29},"functions":{"total":4,"covered":0,"skipped":0,"pct":0},"statements":{"total":7,"covered":1,"skipped":0,"pct":14.29},"branches":{"total":1,"covered":0,"skipped":0,"pct":0}}
,"/Users/mauro/workspace/zea/engine/src/SceneTree/Parameters/ColorParameter.js": {"lines":{"total":7,"covered":1,"skipped":0,"pct":14.29},"functions":{"total":3,"covered":0,"skipped":0,"pct":0},"statements":{"total":7,"covered":1,"skipped":0,"pct":14.29},"branches":{"total":2,"covered":0,"skipped":0,"pct":0}}
,"/Users/mauro/workspace/zea/engine/src/SceneTree/Parameters/GeometryParameter.js": {"lines":{"total":19,"covered":0,"skipped":0,"pct":0},"functions":{"total":7,"covered":0,"skipped":0,"pct":0},"statements":{"total":20,"covered":0,"skipped":0,"pct":0},"branches":{"total":15,"covered":0,"skipped":0,"pct":0}}
,"/Users/mauro/workspace/zea/engine/src/SceneTree/Parameters/ImageParameter.js": {"lines":{"total":10,"covered":0,"skipped":0,"pct":0},"functions":{"total":4,"covered":0,"skipped":0,"pct":0},"statements":{"total":10,"covered":0,"skipped":0,"pct":0},"branches":{"total":4,"covered":0,"skipped":0,"pct":0}}
,"/Users/mauro/workspace/zea/engine/src/SceneTree/Parameters/ItemSetParameter.js": {"lines":{"total":36,"covered":0,"skipped":0,"pct":0},"functions":{"total":15,"covered":0,"skipped":0,"pct":0},"statements":{"total":43,"covered":0,"skipped":0,"pct":0},"branches":{"total":23,"covered":0,"skipped":0,"pct":0}}
,"/Users/mauro/workspace/zea/engine/src/SceneTree/Parameters/ListParameter.js": {"lines":{"total":50,"covered":0,"skipped":0,"pct":0},"functions":{"total":12,"covered":0,"skipped":0,"pct":0},"statements":{"total":58,"covered":0,"skipped":0,"pct":0},"branches":{"total":16,"covered":0,"skipped":0,"pct":0}}
,"/Users/mauro/workspace/zea/engine/src/SceneTree/Parameters/Mat3Parameter.js": {"lines":{"total":3,"covered":0,"skipped":0,"pct":0},"functions":{"total":2,"covered":0,"skipped":0,"pct":0},"statements":{"total":3,"covered":0,"skipped":0,"pct":0},"branches":{"total":2,"covered":0,"skipped":0,"pct":0}}
,"/Users/mauro/workspace/zea/engine/src/SceneTree/Parameters/Mat4Parameter.js": {"lines":{"total":3,"covered":0,"skipped":0,"pct":0},"functions":{"total":2,"covered":0,"skipped":0,"pct":0},"statements":{"total":3,"covered":0,"skipped":0,"pct":0},"branches":{"total":2,"covered":0,"skipped":0,"pct":0}}
,"/Users/mauro/workspace/zea/engine/src/SceneTree/Parameters/MultiChoiceParameter.js": {"lines":{"total":6,"covered":0,"skipped":0,"pct":0},"functions":{"total":3,"covered":0,"skipped":0,"pct":0},"statements":{"total":6,"covered":0,"skipped":0,"pct":0},"branches":{"total":2,"covered":0,"skipped":0,"pct":0}}
,"/Users/mauro/workspace/zea/engine/src/SceneTree/Parameters/NumberParameter.js": {"lines":{"total":32,"covered":18,"skipped":0,"pct":56.25},"functions":{"total":11,"covered":5,"skipped":0,"pct":45.45},"statements":{"total":37,"covered":18,"skipped":0,"pct":48.65},"branches":{"total":21,"covered":10,"skipped":0,"pct":47.62}}
,"/Users/mauro/workspace/zea/engine/src/SceneTree/Parameters/Parameter.js": {"lines":{"total":113,"covered":47,"skipped":0,"pct":41.59},"functions":{"total":32,"covered":12,"skipped":0,"pct":37.5},"statements":{"total":121,"covered":49,"skipped":0,"pct":40.5},"branches":{"total":54,"covered":25,"skipped":0,"pct":46.3}}
,"/Users/mauro/workspace/zea/engine/src/SceneTree/Parameters/ProxyParameter.js": {"lines":{"total":25,"covered":1,"skipped":0,"pct":4},"functions":{"total":14,"covered":0,"skipped":0,"pct":0},"statements":{"total":28,"covered":1,"skipped":0,"pct":3.57},"branches":{"total":10,"covered":0,"skipped":0,"pct":0}}
,"/Users/mauro/workspace/zea/engine/src/SceneTree/Parameters/StringParameter.js": {"lines":{"total":10,"covered":2,"skipped":0,"pct":20},"functions":{"total":5,"covered":0,"skipped":0,"pct":0},"statements":{"total":10,"covered":2,"skipped":0,"pct":20},"branches":{"total":1,"covered":0,"skipped":0,"pct":0}}
,"/Users/mauro/workspace/zea/engine/src/SceneTree/Parameters/StructParameter.js": {"lines":{"total":31,"covered":0,"skipped":0,"pct":0},"functions":{"total":9,"covered":0,"skipped":0,"pct":0},"statements":{"total":38,"covered":0,"skipped":0,"pct":0},"branches":{"total":10,"covered":0,"skipped":0,"pct":0}}
,"/Users/mauro/workspace/zea/engine/src/SceneTree/Parameters/TreeItemParameter.js": {"lines":{"total":31,"covered":0,"skipped":0,"pct":0},"functions":{"total":13,"covered":0,"skipped":0,"pct":0},"statements":{"total":33,"covered":0,"skipped":0,"pct":0},"branches":{"total":22,"covered":0,"skipped":0,"pct":0}}
,"/Users/mauro/workspace/zea/engine/src/SceneTree/Parameters/Vec2Parameter.js": {"lines":{"total":7,"covered":0,"skipped":0,"pct":0},"functions":{"total":4,"covered":0,"skipped":0,"pct":0},"statements":{"total":7,"covered":0,"skipped":0,"pct":0},"branches":{"total":3,"covered":0,"skipped":0,"pct":0}}
,"/Users/mauro/workspace/zea/engine/src/SceneTree/Parameters/Vec3Parameter.js": {"lines":{"total":3,"covered":1,"skipped":0,"pct":33.33},"functions":{"total":2,"covered":1,"skipped":0,"pct":50},"statements":{"total":3,"covered":1,"skipped":0,"pct":33.33},"branches":{"total":3,"covered":2,"skipped":0,"pct":66.67}}
,"/Users/mauro/workspace/zea/engine/src/SceneTree/Parameters/Vec4Parameter.js": {"lines":{"total":3,"covered":0,"skipped":0,"pct":0},"functions":{"total":2,"covered":0,"skipped":0,"pct":0},"statements":{"total":3,"covered":0,"skipped":0,"pct":0},"branches":{"total":2,"covered":0,"skipped":0,"pct":0}}
,"/Users/mauro/workspace/zea/engine/src/SceneTree/Parameters/XfoParameter.js": {"lines":{"total":3,"covered":1,"skipped":0,"pct":33.33},"functions":{"total":2,"covered":1,"skipped":0,"pct":50},"statements":{"total":3,"covered":1,"skipped":0,"pct":33.33},"branches":{"total":2,"covered":1,"skipped":0,"pct":50}}
,"/Users/mauro/workspace/zea/engine/src/SceneTree/Parameters/index.js": {"lines":{"total":0,"covered":0,"skipped":0,"pct":100},"functions":{"total":0,"covered":0,"skipped":0,"pct":100},"statements":{"total":0,"covered":0,"skipped":0,"pct":100},"branches":{"total":0,"covered":0,"skipped":0,"pct":100}}
,"/Users/mauro/workspace/zea/engine/src/Utilities/EventEmitter.js": {"lines":{"total":44,"covered":38,"skipped":0,"pct":86.36},"functions":{"total":11,"covered":10,"skipped":0,"pct":90.91},"statements":{"total":45,"covered":38,"skipped":0,"pct":84.44},"branches":{"total":24,"covered":20,"skipped":0,"pct":83.33}}
}
