{"total": {"lines":{"total":5907,"covered":2505,"skipped":0,"pct":42.41},"statements":{"total":6296,"covered":2640,"skipped":0,"pct":41.93},"functions":{"total":1289,"covered":604,"skipped":0,"pct":46.86},"branches":{"total":2299,"covered":941,"skipped":0,"pct":40.93}}
,"/Users/mauro/workspace/zea/engine/src/Registry.js": {"lines":{"total":32,"covered":31,"skipped":0,"pct":96.88},"functions":{"total":5,"covered":5,"skipped":0,"pct":100},"statements":{"total":36,"covered":35,"skipped":0,"pct":97.22},"branches":{"total":12,"covered":11,"skipped":0,"pct":91.67}}
,"/Users/mauro/workspace/zea/engine/src/Math/AttrValue.js": {"lines":{"total":9,"covered":5,"skipped":0,"pct":55.56},"functions":{"total":7,"covered":3,"skipped":0,"pct":42.86},"statements":{"total":10,"covered":6,"skipped":0,"pct":60},"branches":{"total":4,"covered":4,"skipped":0,"pct":100}}
,"/Users/mauro/workspace/zea/engine/src/Math/Box2.js": {"lines":{"total":27,"covered":1,"skipped":0,"pct":3.7},"functions":{"total":11,"covered":0,"skipped":0,"pct":0},"statements":{"total":31,"covered":1,"skipped":0,"pct":3.23},"branches":{"total":26,"covered":0,"skipped":0,"pct":0}}
,"/Users/mauro/workspace/zea/engine/src/Math/Box3.js": {"lines":{"total":83,"covered":37,"skipped":0,"pct":44.58},"functions":{"total":24,"covered":8,"skipped":0,"pct":33.33},"statements":{"total":89,"covered":43,"skipped":0,"pct":48.31},"branches":{"total":69,"covered":39,"skipped":0,"pct":56.52}}
,"/Users/mauro/workspace/zea/engine/src/Math/Color.js": {"lines":{"total":112,"covered":48,"skipped":0,"pct":42.86},"functions":{"total":47,"covered":19,"skipped":0,"pct":40.43},"statements":{"total":113,"covered":49,"skipped":0,"pct":43.36},"branches":{"total":59,"covered":16,"skipped":0,"pct":27.12}}
,"/Users/mauro/workspace/zea/engine/src/Math/EulerAngles.js": {"lines":{"total":34,"covered":1,"skipped":0,"pct":2.94},"functions":{"total":8,"covered":0,"skipped":0,"pct":0},"statements":{"total":35,"covered":1,"skipped":0,"pct":2.86},"branches":{"total":15,"covered":0,"skipped":0,"pct":0}}
,"/Users/mauro/workspace/zea/engine/src/Math/Frustum.js": {"lines":{"total":29,"covered":1,"skipped":0,"pct":3.45},"functions":{"total":7,"covered":0,"skipped":0,"pct":0},"statements":{"total":32,"covered":1,"skipped":0,"pct":3.13},"branches":{"total":20,"covered":0,"skipped":0,"pct":0}}
,"/Users/mauro/workspace/zea/engine/src/Math/Mat3.js": {"lines":{"total":124,"covered":21,"skipped":0,"pct":16.94},"functions":{"total":42,"covered":7,"skipped":0,"pct":16.67},"statements":{"total":126,"covered":21,"skipped":0,"pct":16.67},"branches":{"total":35,"covered":14,"skipped":0,"pct":40}}
,"/Users/mauro/workspace/zea/engine/src/Math/Mat4.js": {"lines":{"total":505,"covered":103,"skipped":0,"pct":20.4},"functions":{"total":74,"covered":27,"skipped":0,"pct":36.49},"statements":{"total":509,"covered":105,"skipped":0,"pct":20.63},"branches":{"total":57,"covered":22,"skipped":0,"pct":38.6}}
,"/Users/mauro/workspace/zea/engine/src/Math/PlaneType.js": {"lines":{"total":18,"covered":1,"skipped":0,"pct":5.56},"functions":{"total":9,"covered":0,"skipped":0,"pct":0},"statements":{"total":18,"covered":1,"skipped":0,"pct":5.56},"branches":{"total":3,"covered":0,"skipped":0,"pct":0}}
,"/Users/mauro/workspace/zea/engine/src/Math/Quat.js": {"lines":{"total":410,"covered":109,"skipped":0,"pct":26.59},"functions":{"total":61,"covered":28,"skipped":0,"pct":45.9},"statements":{"total":416,"covered":110,"skipped":0,"pct":26.44},"branches":{"total":84,"covered":20,"skipped":0,"pct":23.81}}
,"/Users/mauro/workspace/zea/engine/src/Math/RGBA.js": {"lines":{"total":92,"covered":12,"skipped":0,"pct":13.04},"functions":{"total":41,"covered":2,"skipped":0,"pct":4.88},"statements":{"total":93,"covered":12,"skipped":0,"pct":12.9},"branches":{"total":53,"covered":7,"skipped":0,"pct":13.21}}
,"/Users/mauro/workspace/zea/engine/src/Math/Ray.js": {"lines":{"total":53,"covered":1,"skipped":0,"pct":1.89},"functions":{"total":10,"covered":0,"skipped":0,"pct":0},"statements":{"total":55,"covered":1,"skipped":0,"pct":1.82},"branches":{"total":26,"covered":0,"skipped":0,"pct":0}}
,"/Users/mauro/workspace/zea/engine/src/Math/SphereType.js": {"lines":{"total":11,"covered":1,"skipped":0,"pct":9.09},"functions":{"total":6,"covered":0,"skipped":0,"pct":0},"statements":{"total":11,"covered":1,"skipped":0,"pct":9.09},"branches":{"total":3,"covered":0,"skipped":0,"pct":0}}
,"/Users/mauro/workspace/zea/engine/src/Math/Vec2.js": {"lines":{"total":103,"covered":29,"skipped":0,"pct":28.16},"functions":{"total":45,"covered":16,"skipped":0,"pct":35.56},"statements":{"total":106,"covered":29,"skipped":0,"pct":27.36},"branches":{"total":33,"covered":16,"skipped":0,"pct":48.48}}
,"/Users/mauro/workspace/zea/engine/src/Math/Vec3.js": {"lines":{"total":143,"covered":76,"skipped":0,"pct":53.15},"functions":{"total":56,"covered":34,"skipped":0,"pct":60.71},"statements":{"total":143,"covered":76,"skipped":0,"pct":53.15},"branches":{"total":46,"covered":29,"skipped":0,"pct":63.04}}
,"/Users/mauro/workspace/zea/engine/src/Math/Vec4.js": {"lines":{"total":136,"covered":36,"skipped":0,"pct":26.47},"functions":{"total":46,"covered":16,"skipped":0,"pct":34.78},"statements":{"total":136,"covered":36,"skipped":0,"pct":26.47},"branches":{"total":35,"covered":16,"skipped":0,"pct":45.71}}
,"/Users/mauro/workspace/zea/engine/src/Math/Xfo.js": {"lines":{"total":90,"covered":62,"skipped":0,"pct":68.89},"functions":{"total":19,"covered":14,"skipped":0,"pct":73.68},"statements":{"total":98,"covered":68,"skipped":0,"pct":69.39},"branches":{"total":67,"covered":43,"skipped":0,"pct":64.18}}
,"/Users/mauro/workspace/zea/engine/src/Math/index.js": {"lines":{"total":0,"covered":0,"skipped":0,"pct":100},"functions":{"total":0,"covered":0,"skipped":0,"pct":100},"statements":{"total":0,"covered":0,"skipped":0,"pct":100},"branches":{"total":0,"covered":0,"skipped":0,"pct":100}}
,"/Users/mauro/workspace/zea/engine/src/Renderer/GLSLConstants.js": {"lines":{"total":1,"covered":1,"skipped":0,"pct":100},"functions":{"total":0,"covered":0,"skipped":0,"pct":100},"statements":{"total":1,"covered":1,"skipped":0,"pct":100},"branches":{"total":0,"covered":0,"skipped":0,"pct":100}}
,"/Users/mauro/workspace/zea/engine/src/Renderer/GLShader.js": {"lines":{"total":164,"covered":2,"skipped":0,"pct":1.22},"functions":{"total":17,"covered":1,"skipped":0,"pct":5.88},"statements":{"total":174,"covered":2,"skipped":0,"pct":1.15},"branches":{"total":66,"covered":0,"skipped":0,"pct":0}}
,"/Users/mauro/workspace/zea/engine/src/Renderer/ShaderLibrary.js": {"lines":{"total":126,"covered":79,"skipped":0,"pct":62.7},"functions":{"total":9,"covered":8,"skipped":0,"pct":88.89},"statements":{"total":138,"covered":83,"skipped":0,"pct":60.14},"branches":{"total":52,"covered":31,"skipped":0,"pct":59.62}}
,"/Users/mauro/workspace/zea/engine/src/Renderer/Shaders/LinesShader.js": {"lines":{"total":15,"covered":1,"skipped":0,"pct":6.67},"functions":{"total":6,"covered":0,"skipped":0,"pct":0},"statements":{"total":16,"covered":1,"skipped":0,"pct":6.25},"branches":{"total":2,"covered":0,"skipped":0,"pct":0}}
,"/Users/mauro/workspace/zea/engine/src/Renderer/Shaders/SimpleSurfaceShader.js": {"lines":{"total":11,"covered":5,"skipped":0,"pct":45.45},"functions":{"total":4,"covered":1,"skipped":0,"pct":25},"statements":{"total":11,"covered":5,"skipped":0,"pct":45.45},"branches":{"total":0,"covered":0,"skipped":0,"pct":100}}
,"/Users/mauro/workspace/zea/engine/src/Renderer/Shaders/GLSL/drawItemTexture.js": {"lines":{"total":2,"covered":2,"skipped":0,"pct":100},"functions":{"total":0,"covered":0,"skipped":0,"pct":100},"statements":{"total":2,"covered":2,"skipped":0,"pct":100},"branches":{"total":0,"covered":0,"skipped":0,"pct":100}}
,"/Users/mauro/workspace/zea/engine/src/Renderer/Shaders/GLSL/glslutils.js": {"lines":{"total":1,"covered":1,"skipped":0,"pct":100},"functions":{"total":0,"covered":0,"skipped":0,"pct":100},"statements":{"total":1,"covered":1,"skipped":0,"pct":100},"branches":{"total":0,"covered":0,"skipped":0,"pct":100}}
,"/Users/mauro/workspace/zea/engine/src/Renderer/Shaders/GLSL/materialparams.js": {"lines":{"total":1,"covered":1,"skipped":0,"pct":100},"functions":{"total":0,"covered":0,"skipped":0,"pct":100},"statements":{"total":1,"covered":1,"skipped":0,"pct":100},"branches":{"total":0,"covered":0,"skipped":0,"pct":100}}
,"/Users/mauro/workspace/zea/engine/src/Renderer/Shaders/GLSL/modelMatrix.js": {"lines":{"total":1,"covered":1,"skipped":0,"pct":100},"functions":{"total":0,"covered":0,"skipped":0,"pct":100},"statements":{"total":1,"covered":1,"skipped":0,"pct":100},"branches":{"total":0,"covered":0,"skipped":0,"pct":100}}
,"/Users/mauro/workspace/zea/engine/src/Renderer/Shaders/GLSL/stack-gl/gamma.js": {"lines":{"total":1,"covered":1,"skipped":0,"pct":100},"functions":{"total":0,"covered":0,"skipped":0,"pct":100},"statements":{"total":1,"covered":1,"skipped":0,"pct":100},"branches":{"total":0,"covered":0,"skipped":0,"pct":100}}
,"/Users/mauro/workspace/zea/engine/src/Renderer/Shaders/GLSL/stack-gl/transpose.js": {"lines":{"total":1,"covered":1,"skipped":0,"pct":100},"functions":{"total":0,"covered":0,"skipped":0,"pct":100},"statements":{"total":1,"covered":1,"skipped":0,"pct":100},"branches":{"total":0,"covered":0,"skipped":0,"pct":100}}
,"/Users/mauro/workspace/zea/engine/src/SceneTree/BaseGeomItem.js": {"lines":{"total":32,"covered":6,"skipped":0,"pct":18.75},"functions":{"total":12,"covered":1,"skipped":0,"pct":8.33},"statements":{"total":33,"covered":6,"skipped":0,"pct":18.18},"branches":{"total":6,"covered":0,"skipped":0,"pct":0}}
,"/Users/mauro/workspace/zea/engine/src/SceneTree/BaseImage.js": {"lines":{"total":17,"covered":10,"skipped":0,"pct":58.82},"functions":{"total":8,"covered":1,"skipped":0,"pct":12.5},"statements":{"total":17,"covered":10,"skipped":0,"pct":58.82},"branches":{"total":0,"covered":0,"skipped":0,"pct":100}}
,"/Users/mauro/workspace/zea/engine/src/SceneTree/BaseItem.js": {"lines":{"total":58,"covered":42,"skipped":0,"pct":72.41},"functions":{"total":23,"covered":15,"skipped":0,"pct":65.22},"statements":{"total":61,"covered":45,"skipped":0,"pct":73.77},"branches":{"total":27,"covered":18,"skipped":0,"pct":66.67}}
,"/Users/mauro/workspace/zea/engine/src/SceneTree/BinReader.js": {"lines":{"total":141,"covered":26,"skipped":0,"pct":18.44},"functions":{"total":39,"covered":6,"skipped":0,"pct":15.38},"statements":{"total":153,"covered":27,"skipped":0,"pct":17.65},"branches":{"total":34,"covered":7,"skipped":0,"pct":20.59}}
,"/Users/mauro/workspace/zea/engine/src/SceneTree/GeomItem.js": {"lines":{"total":96,"covered":39,"skipped":0,"pct":40.63},"functions":{"total":21,"covered":9,"skipped":0,"pct":42.86},"statements":{"total":100,"covered":41,"skipped":0,"pct":41},"branches":{"total":34,"covered":9,"skipped":0,"pct":26.47}}
,"/Users/mauro/workspace/zea/engine/src/SceneTree/GridTreeItem.js": {"lines":{"total":31,"covered":1,"skipped":0,"pct":3.23},"functions":{"total":2,"covered":0,"skipped":0,"pct":0},"statements":{"total":31,"covered":1,"skipped":0,"pct":3.23},"branches":{"total":3,"covered":0,"skipped":0,"pct":0}}
,"/Users/mauro/workspace/zea/engine/src/SceneTree/Group.js": {"lines":{"total":251,"covered":157,"skipped":0,"pct":62.55},"functions":{"total":55,"covered":35,"skipped":0,"pct":63.64},"statements":{"total":262,"covered":165,"skipped":0,"pct":62.98},"branches":{"total":113,"covered":43,"skipped":0,"pct":38.05}}
,"/Users/mauro/workspace/zea/engine/src/SceneTree/Material.js": {"lines":{"total":99,"covered":33,"skipped":0,"pct":33.33},"functions":{"total":16,"covered":5,"skipped":0,"pct":31.25},"statements":{"total":111,"covered":36,"skipped":0,"pct":32.43},"branches":{"total":74,"covered":20,"skipped":0,"pct":27.03}}
,"/Users/mauro/workspace/zea/engine/src/SceneTree/ParameterOwner.js": {"lines":{"total":99,"covered":73,"skipped":0,"pct":73.74},"functions":{"total":23,"covered":17,"skipped":0,"pct":73.91},"statements":{"total":106,"covered":78,"skipped":0,"pct":73.58},"branches":{"total":28,"covered":16,"skipped":0,"pct":57.14}}
,"/Users/mauro/workspace/zea/engine/src/SceneTree/TreeItem.js": {"lines":{"total":326,"covered":154,"skipped":0,"pct":47.24},"functions":{"total":67,"covered":32,"skipped":0,"pct":47.76},"statements":{"total":351,"covered":165,"skipped":0,"pct":47.01},"branches":{"total":193,"covered":59,"skipped":0,"pct":30.57}}
,"/Users/mauro/workspace/zea/engine/src/SceneTree/Version.js": {"lines":{"total":27,"covered":14,"skipped":0,"pct":51.85},"functions":{"total":6,"covered":2,"skipped":0,"pct":33.33},"statements":{"total":35,"covered":16,"skipped":0,"pct":45.71},"branches":{"total":25,"covered":5,"skipped":0,"pct":20}}
,"/Users/mauro/workspace/zea/engine/src/SceneTree/Geometry/Attribute.js": {"lines":{"total":46,"covered":34,"skipped":0,"pct":73.91},"functions":{"total":18,"covered":13,"skipped":0,"pct":72.22},"statements":{"total":47,"covered":35,"skipped":0,"pct":74.47},"branches":{"total":23,"covered":14,"skipped":0,"pct":60.87}}
,"/Users/mauro/workspace/zea/engine/src/SceneTree/Geometry/BaseGeom.js": {"lines":{"total":162,"covered":50,"skipped":0,"pct":30.86},"functions":{"total":33,"covered":14,"skipped":0,"pct":42.42},"statements":{"total":180,"covered":54,"skipped":0,"pct":30},"branches":{"total":58,"covered":19,"skipped":0,"pct":32.76}}
,"/Users/mauro/workspace/zea/engine/src/SceneTree/Geometry/Lines.js": {"lines":{"total":39,"covered":26,"skipped":0,"pct":66.67},"functions":{"total":11,"covered":9,"skipped":0,"pct":81.82},"statements":{"total":45,"covered":29,"skipped":0,"pct":64.44},"branches":{"total":22,"covered":11,"skipped":0,"pct":50}}
,"/Users/mauro/workspace/zea/engine/src/SceneTree/Geometry/Mesh.js": {"lines":{"total":443,"covered":293,"skipped":0,"pct":66.14},"functions":{"total":50,"covered":38,"skipped":0,"pct":76},"statements":{"total":492,"covered":320,"skipped":0,"pct":65.04},"branches":{"total":204,"covered":89,"skipped":0,"pct":43.63}}
,"/Users/mauro/workspace/zea/engine/src/SceneTree/Geometry/Points.js": {"lines":{"total":28,"covered":2,"skipped":0,"pct":7.14},"functions":{"total":3,"covered":1,"skipped":0,"pct":33.33},"statements":{"total":32,"covered":2,"skipped":0,"pct":6.25},"branches":{"total":2,"covered":0,"skipped":0,"pct":0}}
,"/Users/mauro/workspace/zea/engine/src/SceneTree/Geometry/VertexAttribute.js": {"lines":{"total":99,"covered":40,"skipped":0,"pct":40.4},"functions":{"total":12,"covered":8,"skipped":0,"pct":66.67},"statements":{"total":113,"covered":41,"skipped":0,"pct":36.28},"branches":{"total":46,"covered":16,"skipped":0,"pct":34.78}}
,"/Users/mauro/workspace/zea/engine/src/SceneTree/Geometry/Shapes/Circle.js": {"lines":{"total":20,"covered":7,"skipped":0,"pct":35},"functions":{"total":3,"covered":1,"skipped":0,"pct":33.33},"statements":{"total":25,"covered":7,"skipped":0,"pct":28},"branches":{"total":13,"covered":7,"skipped":0,"pct":53.85}}
,"/Users/mauro/workspace/zea/engine/src/SceneTree/Geometry/Shapes/Cone.js": {"lines":{"total":63,"covered":11,"skipped":0,"pct":17.46},"functions":{"total":3,"covered":1,"skipped":0,"pct":33.33},"statements":{"total":70,"covered":11,"skipped":0,"pct":15.71},"branches":{"total":23,"covered":9,"skipped":0,"pct":39.13}}
,"/Users/mauro/workspace/zea/engine/src/SceneTree/Geometry/Shapes/Cross.js": {"lines":{"total":17,"covered":4,"skipped":0,"pct":23.53},"functions":{"total":3,"covered":1,"skipped":0,"pct":33.33},"statements":{"total":18,"covered":4,"skipped":0,"pct":22.22},"branches":{"total":3,"covered":2,"skipped":0,"pct":66.67}}
,"/Users/mauro/workspace/zea/engine/src/SceneTree/Geometry/Shapes/Cuboid.js": {"lines":{"total":65,"covered":17,"skipped":0,"pct":26.15},"functions":{"total":5,"covered":1,"skipped":0,"pct":20},"statements":{"total":70,"covered":17,"skipped":0,"pct":24.29},"branches":{"total":19,"covered":8,"skipped":0,"pct":42.11}}
,"/Users/mauro/workspace/zea/engine/src/SceneTree/Geometry/Shapes/Cylinder.js": {"lines":{"total":111,"covered":14,"skipped":0,"pct":12.61},"functions":{"total":3,"covered":1,"skipped":0,"pct":33.33},"statements":{"total":127,"covered":14,"skipped":0,"pct":11.02},"branches":{"total":36,"covered":13,"skipped":0,"pct":36.11}}
,"/Users/mauro/workspace/zea/engine/src/SceneTree/Geometry/Shapes/Disc.js": {"lines":{"total":34,"covered":8,"skipped":0,"pct":23.53},"functions":{"total":3,"covered":1,"skipped":0,"pct":33.33},"statements":{"total":39,"covered":8,"skipped":0,"pct":20.51},"branches":{"total":8,"covered":6,"skipped":0,"pct":75}}
,"/Users/mauro/workspace/zea/engine/src/SceneTree/Geometry/Shapes/Grid.js": {"lines":{"total":53,"covered":11,"skipped":0,"pct":20.75},"functions":{"total":3,"covered":1,"skipped":0,"pct":33.33},"statements":{"total":62,"covered":11,"skipped":0,"pct":17.74},"branches":{"total":37,"covered":10,"skipped":0,"pct":27.03}}
,"/Users/mauro/workspace/zea/engine/src/SceneTree/Geometry/Shapes/LinesCuboid.js": {"lines":{"total":38,"covered":6,"skipped":0,"pct":15.79},"functions":{"total":3,"covered":1,"skipped":0,"pct":33.33},"statements":{"total":40,"covered":6,"skipped":0,"pct":15},"branches":{"total":8,"covered":4,"skipped":0,"pct":50}}
,"/Users/mauro/workspace/zea/engine/src/SceneTree/Geometry/Shapes/Plane.js": {"lines":{"total":53,"covered":11,"skipped":0,"pct":20.75},"functions":{"total":3,"covered":1,"skipped":0,"pct":33.33},"statements":{"total":64,"covered":13,"skipped":0,"pct":20.31},"branches":{"total":20,"covered":13,"skipped":0,"pct":65}}
,"/Users/mauro/workspace/zea/engine/src/SceneTree/Geometry/Shapes/PointGrid.js": {"lines":{"total":25,"covered":10,"skipped":0,"pct":40},"functions":{"total":3,"covered":1,"skipped":0,"pct":33.33},"statements":{"total":31,"covered":11,"skipped":0,"pct":35.48},"branches":{"total":15,"covered":12,"skipped":0,"pct":80}}
,"/Users/mauro/workspace/zea/engine/src/SceneTree/Geometry/Shapes/ProceduralLines.js": {"lines":{"total":30,"covered":20,"skipped":0,"pct":66.67},"functions":{"total":9,"covered":4,"skipped":0,"pct":44.44},"statements":{"total":31,"covered":21,"skipped":0,"pct":67.74},"branches":{"total":8,"covered":3,"skipped":0,"pct":37.5}}
,"/Users/mauro/workspace/zea/engine/src/SceneTree/Geometry/Shapes/ProceduralMesh.js": {"lines":{"total":29,"covered":24,"skipped":0,"pct":82.76},"functions":{"total":8,"covered":5,"skipped":0,"pct":62.5},"statements":{"total":30,"covered":25,"skipped":0,"pct":83.33},"branches":{"total":8,"covered":4,"skipped":0,"pct":50}}
,"/Users/mauro/workspace/zea/engine/src/SceneTree/Geometry/Shapes/ProceduralPoints.js": {"lines":{"total":29,"covered":19,"skipped":0,"pct":65.52},"functions":{"total":8,"covered":3,"skipped":0,"pct":37.5},"statements":{"total":30,"covered":20,"skipped":0,"pct":66.67},"branches":{"total":8,"covered":3,"skipped":0,"pct":37.5}}
,"/Users/mauro/workspace/zea/engine/src/SceneTree/Geometry/Shapes/Rect.js": {"lines":{"total":22,"covered":22,"skipped":0,"pct":100},"functions":{"total":3,"covered":3,"skipped":0,"pct":100},"statements":{"total":23,"covered":22,"skipped":0,"pct":95.65},"branches":{"total":6,"covered":5,"skipped":0,"pct":83.33}}
,"/Users/mauro/workspace/zea/engine/src/SceneTree/Geometry/Shapes/Sphere.js": {"lines":{"total":91,"covered":74,"skipped":0,"pct":81.32},"functions":{"total":3,"covered":2,"skipped":0,"pct":66.67},"statements":{"total":100,"covered":80,"skipped":0,"pct":80},"branches":{"total":12,"covered":9,"skipped":0,"pct":75}}
,"/Users/mauro/workspace/zea/engine/src/SceneTree/Geometry/Shapes/Torus.js": {"lines":{"total":66,"covered":9,"skipped":0,"pct":13.64},"functions":{"total":3,"covered":1,"skipped":0,"pct":33.33},"statements":{"total":73,"covered":9,"skipped":0,"pct":12.33},"branches":{"total":10,"covered":8,"skipped":0,"pct":80}}
,"/Users/mauro/workspace/zea/engine/src/SceneTree/Operators/CalcGlobalXfoOperator.js": {"lines":{"total":17,"covered":17,"skipped":0,"pct":100},"functions":{"total":3,"covered":3,"skipped":0,"pct":100},"statements":{"total":17,"covered":17,"skipped":0,"pct":100},"branches":{"total":4,"covered":4,"skipped":0,"pct":100}}
,"/Users/mauro/workspace/zea/engine/src/SceneTree/Operators/GroupMemberXfoOperator.js": {"lines":{"total":25,"covered":24,"skipped":0,"pct":96},"functions":{"total":7,"covered":7,"skipped":0,"pct":100},"statements":{"total":25,"covered":24,"skipped":0,"pct":96},"branches":{"total":4,"covered":3,"skipped":0,"pct":75}}
,"/Users/mauro/workspace/zea/engine/src/SceneTree/Operators/Operator.js": {"lines":{"total":68,"covered":53,"skipped":0,"pct":77.94},"functions":{"total":30,"covered":20,"skipped":0,"pct":66.67},"statements":{"total":81,"covered":57,"skipped":0,"pct":70.37},"branches":{"total":30,"covered":17,"skipped":0,"pct":56.67}}
,"/Users/mauro/workspace/zea/engine/src/SceneTree/Operators/OperatorInput.js": {"lines":{"total":30,"covered":21,"skipped":0,"pct":70},"functions":{"total":16,"covered":11,"skipped":0,"pct":68.75},"statements":{"total":32,"covered":23,"skipped":0,"pct":71.88},"branches":{"total":22,"covered":10,"skipped":0,"pct":45.45}}
,"/Users/mauro/workspace/zea/engine/src/SceneTree/Operators/OperatorOutput.js": {"lines":{"total":44,"covered":36,"skipped":0,"pct":81.82},"functions":{"total":21,"covered":17,"skipped":0,"pct":80.95},"statements":{"total":44,"covered":36,"skipped":0,"pct":81.82},"branches":{"total":28,"covered":16,"skipped":0,"pct":57.14}}
,"/Users/mauro/workspace/zea/engine/src/SceneTree/Parameters/BooleanParameter.js": {"lines":{"total":4,"covered":4,"skipped":0,"pct":100},"functions":{"total":2,"covered":2,"skipped":0,"pct":100},"statements":{"total":4,"covered":4,"skipped":0,"pct":100},"branches":{"total":0,"covered":0,"skipped":0,"pct":100}}
,"/Users/mauro/workspace/zea/engine/src/SceneTree/Parameters/BoundingBoxParameter.js": {"lines":{"total":8,"covered":8,"skipped":0,"pct":100},"functions":{"total":3,"covered":3,"skipped":0,"pct":100},"statements":{"total":8,"covered":8,"skipped":0,"pct":100},"branches":{"total":2,"covered":1,"skipped":0,"pct":50}}
,"/Users/mauro/workspace/zea/engine/src/SceneTree/Parameters/CodeParameter.js": {"lines":{"total":7,"covered":7,"skipped":0,"pct":100},"functions":{"total":4,"covered":4,"skipped":0,"pct":100},"statements":{"total":7,"covered":7,"skipped":0,"pct":100},"branches":{"total":1,"covered":1,"skipped":0,"pct":100}}
,"/Users/mauro/workspace/zea/engine/src/SceneTree/Parameters/ColorParameter.js": {"lines":{"total":7,"covered":4,"skipped":0,"pct":57.14},"functions":{"total":3,"covered":2,"skipped":0,"pct":66.67},"statements":{"total":7,"covered":4,"skipped":0,"pct":57.14},"branches":{"total":2,"covered":2,"skipped":0,"pct":100}}
,"/Users/mauro/workspace/zea/engine/src/SceneTree/Parameters/GeometryParameter.js": {"lines":{"total":18,"covered":14,"skipped":0,"pct":77.78},"functions":{"total":7,"covered":5,"skipped":0,"pct":71.43},"statements":{"total":18,"covered":14,"skipped":0,"pct":77.78},"branches":{"total":8,"covered":5,"skipped":0,"pct":62.5}}
,"/Users/mauro/workspace/zea/engine/src/SceneTree/Parameters/ImageParameter.js": {"lines":{"total":11,"covered":1,"skipped":0,"pct":9.09},"functions":{"total":4,"covered":0,"skipped":0,"pct":0},"statements":{"total":11,"covered":1,"skipped":0,"pct":9.09},"branches":{"total":4,"covered":0,"skipped":0,"pct":0}}
,"/Users/mauro/workspace/zea/engine/src/SceneTree/Parameters/ItemSetParameter.js": {"lines":{"total":36,"covered":19,"skipped":0,"pct":52.78},"functions":{"total":15,"covered":8,"skipped":0,"pct":53.33},"statements":{"total":43,"covered":22,"skipped":0,"pct":51.16},"branches":{"total":23,"covered":9,"skipped":0,"pct":39.13}}
,"/Users/mauro/workspace/zea/engine/src/SceneTree/Parameters/ListParameter.js": {"lines":{"total":47,"covered":3,"skipped":0,"pct":6.38},"functions":{"total":12,"covered":1,"skipped":0,"pct":8.33},"statements":{"total":54,"covered":3,"skipped":0,"pct":5.56},"branches":{"total":14,"covered":0,"skipped":0,"pct":0}}
,"/Users/mauro/workspace/zea/engine/src/SceneTree/Parameters/Mat3Parameter.js": {"lines":{"total":5,"covered":5,"skipped":0,"pct":100},"functions":{"total":3,"covered":3,"skipped":0,"pct":100},"statements":{"total":5,"covered":5,"skipped":0,"pct":100},"branches":{"total":2,"covered":2,"skipped":0,"pct":100}}
,"/Users/mauro/workspace/zea/engine/src/SceneTree/Parameters/Mat4Parameter.js": {"lines":{"total":5,"covered":5,"skipped":0,"pct":100},"functions":{"total":3,"covered":3,"skipped":0,"pct":100},"statements":{"total":5,"covered":5,"skipped":0,"pct":100},"branches":{"total":2,"covered":2,"skipped":0,"pct":100}}
,"/Users/mauro/workspace/zea/engine/src/SceneTree/Parameters/MaterialColorParam.js": {"lines":{"total":32,"covered":14,"skipped":0,"pct":43.75},"functions":{"total":8,"covered":4,"skipped":0,"pct":50},"statements":{"total":32,"covered":14,"skipped":0,"pct":43.75},"branches":{"total":14,"covered":5,"skipped":0,"pct":35.71}}
,"/Users/mauro/workspace/zea/engine/src/SceneTree/Parameters/MaterialFloatParam.js": {"lines":{"total":27,"covered":9,"skipped":0,"pct":33.33},"functions":{"total":7,"covered":3,"skipped":0,"pct":42.86},"statements":{"total":27,"covered":9,"skipped":0,"pct":33.33},"branches":{"total":14,"covered":3,"skipped":0,"pct":21.43}}
,"/Users/mauro/workspace/zea/engine/src/SceneTree/Parameters/MaterialParameter.js": {"lines":{"total":31,"covered":20,"skipped":0,"pct":64.52},"functions":{"total":7,"covered":5,"skipped":0,"pct":71.43},"statements":{"total":31,"covered":20,"skipped":0,"pct":64.52},"branches":{"total":28,"covered":13,"skipped":0,"pct":46.43}}
,"/Users/mauro/workspace/zea/engine/src/SceneTree/Parameters/MultiChoiceParameter.js": {"lines":{"total":7,"covered":5,"skipped":0,"pct":71.43},"functions":{"total":3,"covered":2,"skipped":0,"pct":66.67},"statements":{"total":7,"covered":5,"skipped":0,"pct":71.43},"branches":{"total":2,"covered":1,"skipped":0,"pct":50}}
,"/Users/mauro/workspace/zea/engine/src/SceneTree/Parameters/NumberParameter.js": {"lines":{"total":24,"covered":20,"skipped":0,"pct":83.33},"functions":{"total":9,"covered":5,"skipped":0,"pct":55.56},"statements":{"total":29,"covered":24,"skipped":0,"pct":82.76},"branches":{"total":15,"covered":14,"skipped":0,"pct":93.33}}
,"/Users/mauro/workspace/zea/engine/src/SceneTree/Parameters/Parameter.js": {"lines":{"total":116,"covered":97,"skipped":0,"pct":83.62},"functions":{"total":24,"covered":21,"skipped":0,"pct":87.5},"statements":{"total":126,"covered":106,"skipped":0,"pct":84.13},"branches":{"total":63,"covered":52,"skipped":0,"pct":82.54}}
,"/Users/mauro/workspace/zea/engine/src/SceneTree/Parameters/QuatParameter.js": {"lines":{"total":5,"covered":5,"skipped":0,"pct":100},"functions":{"total":3,"covered":3,"skipped":0,"pct":100},"statements":{"total":5,"covered":5,"skipped":0,"pct":100},"branches":{"total":2,"covered":2,"skipped":0,"pct":100}}
,"/Users/mauro/workspace/zea/engine/src/SceneTree/Parameters/StringParameter.js": {"lines":{"total":9,"covered":7,"skipped":0,"pct":77.78},"functions":{"total":5,"covered":3,"skipped":0,"pct":60},"statements":{"total":9,"covered":7,"skipped":0,"pct":77.78},"branches":{"total":1,"covered":1,"skipped":0,"pct":100}}
,"/Users/mauro/workspace/zea/engine/src/SceneTree/Parameters/StructParameter.js": {"lines":{"total":28,"covered":1,"skipped":0,"pct":3.57},"functions":{"total":9,"covered":0,"skipped":0,"pct":0},"statements":{"total":34,"covered":1,"skipped":0,"pct":2.94},"branches":{"total":8,"covered":0,"skipped":0,"pct":0}}
,"/Users/mauro/workspace/zea/engine/src/SceneTree/Parameters/TreeItemParameter.js": {"lines":{"total":28,"covered":11,"skipped":0,"pct":39.29},"functions":{"total":13,"covered":2,"skipped":0,"pct":15.38},"statements":{"total":29,"covered":11,"skipped":0,"pct":37.93},"branches":{"total":15,"covered":6,"skipped":0,"pct":40}}
,"/Users/mauro/workspace/zea/engine/src/SceneTree/Parameters/Vec2Parameter.js": {"lines":{"total":9,"covered":6,"skipped":0,"pct":66.67},"functions":{"total":5,"covered":3,"skipped":0,"pct":60},"statements":{"total":9,"covered":6,"skipped":0,"pct":66.67},"branches":{"total":3,"covered":3,"skipped":0,"pct":100}}
,"/Users/mauro/workspace/zea/engine/src/SceneTree/Parameters/Vec3Parameter.js": {"lines":{"total":5,"covered":5,"skipped":0,"pct":100},"functions":{"total":3,"covered":3,"skipped":0,"pct":100},"statements":{"total":5,"covered":5,"skipped":0,"pct":100},"branches":{"total":3,"covered":3,"skipped":0,"pct":100}}
,"/Users/mauro/workspace/zea/engine/src/SceneTree/Parameters/Vec4Parameter.js": {"lines":{"total":5,"covered":5,"skipped":0,"pct":100},"functions":{"total":3,"covered":3,"skipped":0,"pct":100},"statements":{"total":5,"covered":5,"skipped":0,"pct":100},"branches":{"total":2,"covered":2,"skipped":0,"pct":100}}
,"/Users/mauro/workspace/zea/engine/src/SceneTree/Parameters/XfoParameter.js": {"lines":{"total":5,"covered":5,"skipped":0,"pct":100},"functions":{"total":3,"covered":3,"skipped":0,"pct":100},"statements":{"total":5,"covered":5,"skipped":0,"pct":100},"branches":{"total":2,"covered":2,"skipped":0,"pct":100}}
,"/Users/mauro/workspace/zea/engine/src/SceneTree/Parameters/index.js": {"lines":{"total":0,"covered":0,"skipped":0,"pct":100},"functions":{"total":0,"covered":0,"skipped":0,"pct":100},"statements":{"total":0,"covered":0,"skipped":0,"pct":100},"branches":{"total":0,"covered":0,"skipped":0,"pct":100}}
,"/Users/mauro/workspace/zea/engine/src/SceneTree/_fixtures_/GeomItem.fixture.js": {"lines":{"total":0,"covered":0,"skipped":0,"pct":100},"functions":{"total":0,"covered":0,"skipped":0,"pct":100},"statements":{"total":0,"covered":0,"skipped":0,"pct":100},"branches":{"total":0,"covered":0,"skipped":0,"pct":100}}
,"/Users/mauro/workspace/zea/engine/src/Utilities/EventEmitter.js": {"lines":{"total":45,"covered":31,"skipped":0,"pct":68.89},"functions":{"total":11,"covered":8,"skipped":0,"pct":72.73},"statements":{"total":46,"covered":31,"skipped":0,"pct":67.39},"branches":{"total":24,"covered":19,"skipped":0,"pct":79.17}}
,"/Users/mauro/workspace/zea/engine/src/Utilities/MathFunctions.js": {"lines":{"total":114,"covered":96,"skipped":0,"pct":84.21},"functions":{"total":20,"covered":20,"skipped":0,"pct":100},"statements":{"total":119,"covered":101,"skipped":0,"pct":84.87},"branches":{"total":56,"covered":27,"skipped":0,"pct":48.21}}
,"/Users/mauro/workspace/zea/engine/src/Utilities/StringFunctions.js": {"lines":{"total":10,"covered":10,"skipped":0,"pct":100},"functions":{"total":4,"covered":4,"skipped":0,"pct":100},"statements":{"total":11,"covered":10,"skipped":0,"pct":90.91},"branches":{"total":8,"covered":6,"skipped":0,"pct":75}}
}
