TN:
SF:src/Math/AttrValue.js
FN:17,(anonymous_0)
FN:33,(anonymous_1)
FN:43,(anonymous_2)
FN:54,(anonymous_3)
FN:63,(anonymous_4)
FN:72,(anonymous_5)
FNF:6
FNH:1
FNDA:1280,(anonymous_0)
FNDA:0,(anonymous_1)
FNDA:0,(anonymous_2)
FNDA:0,(anonymous_3)
FNDA:0,(anonymous_4)
FNDA:0,(anonymous_5)
DA:18,1280
DA:19,1280
DA:22,0
DA:34,0
DA:44,0
DA:55,0
DA:65,0
DA:73,0
LF:8
LH:2
BRDA:19,0,0,1280
BRDA:19,0,1,0
BRDA:19,1,0,1280
BRDA:19,1,1,1280
BRF:4
BRH:3
end_of_record
TN:
SF:src/Math/Box2.js
FN:22,(anonymous_0)
FN:41,(anonymous_1)
FN:52,(anonymous_2)
FN:64,(anonymous_3)
FN:78,(anonymous_4)
FN:95,(anonymous_5)
FN:104,(anonymous_6)
FN:113,(anonymous_7)
FN:129,(anonymous_8)
FN:141,(anonymous_9)
FN:153,(anonymous_10)
FNF:11
FNH:0
FNDA:0,(anonymous_0)
FNDA:0,(anonymous_1)
FNDA:0,(anonymous_2)
FNDA:0,(anonymous_3)
FNDA:0,(anonymous_4)
FNDA:0,(anonymous_5)
FNDA:0,(anonymous_6)
FNDA:0,(anonymous_7)
FNDA:0,(anonymous_8)
FNDA:0,(anonymous_9)
FNDA:0,(anonymous_10)
DA:23,0
DA:24,0
DA:26,0
DA:28,0
DA:29,0
DA:31,0
DA:42,0
DA:43,0
DA:53,0
DA:54,0
DA:55,0
DA:56,0
DA:65,0
DA:79,0
DA:80,0
DA:81,0
DA:82,0
DA:84,0
DA:85,0
DA:86,0
DA:87,0
DA:96,0
DA:105,0
DA:114,0
DA:115,0
DA:116,0
DA:117,0
DA:130,0
DA:142,0
DA:155,0
DA:159,22
LF:31
LH:1
BRDA:22,0,0,0
BRDA:22,1,0,0
BRDA:23,2,0,0
BRDA:23,2,1,0
BRDA:28,3,0,0
BRDA:28,3,1,0
BRDA:66,4,0,0
BRDA:66,4,1,0
BRDA:66,4,2,0
BRDA:66,4,3,0
BRDA:79,5,0,0
BRDA:79,5,1,0
BRDA:79,6,0,0
BRDA:79,6,1,0
BRDA:81,7,0,0
BRDA:81,7,1,0
BRDA:81,8,0,0
BRDA:81,8,1,0
BRDA:84,9,0,0
BRDA:84,9,1,0
BRDA:84,10,0,0
BRDA:84,10,1,0
BRDA:86,11,0,0
BRDA:86,11,1,0
BRDA:86,12,0,0
BRDA:86,12,1,0
BRF:26
BRH:0
end_of_record
TN:
SF:src/Math/Box3.js
FN:24,(anonymous_0)
FN:54,(anonymous_1)
FN:63,(anonymous_2)
FN:73,(anonymous_3)
FN:81,(anonymous_4)
FN:95,(anonymous_5)
FN:111,(anonymous_6)
FN:142,(anonymous_7)
FN:176,(anonymous_8)
FN:185,(anonymous_9)
FN:194,(anonymous_10)
FN:206,(anonymous_11)
FN:235,(anonymous_12)
FN:245,(anonymous_13)
FN:263,(anonymous_14)
FN:282,(anonymous_15)
FN:320,(anonymous_16)
FN:333,(anonymous_17)
FN:342,(anonymous_18)
FN:354,(anonymous_19)
FN:366,(anonymous_20)
FN:377,(anonymous_21)
FN:387,(anonymous_22)
FN:397,(anonymous_23)
FNF:24
FNH:1
FNDA:76,(anonymous_0)
FNDA:0,(anonymous_1)
FNDA:0,(anonymous_2)
FNDA:0,(anonymous_3)
FNDA:0,(anonymous_4)
FNDA:0,(anonymous_5)
FNDA:0,(anonymous_6)
FNDA:0,(anonymous_7)
FNDA:0,(anonymous_8)
FNDA:0,(anonymous_9)
FNDA:0,(anonymous_10)
FNDA:0,(anonymous_11)
FNDA:0,(anonymous_12)
FNDA:0,(anonymous_13)
FNDA:0,(anonymous_14)
FNDA:0,(anonymous_15)
FNDA:0,(anonymous_16)
FNDA:0,(anonymous_17)
FNDA:0,(anonymous_18)
FNDA:0,(anonymous_19)
FNDA:0,(anonymous_20)
FNDA:0,(anonymous_21)
FNDA:0,(anonymous_22)
FNDA:0,(anonymous_23)
DA:25,76
DA:26,0
DA:27,0
DA:29,76
DA:30,0
DA:32,76
DA:38,76
DA:39,0
DA:41,76
DA:55,0
DA:64,0
DA:74,0
DA:75,0
DA:82,0
DA:83,0
DA:84,0
DA:85,0
DA:86,0
DA:87,0
DA:96,0
DA:112,0
DA:116,0
DA:117,0
DA:119,0
DA:123,0
DA:124,0
DA:126,0
DA:130,0
DA:131,0
DA:143,0
DA:145,0
DA:146,0
DA:149,0
DA:152,0
DA:155,0
DA:158,0
DA:161,0
DA:164,0
DA:166,0
DA:167,0
DA:177,0
DA:186,0
DA:195,0
DA:196,0
DA:197,0
DA:198,0
DA:207,0
DA:208,0
DA:209,0
DA:210,0
DA:236,0
DA:247,0
DA:270,0
DA:289,0
DA:290,0
DA:291,0
DA:293,0
DA:294,0
DA:297,0
DA:298,0
DA:299,0
DA:301,0
DA:302,0
DA:305,0
DA:306,0
DA:307,0
DA:309,0
DA:310,0
DA:313,0
DA:321,0
DA:334,0
DA:343,0
DA:355,0
DA:367,0
DA:368,0
DA:378,0
DA:379,0
DA:388,0
DA:389,0
DA:399,0
DA:403,22
LF:81
LH:6
BRDA:24,0,0,76
BRDA:24,1,0,76
BRDA:25,2,0,0
BRDA:25,2,1,76
BRDA:29,3,0,0
BRDA:29,3,1,76
BRDA:38,4,0,0
BRDA:38,4,1,76
BRDA:97,5,0,0
BRDA:97,5,1,0
BRDA:97,5,2,0
BRDA:97,5,3,0
BRDA:97,5,4,0
BRDA:97,5,5,0
BRDA:112,6,0,0
BRDA:112,6,1,0
BRDA:113,7,0,0
BRDA:113,7,1,0
BRDA:116,8,0,0
BRDA:116,8,1,0
BRDA:117,9,0,0
BRDA:117,9,1,0
BRDA:119,10,0,0
BRDA:119,10,1,0
BRDA:120,11,0,0
BRDA:120,11,1,0
BRDA:123,12,0,0
BRDA:123,12,1,0
BRDA:124,13,0,0
BRDA:124,13,1,0
BRDA:126,14,0,0
BRDA:126,14,1,0
BRDA:127,15,0,0
BRDA:127,15,1,0
BRDA:130,16,0,0
BRDA:130,16,1,0
BRDA:131,17,0,0
BRDA:131,17,1,0
BRDA:142,18,0,0
BRDA:143,19,0,0
BRDA:143,19,1,0
BRDA:247,20,0,0
BRDA:247,20,1,0
BRDA:247,21,0,0
BRDA:247,21,1,0
BRDA:247,21,2,0
BRDA:247,21,3,0
BRDA:247,21,4,0
BRDA:247,21,5,0
BRDA:289,22,0,0
BRDA:289,22,1,0
BRDA:297,23,0,0
BRDA:297,23,1,0
BRDA:305,24,0,0
BRDA:305,24,1,0
BRDA:313,25,0,0
BRDA:313,25,1,0
BRF:57
BRH:5
end_of_record
TN:
SF:src/Math/Color.js
FN:19,(anonymous_0)
FN:50,(anonymous_1)
FN:59,(anonymous_2)
FN:68,(anonymous_3)
FN:76,(anonymous_4)
FN:85,(anonymous_5)
FN:94,(anonymous_6)
FN:103,(anonymous_7)
FN:111,(anonymous_8)
FN:123,(anonymous_9)
FN:135,(anonymous_10)
FN:147,(anonymous_11)
FN:159,(anonymous_12)
FN:168,(anonymous_13)
FN:184,(anonymous_14)
FN:196,(anonymous_15)
FN:208,(anonymous_16)
FN:220,(anonymous_17)
FN:221,hexToRgb
FN:244,(anonymous_19)
FN:245,(anonymous_20)
FN:407,(anonymous_21)
FN:408,componentToHex
FN:427,(anonymous_23)
FN:437,(anonymous_24)
FN:448,(anonymous_25)
FN:463,(anonymous_26)
FN:473,(anonymous_27)
FN:483,(anonymous_28)
FN:492,(anonymous_29)
FN:504,(anonymous_30)
FN:514,(anonymous_31)
FN:524,(anonymous_32)
FN:538,(anonymous_33)
FN:549,(anonymous_34)
FN:564,(anonymous_35)
FN:589,(anonymous_36)
FN:598,(anonymous_37)
FN:608,(anonymous_38)
FN:621,(anonymous_39)
FN:632,(anonymous_40)
FN:641,(anonymous_41)
FN:653,(anonymous_42)
FN:667,(anonymous_43)
FN:679,(anonymous_44)
FN:691,(anonymous_45)
FNF:46
FNH:18
FNDA:47,(anonymous_0)
FNDA:14,(anonymous_1)
FNDA:12,(anonymous_2)
FNDA:14,(anonymous_3)
FNDA:12,(anonymous_4)
FNDA:14,(anonymous_5)
FNDA:12,(anonymous_6)
FNDA:14,(anonymous_7)
FNDA:22,(anonymous_8)
FNDA:0,(anonymous_9)
FNDA:0,(anonymous_10)
FNDA:0,(anonymous_11)
FNDA:0,(anonymous_12)
FNDA:0,(anonymous_13)
FNDA:10,(anonymous_14)
FNDA:0,(anonymous_15)
FNDA:0,(anonymous_16)
FNDA:10,(anonymous_17)
FNDA:10,hexToRgb
FNDA:5,(anonymous_19)
FNDA:5,(anonymous_20)
FNDA:0,(anonymous_21)
FNDA:0,componentToHex
FNDA:0,(anonymous_23)
FNDA:0,(anonymous_24)
FNDA:0,(anonymous_25)
FNDA:0,(anonymous_26)
FNDA:0,(anonymous_27)
FNDA:0,(anonymous_28)
FNDA:0,(anonymous_29)
FNDA:0,(anonymous_30)
FNDA:0,(anonymous_31)
FNDA:0,(anonymous_32)
FNDA:0,(anonymous_33)
FNDA:5,(anonymous_34)
FNDA:0,(anonymous_35)
FNDA:1,(anonymous_36)
FNDA:0,(anonymous_37)
FNDA:0,(anonymous_38)
FNDA:0,(anonymous_39)
FNDA:0,(anonymous_40)
FNDA:0,(anonymous_41)
FNDA:4,(anonymous_42)
FNDA:2,(anonymous_43)
FNDA:0,(anonymous_44)
FNDA:0,(anonymous_45)
DA:20,47
DA:22,47
DA:23,0
DA:24,47
DA:25,0
DA:26,0
DA:27,0
DA:29,47
DA:30,47
DA:31,10
DA:32,5
DA:34,5
DA:37,37
DA:38,37
DA:39,37
DA:40,37
DA:51,14
DA:60,12
DA:69,14
DA:77,12
DA:86,14
DA:95,12
DA:104,14
DA:112,22
DA:124,0
DA:125,0
DA:126,0
DA:127,0
DA:136,0
DA:137,0
DA:138,0
DA:139,0
DA:148,0
DA:149,0
DA:150,0
DA:151,0
DA:160,0
DA:169,0
DA:185,10
DA:186,10
DA:187,10
DA:188,10
DA:197,0
DA:198,0
DA:199,0
DA:200,0
DA:209,0
DA:210,0
DA:211,0
DA:212,0
DA:222,10
DA:223,10
DA:231,10
DA:232,10
DA:233,0
DA:234,0
DA:236,10
DA:245,5
DA:246,5
DA:390,5
DA:391,5
DA:393,0
DA:395,5
DA:396,0
DA:398,5
DA:409,0
DA:410,0
DA:411,0
DA:413,0
DA:428,0
DA:438,0
DA:449,0
DA:464,0
DA:474,0
DA:484,0
DA:493,0
DA:494,0
DA:495,0
DA:496,0
DA:505,0
DA:515,0
DA:525,0
DA:539,0
DA:550,5
DA:551,5
DA:552,5
DA:553,5
DA:554,5
DA:565,0
DA:566,0
DA:572,0
DA:573,0
DA:580,0
DA:590,1
DA:599,0
DA:609,0
DA:622,0
DA:633,0
DA:642,0
DA:654,4
DA:668,2
DA:669,2
DA:670,2
DA:671,2
DA:680,0
DA:681,0
DA:682,0
DA:683,0
DA:692,0
DA:706,22
LF:110
LH:47
BRDA:19,0,0,11
BRDA:19,1,0,21
BRDA:19,2,0,21
BRDA:19,3,0,41
BRDA:22,4,0,0
BRDA:22,4,1,47
BRDA:24,5,0,0
BRDA:24,5,1,47
BRDA:30,6,0,10
BRDA:30,6,1,37
BRDA:31,7,0,5
BRDA:31,7,1,5
BRDA:123,8,0,0
BRDA:151,9,0,0
BRDA:151,9,1,0
BRDA:188,10,0,0
BRDA:188,10,1,10
BRDA:200,11,0,0
BRDA:200,11,1,0
BRDA:212,12,0,0
BRDA:212,12,1,0
BRDA:223,13,0,10
BRDA:223,13,1,0
BRDA:232,14,0,0
BRDA:232,14,1,10
BRDA:390,15,0,5
BRDA:390,15,1,0
BRDA:395,16,0,0
BRDA:395,16,1,5
BRDA:411,17,0,0
BRDA:411,17,1,0
BRDA:428,18,0,0
BRDA:428,18,1,0
BRDA:428,18,2,0
BRDA:428,18,3,0
BRDA:438,19,0,0
BRDA:438,19,1,0
BRDA:438,19,2,0
BRDA:438,19,3,0
BRDA:448,20,0,0
BRDA:450,21,0,0
BRDA:450,21,1,0
BRDA:450,21,2,0
BRDA:450,21,3,0
BRDA:514,22,0,0
BRDA:524,23,0,0
BRDA:564,24,0,0
BRDA:564,25,0,0
BRDA:565,26,0,0
BRDA:565,26,1,0
BRDA:570,27,0,0
BRDA:570,27,1,0
BRDA:572,28,0,0
BRDA:572,28,1,0
BRDA:577,29,0,0
BRDA:577,29,1,0
BRDA:580,30,0,0
BRDA:580,30,1,0
BRDA:632,31,0,0
BRF:59
BRH:15
end_of_record
TN:
SF:src/Math/Common.js
FN:18,(anonymous_0)
FN:22,(anonymous_1)
FN:26,(anonymous_2)
FN:30,(anonymous_3)
FN:35,(anonymous_4)
FN:49,(anonymous_5)
FN:54,(anonymous_6)
FN:59,(anonymous_7)
FN:64,(anonymous_8)
FN:70,(anonymous_9)
FN:77,(anonymous_10)
FN:83,JSON_stringify_fixedPrecision
FN:86,(anonymous_12)
FN:93,(anonymous_13)
FN:101,(anonymous_14)
FN:105,(anonymous_15)
FN:110,(anonymous_16)
FN:116,(anonymous_17)
FN:120,(anonymous_18)
FN:124,(anonymous_19)
FN:132,(anonymous_20)
FN:142,(anonymous_21)
FN:146,(anonymous_22)
FN:155,(anonymous_23)
FN:158,(anonymous_24)
FN:204,(anonymous_25)
FN:221,(anonymous_26)
FN:256,(anonymous_27)
FN:262,(anonymous_28)
FN:304,(anonymous_29)
FN:318,(anonymous_30)
FN:323,(anonymous_31)
FNF:32
FNH:4
FNDA:0,(anonymous_0)
FNDA:0,(anonymous_1)
FNDA:0,(anonymous_2)
FNDA:0,(anonymous_3)
FNDA:0,(anonymous_4)
FNDA:0,(anonymous_5)
FNDA:203,(anonymous_6)
FNDA:0,(anonymous_7)
FNDA:0,(anonymous_8)
FNDA:0,(anonymous_9)
FNDA:0,(anonymous_10)
FNDA:0,JSON_stringify_fixedPrecision
FNDA:0,(anonymous_12)
FNDA:1,(anonymous_13)
FNDA:1,(anonymous_14)
FNDA:0,(anonymous_15)
FNDA:1,(anonymous_16)
FNDA:0,(anonymous_17)
FNDA:0,(anonymous_18)
FNDA:0,(anonymous_19)
FNDA:0,(anonymous_20)
FNDA:0,(anonymous_21)
FNDA:0,(anonymous_22)
FNDA:0,(anonymous_23)
FNDA:0,(anonymous_24)
FNDA:0,(anonymous_25)
FNDA:0,(anonymous_26)
FNDA:0,(anonymous_27)
FNDA:0,(anonymous_28)
FNDA:0,(anonymous_29)
FNDA:0,(anonymous_30)
FNDA:0,(anonymous_31)
DA:6,40
DA:7,40
DA:8,40
DA:10,40
DA:11,40
DA:12,40
DA:13,40
DA:14,40
DA:15,40
DA:16,40
DA:18,40
DA:19,0
DA:22,40
DA:23,0
DA:26,40
DA:27,0
DA:30,40
DA:31,0
DA:32,0
DA:35,40
DA:36,0
DA:40,0
DA:41,0
DA:42,0
DA:43,0
DA:44,0
DA:46,0
DA:49,40
DA:50,0
DA:54,40
DA:55,203
DA:59,40
DA:60,0
DA:64,40
DA:65,0
DA:70,40
DA:71,0
DA:72,0
DA:73,0
DA:77,40
DA:78,0
DA:79,0
DA:80,0
DA:84,0
DA:87,0
DA:93,40
DA:94,1
DA:95,1
DA:96,1
DA:99,40
DA:101,40
DA:102,1
DA:105,40
DA:106,0
DA:107,0
DA:110,40
DA:111,1
DA:114,40
DA:116,40
DA:117,0
DA:120,40
DA:121,0
DA:124,40
DA:125,0
DA:126,0
DA:127,0
DA:128,0
DA:130,0
DA:132,40
DA:133,0
DA:134,0
DA:135,0
DA:136,0
DA:138,0
DA:139,0
DA:142,40
DA:143,0
DA:146,40
DA:147,0
DA:148,0
DA:155,40
DA:156,0
DA:157,0
DA:158,0
DA:159,0
DA:160,0
DA:161,0
DA:165,0
DA:166,0
DA:170,0
DA:171,0
DA:174,0
DA:175,0
DA:179,0
DA:180,0
DA:183,0
DA:184,0
DA:187,0
DA:190,0
DA:192,0
DA:194,0
DA:195,0
DA:197,0
DA:204,40
DA:205,0
DA:206,0
DA:208,0
DA:209,0
DA:210,0
DA:212,0
DA:213,0
DA:214,0
DA:215,0
DA:216,0
DA:218,0
DA:221,40
DA:222,0
DA:224,0
DA:225,0
DA:226,0
DA:227,0
DA:228,0
DA:229,0
DA:230,0
DA:231,0
DA:236,0
DA:237,0
DA:239,0
DA:242,0
DA:243,0
DA:244,0
DA:246,0
DA:247,0
DA:249,0
DA:250,0
DA:253,0
DA:256,40
DA:257,0
DA:258,0
DA:259,0
DA:260,0
DA:262,0
DA:263,0
DA:264,0
DA:265,0
DA:269,0
DA:270,0
DA:274,0
DA:275,0
DA:278,0
DA:279,0
DA:283,0
DA:284,0
DA:287,0
DA:288,0
DA:291,0
DA:294,0
DA:296,0
DA:299,0
DA:304,40
DA:305,0
DA:306,0
DA:307,0
DA:309,0
DA:310,0
DA:311,0
DA:312,0
DA:315,0
DA:318,40
DA:319,0
DA:320,0
DA:323,40
DA:324,0
DA:327,40
LF:174
LH:47
BRDA:27,0,0,0
BRDA:27,0,1,0
BRDA:40,1,0,0
BRDA:40,1,1,0
BRDA:83,2,0,0
BRDA:83,3,0,0
BRDA:87,4,0,0
BRDA:87,4,1,0
BRDA:87,5,0,0
BRDA:87,5,1,0
BRDA:133,6,0,0
BRDA:133,6,1,0
BRDA:134,7,0,0
BRDA:134,7,1,0
BRDA:135,8,0,0
BRDA:135,8,1,0
BRDA:138,9,0,0
BRDA:138,9,1,0
BRDA:165,10,0,0
BRDA:165,10,1,0
BRDA:170,11,0,0
BRDA:170,11,1,0
BRDA:174,12,0,0
BRDA:174,12,1,0
BRDA:174,13,0,0
BRDA:174,13,1,0
BRDA:179,14,0,0
BRDA:179,14,1,0
BRDA:208,15,0,0
BRDA:208,15,1,0
BRDA:212,16,0,0
BRDA:212,16,1,0
BRDA:214,17,0,0
BRDA:214,17,1,0
BRDA:222,18,0,0
BRDA:222,18,1,0
BRDA:224,19,0,0
BRDA:224,19,1,0
BRDA:229,20,0,0
BRDA:229,20,1,0
BRDA:236,21,0,0
BRDA:236,21,1,0
BRDA:249,22,0,0
BRDA:249,22,1,0
BRDA:269,23,0,0
BRDA:269,23,1,0
BRDA:274,24,0,0
BRDA:274,24,1,0
BRDA:278,25,0,0
BRDA:278,25,1,0
BRDA:278,26,0,0
BRDA:278,26,1,0
BRDA:283,27,0,0
BRDA:283,27,1,0
BRDA:309,28,0,0
BRDA:309,28,1,0
BRDA:310,29,0,0
BRDA:310,29,1,0
BRDA:311,30,0,0
BRDA:311,30,1,0
BRDA:312,31,0,0
BRDA:312,31,1,0
BRDA:312,32,0,0
BRDA:312,32,1,0
BRDA:315,33,0,0
BRDA:315,33,1,0
BRF:66
BRH:0
end_of_record
TN:
SF:src/Math/EulerAngles.js
FN:23,(anonymous_0)
FN:68,(anonymous_1)
FN:77,(anonymous_2)
FN:86,(anonymous_3)
FN:95,(anonymous_4)
FN:104,(anonymous_5)
FN:113,(anonymous_6)
FN:124,(anonymous_7)
FNF:8
FNH:0
FNDA:0,(anonymous_0)
FNDA:0,(anonymous_1)
FNDA:0,(anonymous_2)
FNDA:0,(anonymous_3)
FNDA:0,(anonymous_4)
FNDA:0,(anonymous_5)
FNDA:0,(anonymous_6)
FNDA:0,(anonymous_7)
DA:24,0
DA:26,0
DA:28,0
DA:30,0
DA:31,0
DA:33,0
DA:34,0
DA:36,0
DA:37,0
DA:39,0
DA:40,0
DA:42,0
DA:43,0
DA:45,0
DA:46,0
DA:48,0
DA:51,0
DA:52,0
DA:53,0
DA:54,0
DA:56,0
DA:57,0
DA:58,0
DA:59,0
DA:69,0
DA:78,0
DA:87,0
DA:96,0
DA:105,0
DA:114,0
DA:125,0
DA:126,0
DA:127,0
DA:131,24
LF:34
LH:1
BRDA:23,0,0,0
BRDA:23,1,0,0
BRDA:23,2,0,0
BRDA:23,3,0,0
BRDA:26,4,0,0
BRDA:26,4,1,0
BRDA:28,5,0,0
BRDA:28,5,1,0
BRDA:28,5,2,0
BRDA:28,5,3,0
BRDA:28,5,4,0
BRDA:28,5,5,0
BRDA:28,5,6,0
BRDA:51,6,0,0
BRDA:51,6,1,0
BRF:15
BRH:0
end_of_record
TN:
SF:src/Math/Frustum.js
FN:23,(anonymous_0)
FN:39,(anonymous_1)
FN:49,(anonymous_2)
FN:57,(anonymous_3)
FN:83,(anonymous_4)
FN:99,(anonymous_5)
FN:113,(anonymous_6)
FNF:7
FNH:0
FNDA:0,(anonymous_0)
FNDA:0,(anonymous_1)
FNDA:0,(anonymous_2)
FNDA:0,(anonymous_3)
FNDA:0,(anonymous_4)
FNDA:0,(anonymous_5)
FNDA:0,(anonymous_6)
DA:24,0
DA:40,0
DA:41,0
DA:42,0
DA:43,0
DA:44,0
DA:45,0
DA:46,0
DA:47,0
DA:49,0
DA:58,0
DA:59,0
DA:60,0
DA:62,0
DA:63,0
DA:66,0
DA:67,0
DA:68,0
DA:70,0
DA:72,0
DA:84,0
DA:100,0
DA:101,0
DA:102,0
DA:103,0
DA:104,0
DA:105,0
DA:114,0
DA:118,22
LF:29
LH:1
BRDA:25,0,0,0
BRDA:25,0,1,0
BRDA:26,1,0,0
BRDA:26,1,1,0
BRDA:27,2,0,0
BRDA:27,2,1,0
BRDA:28,3,0,0
BRDA:28,3,1,0
BRDA:29,4,0,0
BRDA:29,4,1,0
BRDA:30,5,0,0
BRDA:30,5,1,0
BRDA:66,6,0,0
BRDA:66,6,1,0
BRDA:67,7,0,0
BRDA:67,7,1,0
BRDA:68,8,0,0
BRDA:68,8,1,0
BRDA:70,9,0,0
BRDA:70,9,1,0
BRF:20
BRH:0
end_of_record
TN:
SF:src/Math/Mat3.js
FN:26,(anonymous_0)
FN:56,(anonymous_1)
FN:65,(anonymous_2)
FN:74,(anonymous_3)
FN:83,(anonymous_4)
FN:92,(anonymous_5)
FN:101,(anonymous_6)
FN:110,(anonymous_7)
FN:119,(anonymous_8)
FN:128,(anonymous_9)
FN:137,(anonymous_10)
FN:146,(anonymous_11)
FN:155,(anonymous_12)
FN:164,(anonymous_13)
FN:173,(anonymous_14)
FN:182,(anonymous_15)
FN:191,(anonymous_16)
FN:200,(anonymous_17)
FN:209,(anonymous_18)
FN:218,(anonymous_19)
FN:227,(anonymous_20)
FN:235,(anonymous_21)
FN:243,(anonymous_22)
FN:251,(anonymous_23)
FN:259,(anonymous_24)
FN:279,(anonymous_25)
FN:304,(anonymous_26)
FN:315,(anonymous_27)
FN:333,(anonymous_28)
FN:368,(anonymous_29)
FN:408,(anonymous_30)
FN:450,(anonymous_31)
FN:467,(anonymous_32)
FN:487,(anonymous_33)
FN:506,(anonymous_34)
FN:530,(anonymous_35)
FN:542,(anonymous_36)
FN:554,(anonymous_37)
FN:563,(anonymous_38)
FN:572,(anonymous_39)
FN:584,(anonymous_40)
FNF:41
FNH:6
FNDA:14,(anonymous_0)
FNDA:0,(anonymous_1)
FNDA:0,(anonymous_2)
FNDA:0,(anonymous_3)
FNDA:0,(anonymous_4)
FNDA:0,(anonymous_5)
FNDA:0,(anonymous_6)
FNDA:0,(anonymous_7)
FNDA:0,(anonymous_8)
FNDA:0,(anonymous_9)
FNDA:0,(anonymous_10)
FNDA:0,(anonymous_11)
FNDA:0,(anonymous_12)
FNDA:0,(anonymous_13)
FNDA:0,(anonymous_14)
FNDA:0,(anonymous_15)
FNDA:0,(anonymous_16)
FNDA:0,(anonymous_17)
FNDA:0,(anonymous_18)
FNDA:0,(anonymous_19)
FNDA:0,(anonymous_20)
FNDA:0,(anonymous_21)
FNDA:0,(anonymous_22)
FNDA:0,(anonymous_23)
FNDA:0,(anonymous_24)
FNDA:14,(anonymous_25)
FNDA:0,(anonymous_26)
FNDA:0,(anonymous_27)
FNDA:0,(anonymous_28)
FNDA:0,(anonymous_29)
FNDA:0,(anonymous_30)
FNDA:0,(anonymous_31)
FNDA:0,(anonymous_32)
FNDA:0,(anonymous_33)
FNDA:1,(anonymous_34)
FNDA:0,(anonymous_35)
FNDA:0,(anonymous_36)
FNDA:1,(anonymous_37)
FNDA:4,(anonymous_38)
FNDA:1,(anonymous_39)
FNDA:0,(anonymous_40)
DA:37,14
DA:39,14
DA:40,0
DA:41,0
DA:42,0
DA:44,14
DA:45,14
DA:57,0
DA:66,0
DA:75,0
DA:84,0
DA:93,0
DA:102,0
DA:111,0
DA:120,0
DA:129,0
DA:138,0
DA:147,0
DA:156,0
DA:165,0
DA:174,0
DA:183,0
DA:192,0
DA:201,0
DA:210,0
DA:219,0
DA:228,0
DA:236,0
DA:244,0
DA:252,0
DA:260,0
DA:290,14
DA:291,14
DA:292,14
DA:293,14
DA:294,14
DA:295,14
DA:296,14
DA:297,14
DA:298,14
DA:305,0
DA:316,0
DA:317,0
DA:318,0
DA:319,0
DA:320,0
DA:321,0
DA:322,0
DA:323,0
DA:324,0
DA:334,0
DA:335,0
DA:336,0
DA:337,0
DA:338,0
DA:340,0
DA:342,0
DA:343,0
DA:344,0
DA:346,0
DA:347,0
DA:348,0
DA:350,0
DA:369,0
DA:370,0
DA:371,0
DA:372,0
DA:373,0
DA:374,0
DA:375,0
DA:376,0
DA:377,0
DA:378,0
DA:379,0
DA:380,0
DA:382,0
DA:384,0
DA:385,0
DA:386,0
DA:388,0
DA:390,0
DA:409,0
DA:410,0
DA:411,0
DA:412,0
DA:413,0
DA:414,0
DA:415,0
DA:416,0
DA:417,0
DA:418,0
DA:419,0
DA:420,0
DA:422,0
DA:424,0
DA:425,0
DA:426,0
DA:428,0
DA:430,0
DA:441,0
DA:451,0
DA:469,0
DA:470,0
DA:471,0
DA:473,0
DA:474,0
DA:475,0
DA:476,0
DA:477,0
DA:478,0
DA:488,0
DA:507,1
DA:531,0
DA:543,0
DA:555,1
DA:564,4
DA:573,1
DA:585,0
DA:589,26
LF:119
LH:18
BRDA:27,0,0,9
BRDA:28,1,0,9
BRDA:29,2,0,9
BRDA:30,3,0,9
BRDA:31,4,0,9
BRDA:32,5,0,9
BRDA:33,6,0,9
BRDA:34,7,0,9
BRDA:35,8,0,9
BRDA:39,9,0,0
BRDA:39,9,1,14
BRDA:280,10,0,0
BRDA:281,11,0,0
BRDA:282,12,0,0
BRDA:283,13,0,0
BRDA:284,14,0,0
BRDA:285,15,0,0
BRDA:286,16,0,0
BRDA:287,17,0,0
BRDA:288,18,0,0
BRDA:336,19,0,0
BRDA:336,19,1,0
BRDA:344,20,0,0
BRDA:344,20,1,0
BRDA:348,21,0,0
BRDA:348,21,1,0
BRDA:384,22,0,0
BRDA:384,22,1,0
BRDA:424,23,0,0
BRDA:424,23,1,0
BRDA:542,24,0,0
BRF:31
BRH:10
end_of_record
TN:
SF:src/Math/Mat4.js
FN:33,(anonymous_0)
FN:90,(anonymous_1)
FN:99,(anonymous_2)
FN:108,(anonymous_3)
FN:117,(anonymous_4)
FN:126,(anonymous_5)
FN:135,(anonymous_6)
FN:144,(anonymous_7)
FN:153,(anonymous_8)
FN:162,(anonymous_9)
FN:171,(anonymous_10)
FN:180,(anonymous_11)
FN:189,(anonymous_12)
FN:198,(anonymous_13)
FN:207,(anonymous_14)
FN:216,(anonymous_15)
FN:225,(anonymous_16)
FN:234,(anonymous_17)
FN:243,(anonymous_18)
FN:252,(anonymous_19)
FN:261,(anonymous_20)
FN:270,(anonymous_21)
FN:279,(anonymous_22)
FN:288,(anonymous_23)
FN:297,(anonymous_24)
FN:306,(anonymous_25)
FN:315,(anonymous_26)
FN:324,(anonymous_27)
FN:333,(anonymous_28)
FN:342,(anonymous_29)
FN:351,(anonymous_30)
FN:360,(anonymous_31)
FN:369,(anonymous_32)
FN:378,(anonymous_33)
FN:387,(anonymous_34)
FN:396,(anonymous_35)
FN:405,(anonymous_36)
FN:414,(anonymous_37)
FN:423,(anonymous_38)
FN:432,(anonymous_39)
FN:441,(anonymous_40)
FN:468,(anonymous_41)
FN:507,(anonymous_42)
FN:516,(anonymous_43)
FN:527,(anonymous_44)
FN:552,(anonymous_45)
FN:569,(anonymous_46)
FN:598,(anonymous_47)
FN:624,(anonymous_48)
FN:690,(anonymous_49)
FN:758,(anonymous_50)
FN:825,(anonymous_51)
FN:890,(anonymous_52)
FN:955,(anonymous_53)
FN:1020,(anonymous_54)
FN:1039,(anonymous_55)
FN:1089,(anonymous_56)
FN:1135,(anonymous_57)
FN:1172,(anonymous_58)
FN:1209,(anonymous_59)
FN:1242,(anonymous_60)
FN:1262,(anonymous_61)
FN:1279,(anonymous_62)
FN:1299,(anonymous_63)
FN:1334,(anonymous_64)
FN:1367,(anonymous_65)
FN:1382,(anonymous_66)
FN:1413,(anonymous_67)
FN:1422,(anonymous_68)
FN:1452,(anonymous_69)
FN:1464,(anonymous_70)
FN:1473,(anonymous_71)
FN:1482,(anonymous_72)
FNF:73
FNH:6
FNDA:17,(anonymous_0)
FNDA:0,(anonymous_1)
FNDA:0,(anonymous_2)
FNDA:0,(anonymous_3)
FNDA:0,(anonymous_4)
FNDA:0,(anonymous_5)
FNDA:0,(anonymous_6)
FNDA:0,(anonymous_7)
FNDA:0,(anonymous_8)
FNDA:0,(anonymous_9)
FNDA:0,(anonymous_10)
FNDA:0,(anonymous_11)
FNDA:0,(anonymous_12)
FNDA:0,(anonymous_13)
FNDA:0,(anonymous_14)
FNDA:0,(anonymous_15)
FNDA:0,(anonymous_16)
FNDA:0,(anonymous_17)
FNDA:0,(anonymous_18)
FNDA:0,(anonymous_19)
FNDA:0,(anonymous_20)
FNDA:0,(anonymous_21)
FNDA:0,(anonymous_22)
FNDA:0,(anonymous_23)
FNDA:0,(anonymous_24)
FNDA:0,(anonymous_25)
FNDA:0,(anonymous_26)
FNDA:0,(anonymous_27)
FNDA:0,(anonymous_28)
FNDA:0,(anonymous_29)
FNDA:0,(anonymous_30)
FNDA:0,(anonymous_31)
FNDA:0,(anonymous_32)
FNDA:0,(anonymous_33)
FNDA:0,(anonymous_34)
FNDA:0,(anonymous_35)
FNDA:0,(anonymous_36)
FNDA:0,(anonymous_37)
FNDA:0,(anonymous_38)
FNDA:0,(anonymous_39)
FNDA:0,(anonymous_40)
FNDA:17,(anonymous_41)
FNDA:0,(anonymous_42)
FNDA:0,(anonymous_43)
FNDA:0,(anonymous_44)
FNDA:0,(anonymous_45)
FNDA:0,(anonymous_46)
FNDA:0,(anonymous_47)
FNDA:0,(anonymous_48)
FNDA:0,(anonymous_49)
FNDA:0,(anonymous_50)
FNDA:0,(anonymous_51)
FNDA:0,(anonymous_52)
FNDA:0,(anonymous_53)
FNDA:0,(anonymous_54)
FNDA:0,(anonymous_55)
FNDA:0,(anonymous_56)
FNDA:0,(anonymous_57)
FNDA:0,(anonymous_58)
FNDA:0,(anonymous_59)
FNDA:0,(anonymous_60)
FNDA:0,(anonymous_61)
FNDA:0,(anonymous_62)
FNDA:0,(anonymous_63)
FNDA:0,(anonymous_64)
FNDA:0,(anonymous_65)
FNDA:0,(anonymous_66)
FNDA:0,(anonymous_67)
FNDA:1,(anonymous_68)
FNDA:0,(anonymous_69)
FNDA:4,(anonymous_70)
FNDA:1,(anonymous_71)
FNDA:1,(anonymous_72)
DA:51,17
DA:53,17
DA:54,0
DA:55,17
DA:56,0
DA:57,0
DA:58,0
DA:60,17
DA:61,17
DA:91,0
DA:100,0
DA:109,0
DA:118,0
DA:127,0
DA:136,0
DA:145,0
DA:154,0
DA:163,0
DA:172,0
DA:181,0
DA:190,0
DA:199,0
DA:208,0
DA:217,0
DA:226,0
DA:235,0
DA:244,0
DA:253,0
DA:262,0
DA:271,0
DA:280,0
DA:289,0
DA:298,0
DA:307,0
DA:316,0
DA:325,0
DA:334,0
DA:343,0
DA:352,0
DA:361,0
DA:370,0
DA:379,0
DA:388,0
DA:397,0
DA:406,0
DA:415,0
DA:424,0
DA:433,0
DA:442,0
DA:486,17
DA:487,17
DA:488,17
DA:489,17
DA:490,17
DA:491,17
DA:492,17
DA:493,17
DA:494,17
DA:495,17
DA:496,17
DA:497,17
DA:498,17
DA:499,17
DA:500,17
DA:501,17
DA:508,0
DA:517,0
DA:528,0
DA:529,0
DA:530,0
DA:531,0
DA:532,0
DA:533,0
DA:534,0
DA:535,0
DA:536,0
DA:537,0
DA:538,0
DA:539,0
DA:540,0
DA:541,0
DA:542,0
DA:543,0
DA:553,0
DA:571,0
DA:572,0
DA:573,0
DA:574,0
DA:575,0
DA:576,0
DA:578,0
DA:579,0
DA:580,0
DA:581,0
DA:582,0
DA:583,0
DA:584,0
DA:585,0
DA:586,0
DA:587,0
DA:588,0
DA:589,0
DA:599,0
DA:625,0
DA:626,0
DA:627,0
DA:628,0
DA:629,0
DA:630,0
DA:631,0
DA:632,0
DA:633,0
DA:634,0
DA:635,0
DA:636,0
DA:637,0
DA:638,0
DA:639,0
DA:640,0
DA:642,0
DA:643,0
DA:644,0
DA:645,0
DA:646,0
DA:647,0
DA:648,0
DA:649,0
DA:650,0
DA:651,0
DA:652,0
DA:653,0
DA:657,0
DA:659,0
DA:660,0
DA:661,0
DA:663,0
DA:665,0
DA:691,0
DA:692,0
DA:693,0
DA:694,0
DA:695,0
DA:696,0
DA:697,0
DA:698,0
DA:699,0
DA:700,0
DA:701,0
DA:702,0
DA:703,0
DA:704,0
DA:705,0
DA:706,0
DA:708,0
DA:709,0
DA:710,0
DA:711,0
DA:712,0
DA:713,0
DA:714,0
DA:715,0
DA:716,0
DA:717,0
DA:718,0
DA:719,0
DA:723,0
DA:725,0
DA:726,0
DA:727,0
DA:729,0
DA:731,0
DA:749,0
DA:759,0
DA:760,0
DA:761,0
DA:762,0
DA:763,0
DA:764,0
DA:765,0
DA:766,0
DA:767,0
DA:768,0
DA:769,0
DA:770,0
DA:771,0
DA:772,0
DA:773,0
DA:774,0
DA:776,0
DA:777,0
DA:778,0
DA:779,0
DA:780,0
DA:781,0
DA:782,0
DA:783,0
DA:784,0
DA:785,0
DA:786,0
DA:787,0
DA:791,0
DA:793,0
DA:794,0
DA:795,0
DA:797,0
DA:799,0
DA:826,0
DA:827,0
DA:828,0
DA:829,0
DA:830,0
DA:831,0
DA:832,0
DA:833,0
DA:834,0
DA:835,0
DA:836,0
DA:837,0
DA:838,0
DA:839,0
DA:840,0
DA:841,0
DA:844,0
DA:845,0
DA:846,0
DA:847,0
DA:848,0
DA:849,0
DA:850,0
DA:851,0
DA:852,0
DA:853,0
DA:855,0
DA:856,0
DA:857,0
DA:858,0
DA:859,0
DA:860,0
DA:861,0
DA:862,0
DA:864,0
DA:865,0
DA:866,0
DA:867,0
DA:868,0
DA:869,0
DA:870,0
DA:871,0
DA:873,0
DA:874,0
DA:875,0
DA:876,0
DA:877,0
DA:878,0
DA:879,0
DA:880,0
DA:881,0
DA:891,0
DA:892,0
DA:893,0
DA:894,0
DA:895,0
DA:896,0
DA:897,0
DA:898,0
DA:899,0
DA:900,0
DA:901,0
DA:902,0
DA:903,0
DA:904,0
DA:905,0
DA:906,0
DA:907,0
DA:910,0
DA:911,0
DA:912,0
DA:913,0
DA:914,0
DA:915,0
DA:916,0
DA:917,0
DA:918,0
DA:920,0
DA:921,0
DA:922,0
DA:923,0
DA:924,0
DA:925,0
DA:926,0
DA:927,0
DA:929,0
DA:930,0
DA:931,0
DA:932,0
DA:933,0
DA:934,0
DA:935,0
DA:936,0
DA:938,0
DA:939,0
DA:940,0
DA:941,0
DA:942,0
DA:943,0
DA:944,0
DA:945,0
DA:946,0
DA:956,0
DA:957,0
DA:958,0
DA:959,0
DA:960,0
DA:961,0
DA:962,0
DA:963,0
DA:964,0
DA:965,0
DA:966,0
DA:967,0
DA:968,0
DA:969,0
DA:970,0
DA:971,0
DA:972,0
DA:975,0
DA:976,0
DA:977,0
DA:978,0
DA:979,0
DA:980,0
DA:981,0
DA:982,0
DA:983,0
DA:985,0
DA:986,0
DA:987,0
DA:988,0
DA:989,0
DA:990,0
DA:991,0
DA:992,0
DA:994,0
DA:995,0
DA:996,0
DA:997,0
DA:998,0
DA:999,0
DA:1000,0
DA:1001,0
DA:1003,0
DA:1004,0
DA:1005,0
DA:1006,0
DA:1007,0
DA:1008,0
DA:1009,0
DA:1010,0
DA:1011,0
DA:1021,0
DA:1022,0
DA:1023,0
DA:1024,0
DA:1025,0
DA:1026,0
DA:1027,0
DA:1028,0
DA:1029,0
DA:1040,0
DA:1041,0
DA:1042,0
DA:1043,0
DA:1044,0
DA:1046,0
DA:1048,0
DA:1049,0
DA:1050,0
DA:1052,0
DA:1053,0
DA:1054,0
DA:1057,0
DA:1090,0
DA:1092,0
DA:1093,0
DA:1096,0
DA:1097,0
DA:1098,0
DA:1100,0
DA:1101,0
DA:1102,0
DA:1105,0
DA:1106,0
DA:1107,0
DA:1108,0
DA:1109,0
DA:1110,0
DA:1111,0
DA:1112,0
DA:1113,0
DA:1114,0
DA:1115,0
DA:1116,0
DA:1117,0
DA:1118,0
DA:1119,0
DA:1120,0
DA:1121,0
DA:1122,0
DA:1136,0
DA:1137,0
DA:1140,0
DA:1142,0
DA:1143,0
DA:1144,0
DA:1145,0
DA:1146,0
DA:1147,0
DA:1148,0
DA:1149,0
DA:1150,0
DA:1151,0
DA:1152,0
DA:1153,0
DA:1154,0
DA:1155,0
DA:1156,0
DA:1157,0
DA:1159,0
DA:1173,0
DA:1174,0
DA:1177,0
DA:1179,0
DA:1180,0
DA:1181,0
DA:1182,0
DA:1183,0
DA:1184,0
DA:1185,0
DA:1186,0
DA:1187,0
DA:1188,0
DA:1189,0
DA:1190,0
DA:1191,0
DA:1192,0
DA:1193,0
DA:1194,0
DA:1196,0
DA:1210,0
DA:1211,0
DA:1214,0
DA:1216,0
DA:1217,0
DA:1218,0
DA:1219,0
DA:1220,0
DA:1221,0
DA:1222,0
DA:1223,0
DA:1224,0
DA:1225,0
DA:1226,0
DA:1227,0
DA:1228,0
DA:1229,0
DA:1230,0
DA:1231,0
DA:1233,0
DA:1243,0
DA:1244,0
DA:1245,0
DA:1246,0
DA:1247,0
DA:1248,0
DA:1263,0
DA:1264,0
DA:1265,0
DA:1266,0
DA:1267,0
DA:1280,0
DA:1281,0
DA:1282,0
DA:1283,0
DA:1284,0
DA:1300,0
DA:1301,0
DA:1303,0
DA:1335,0
DA:1336,0
DA:1337,0
DA:1339,0
DA:1369,0
DA:1370,0
DA:1372,0
DA:1384,0
DA:1414,0
DA:1423,1
DA:1453,0
DA:1465,4
DA:1474,1
DA:1483,1
DA:1487,25
LF:502
LH:26
BRDA:34,0,0,12
BRDA:35,1,0,12
BRDA:36,2,0,12
BRDA:37,3,0,12
BRDA:38,4,0,12
BRDA:39,5,0,12
BRDA:40,6,0,12
BRDA:41,7,0,12
BRDA:42,8,0,12
BRDA:43,9,0,12
BRDA:44,10,0,12
BRDA:45,11,0,12
BRDA:46,12,0,12
BRDA:47,13,0,12
BRDA:48,14,0,12
BRDA:49,15,0,12
BRDA:53,16,0,0
BRDA:53,16,1,17
BRDA:55,17,0,0
BRDA:55,17,1,17
BRDA:469,18,0,0
BRDA:470,19,0,0
BRDA:471,20,0,0
BRDA:472,21,0,0
BRDA:473,22,0,0
BRDA:474,23,0,0
BRDA:475,24,0,0
BRDA:476,25,0,0
BRDA:477,26,0,0
BRDA:478,27,0,0
BRDA:479,28,0,0
BRDA:480,29,0,0
BRDA:481,30,0,0
BRDA:482,31,0,0
BRDA:483,32,0,0
BRDA:484,33,0,0
BRDA:659,34,0,0
BRDA:659,34,1,0
BRDA:725,35,0,0
BRDA:725,35,1,0
BRDA:793,36,0,0
BRDA:793,36,1,0
BRDA:1042,37,0,0
BRDA:1042,37,1,0
BRDA:1050,38,0,0
BRDA:1050,38,1,0
BRDA:1054,39,0,0
BRDA:1054,39,1,0
BRDA:1092,40,0,0
BRDA:1092,40,1,0
BRDA:1369,41,0,0
BRDA:1369,41,1,0
BRDA:1413,42,0,0
BRF:53
BRH:18
end_of_record
TN:
SF:src/Math/PlaneType.js
FN:20,(anonymous_0)
FN:38,(anonymous_1)
FN:48,(anonymous_2)
FN:59,(anonymous_3)
FN:66,(anonymous_4)
FN:77,(anonymous_5)
FN:90,(anonymous_6)
FN:102,(anonymous_7)
FN:114,(anonymous_8)
FNF:9
FNH:0
FNDA:0,(anonymous_0)
FNDA:0,(anonymous_1)
FNDA:0,(anonymous_2)
FNDA:0,(anonymous_3)
FNDA:0,(anonymous_4)
FNDA:0,(anonymous_5)
FNDA:0,(anonymous_6)
FNDA:0,(anonymous_7)
FNDA:0,(anonymous_8)
DA:21,0
DA:22,0
DA:23,0
DA:25,0
DA:27,0
DA:39,0
DA:40,0
DA:49,0
DA:50,0
DA:60,0
DA:67,0
DA:68,0
DA:69,0
DA:78,0
DA:91,0
DA:103,0
DA:115,0
DA:119,23
LF:18
LH:1
BRDA:20,0,0,0
BRDA:22,1,0,0
BRDA:22,1,1,0
BRF:3
BRH:0
end_of_record
TN:
SF:src/Math/Quat.js
FN:25,(anonymous_0)
FN:57,(anonymous_1)
FN:66,(anonymous_2)
FN:75,(anonymous_3)
FN:84,(anonymous_4)
FN:93,(anonymous_5)
FN:102,(anonymous_6)
FN:111,(anonymous_7)
FN:119,(anonymous_8)
FN:131,(anonymous_9)
FN:143,(anonymous_10)
FN:152,(anonymous_11)
FN:164,(anonymous_12)
FN:263,(anonymous_13)
FN:349,(anonymous_14)
FN:361,(anonymous_15)
FN:373,(anonymous_16)
FN:389,(anonymous_17)
FN:431,(anonymous_18)
FN:473,(anonymous_19)
FN:482,(anonymous_20)
FN:492,(anonymous_21)
FN:502,(anonymous_22)
FN:513,(anonymous_23)
FN:528,(anonymous_24)
FN:542,(anonymous_25)
FN:555,(anonymous_26)
FN:570,(anonymous_27)
FN:584,(anonymous_28)
FN:596,(anonymous_29)
FN:609,(anonymous_30)
FN:622,(anonymous_31)
FN:640,(anonymous_32)
FN:659,(anonymous_33)
FN:671,(anonymous_34)
FN:696,(anonymous_35)
FN:705,(anonymous_36)
FN:715,(anonymous_37)
FN:736,(anonymous_38)
FN:759,(anonymous_39)
FN:785,(anonymous_40)
FN:796,(anonymous_41)
FN:817,(anonymous_42)
FN:838,(anonymous_43)
FN:859,(anonymous_44)
FN:898,(anonymous_45)
FN:914,(anonymous_46)
FN:930,(anonymous_47)
FN:949,(anonymous_48)
FN:965,(anonymous_49)
FN:1007,(anonymous_50)
FN:1043,(anonymous_51)
FN:1054,(anonymous_52)
FN:1063,(anonymous_53)
FN:1072,(anonymous_54)
FN:1089,(anonymous_55)
FN:1103,(anonymous_56)
FN:1116,(anonymous_57)
FNF:58
FNH:21
FNDA:698,(anonymous_0)
FNDA:292,(anonymous_1)
FNDA:30,(anonymous_2)
FNDA:292,(anonymous_3)
FNDA:30,(anonymous_4)
FNDA:292,(anonymous_5)
FNDA:30,(anonymous_6)
FNDA:202,(anonymous_7)
FNDA:30,(anonymous_8)
FNDA:39,(anonymous_9)
FNDA:0,(anonymous_10)
FNDA:0,(anonymous_11)
FNDA:0,(anonymous_12)
FNDA:0,(anonymous_13)
FNDA:2,(anonymous_14)
FNDA:0,(anonymous_15)
FNDA:0,(anonymous_16)
FNDA:0,(anonymous_17)
FNDA:0,(anonymous_18)
FNDA:0,(anonymous_19)
FNDA:0,(anonymous_20)
FNDA:0,(anonymous_21)
FNDA:0,(anonymous_22)
FNDA:0,(anonymous_23)
FNDA:0,(anonymous_24)
FNDA:29,(anonymous_25)
FNDA:0,(anonymous_26)
FNDA:0,(anonymous_27)
FNDA:0,(anonymous_28)
FNDA:0,(anonymous_29)
FNDA:0,(anonymous_30)
FNDA:0,(anonymous_31)
FNDA:20,(anonymous_32)
FNDA:0,(anonymous_33)
FNDA:0,(anonymous_34)
FNDA:137,(anonymous_35)
FNDA:47,(anonymous_36)
FNDA:0,(anonymous_37)
FNDA:223,(anonymous_38)
FNDA:0,(anonymous_39)
FNDA:90,(anonymous_40)
FNDA:0,(anonymous_41)
FNDA:0,(anonymous_42)
FNDA:0,(anonymous_43)
FNDA:0,(anonymous_44)
FNDA:0,(anonymous_45)
FNDA:0,(anonymous_46)
FNDA:0,(anonymous_47)
FNDA:0,(anonymous_48)
FNDA:0,(anonymous_49)
FNDA:0,(anonymous_50)
FNDA:0,(anonymous_51)
FNDA:0,(anonymous_52)
FNDA:0,(anonymous_53)
FNDA:1,(anonymous_54)
FNDA:7,(anonymous_55)
FNDA:3,(anonymous_56)
FNDA:1,(anonymous_57)
DA:26,698
DA:28,698
DA:29,0
DA:30,0
DA:31,0
DA:33,698
DA:34,698
DA:35,0
DA:36,0
DA:37,0
DA:38,0
DA:39,0
DA:40,0
DA:41,0
DA:44,698
DA:45,698
DA:46,698
DA:47,698
DA:58,292
DA:67,30
DA:76,292
DA:85,30
DA:94,292
DA:103,30
DA:112,202
DA:120,30
DA:132,39
DA:133,39
DA:134,39
DA:135,39
DA:144,0
DA:153,0
DA:154,0
DA:155,0
DA:156,0
DA:165,0
DA:167,0
DA:170,0
DA:171,0
DA:174,0
DA:175,0
DA:178,0
DA:179,0
DA:182,0
DA:183,0
DA:186,0
DA:187,0
DA:190,0
DA:191,0
DA:193,0
DA:196,0
DA:197,0
DA:198,0
DA:199,0
DA:200,0
DA:201,0
DA:202,0
DA:203,0
DA:204,0
DA:205,0
DA:206,0
DA:207,0
DA:208,0
DA:209,0
DA:210,0
DA:211,0
DA:213,0
DA:215,0
DA:218,0
DA:219,0
DA:220,0
DA:221,0
DA:224,0
DA:225,0
DA:226,0
DA:227,0
DA:230,0
DA:231,0
DA:232,0
DA:233,0
DA:236,0
DA:237,0
DA:238,0
DA:239,0
DA:242,0
DA:243,0
DA:244,0
DA:245,0
DA:248,0
DA:249,0
DA:250,0
DA:251,0
DA:253,0
DA:264,0
DA:265,0
DA:268,0
DA:269,0
DA:272,0
DA:273,0
DA:276,0
DA:277,0
DA:280,0
DA:281,0
DA:284,0
DA:285,0
DA:288,0
DA:289,0
DA:291,0
DA:294,0
DA:295,0
DA:296,0
DA:298,0
DA:299,0
DA:300,0
DA:301,0
DA:303,0
DA:304,0
DA:305,0
DA:307,0
DA:308,0
DA:309,0
DA:310,0
DA:314,0
DA:315,0
DA:321,0
DA:324,0
DA:327,0
DA:330,0
DA:333,0
DA:336,0
DA:339,0
DA:350,2
DA:351,2
DA:352,2
DA:362,0
DA:363,0
DA:364,0
DA:374,0
DA:375,0
DA:376,0
DA:377,0
DA:378,0
DA:380,0
DA:381,0
DA:392,0
DA:395,0
DA:397,0
DA:398,0
DA:399,0
DA:400,0
DA:401,0
DA:402,0
DA:405,0
DA:406,0
DA:407,0
DA:408,0
DA:409,0
DA:411,0
DA:417,0
DA:418,0
DA:419,0
DA:420,0
DA:421,0
DA:423,0
DA:434,0
DA:437,0
DA:439,0
DA:440,0
DA:441,0
DA:442,0
DA:443,0
DA:444,0
DA:447,0
DA:448,0
DA:449,0
DA:450,0
DA:451,0
DA:453,0
DA:459,0
DA:460,0
DA:461,0
DA:462,0
DA:463,0
DA:465,0
DA:474,0
DA:483,0
DA:493,0
DA:503,0
DA:514,0
DA:529,0
DA:543,29
DA:544,29
DA:545,29
DA:546,29
DA:556,0
DA:571,0
DA:585,0
DA:586,0
DA:587,0
DA:588,0
DA:597,0
DA:598,0
DA:599,0
DA:600,0
DA:601,0
DA:610,0
DA:611,0
DA:612,0
DA:613,0
DA:614,0
DA:623,0
DA:624,0
DA:625,0
DA:626,0
DA:627,0
DA:628,0
DA:629,0
DA:633,0
DA:634,0
DA:641,20
DA:642,20
DA:643,20
DA:644,20
DA:645,20
DA:646,20
DA:647,0
DA:649,20
DA:650,20
DA:660,0
DA:672,0
DA:673,0
DA:674,0
DA:675,0
DA:676,0
DA:677,0
DA:678,0
DA:679,0
DA:681,0
DA:697,137
DA:706,47
DA:716,0
DA:717,0
DA:737,223
DA:738,223
DA:739,223
DA:740,223
DA:741,223
DA:742,223
DA:743,223
DA:744,223
DA:746,223
DA:760,0
DA:761,0
DA:762,0
DA:763,0
DA:764,0
DA:765,0
DA:766,0
DA:767,0
DA:769,0
DA:786,90
DA:787,90
DA:788,90
DA:797,0
DA:799,0
DA:800,0
DA:801,0
DA:802,0
DA:803,0
DA:804,0
DA:806,0
DA:807,0
DA:808,0
DA:809,0
DA:818,0
DA:820,0
DA:821,0
DA:822,0
DA:823,0
DA:824,0
DA:825,0
DA:827,0
DA:828,0
DA:829,0
DA:830,0
DA:839,0
DA:841,0
DA:842,0
DA:843,0
DA:844,0
DA:845,0
DA:846,0
DA:848,0
DA:849,0
DA:850,0
DA:851,0
DA:860,0
DA:861,0
DA:862,0
DA:863,0
DA:864,0
DA:865,0
DA:866,0
DA:867,0
DA:868,0
DA:869,0
DA:870,0
DA:871,0
DA:872,0
DA:873,0
DA:874,0
DA:875,0
DA:877,0
DA:878,0
DA:879,0
DA:880,0
DA:882,0
DA:883,0
DA:884,0
DA:886,0
DA:887,0
DA:888,0
DA:890,0
DA:899,0
DA:900,0
DA:901,0
DA:902,0
DA:903,0
DA:904,0
DA:906,0
DA:915,0
DA:916,0
DA:917,0
DA:918,0
DA:919,0
DA:920,0
DA:922,0
DA:931,0
DA:932,0
DA:933,0
DA:935,0
DA:936,0
DA:937,0
DA:938,0
DA:940,0
DA:950,0
DA:952,0
DA:954,0
DA:956,0
DA:966,0
DA:967,0
DA:968,0
DA:969,0
DA:970,0
DA:971,0
DA:972,0
DA:973,0
DA:974,0
DA:975,0
DA:976,0
DA:977,0
DA:978,0
DA:979,0
DA:980,0
DA:981,0
DA:984,0
DA:985,0
DA:986,0
DA:987,0
DA:989,0
DA:990,0
DA:991,0
DA:993,0
DA:994,0
DA:995,0
DA:997,0
DA:1008,0
DA:1014,0
DA:1015,0
DA:1044,0
DA:1055,0
DA:1064,0
DA:1073,1
DA:1090,7
DA:1104,3
DA:1105,3
DA:1106,3
DA:1107,3
DA:1108,3
DA:1117,1
DA:1118,1
DA:1119,1
DA:1120,1
DA:1124,23
LF:394
LH:61
BRDA:25,0,0,247
BRDA:25,1,0,247
BRDA:25,2,0,247
BRDA:25,3,0,247
BRDA:28,4,0,0
BRDA:28,4,1,698
BRDA:34,5,0,0
BRDA:34,5,1,698
BRDA:40,6,0,0
BRDA:40,6,1,0
BRDA:167,7,0,0
BRDA:167,7,1,0
BRDA:167,7,2,0
BRDA:167,7,3,0
BRDA:167,7,4,0
BRDA:167,7,5,0
BRDA:167,7,6,0
BRDA:215,8,0,0
BRDA:215,8,1,0
BRDA:215,8,2,0
BRDA:215,8,3,0
BRDA:215,8,4,0
BRDA:215,8,5,0
BRDA:215,8,6,0
BRDA:265,9,0,0
BRDA:265,9,1,0
BRDA:265,9,2,0
BRDA:265,9,3,0
BRDA:265,9,4,0
BRDA:265,9,5,0
BRDA:265,9,6,0
BRDA:296,10,0,0
BRDA:296,10,1,0
BRDA:301,11,0,0
BRDA:301,11,1,0
BRDA:321,12,0,0
BRDA:321,12,1,0
BRDA:321,12,2,0
BRDA:321,12,3,0
BRDA:321,12,4,0
BRDA:321,12,5,0
BRDA:395,13,0,0
BRDA:395,13,1,0
BRDA:406,14,0,0
BRDA:406,14,1,0
BRDA:407,15,0,0
BRDA:407,15,1,0
BRDA:437,16,0,0
BRDA:437,16,1,0
BRDA:448,17,0,0
BRDA:448,17,1,0
BRDA:449,18,0,0
BRDA:449,18,1,0
BRDA:493,19,0,0
BRDA:493,19,1,0
BRDA:493,19,2,0
BRDA:493,19,3,0
BRDA:503,20,0,0
BRDA:503,20,1,0
BRDA:503,20,2,0
BRDA:503,20,3,0
BRDA:513,21,0,0
BRDA:515,22,0,0
BRDA:515,22,1,0
BRDA:515,22,2,0
BRDA:515,22,3,0
BRDA:628,23,0,0
BRDA:628,23,1,0
BRDA:646,24,0,0
BRDA:646,24,1,20
BRDA:716,25,0,0
BRDA:716,25,1,0
BRDA:950,26,0,0
BRDA:950,26,1,0
BRDA:950,26,2,0
BRDA:1054,27,0,0
BRF:76
BRH:7
end_of_record
TN:
SF:src/Math/RGBA.js
FN:18,(anonymous_0)
FN:49,(anonymous_1)
FN:58,(anonymous_2)
FN:67,(anonymous_3)
FN:76,(anonymous_4)
FN:85,(anonymous_5)
FN:94,(anonymous_6)
FN:103,(anonymous_7)
FN:111,(anonymous_8)
FN:123,(anonymous_9)
FN:135,(anonymous_10)
FN:147,(anonymous_11)
FN:160,(anonymous_12)
FN:161,hexToRgb
FN:185,(anonymous_14)
FN:186,(anonymous_15)
FN:348,(anonymous_16)
FN:349,componentToHex
FN:367,(anonymous_18)
FN:382,(anonymous_19)
FN:398,(anonymous_20)
FN:413,(anonymous_21)
FN:428,(anonymous_22)
FN:443,(anonymous_23)
FN:457,(anonymous_24)
FN:469,(anonymous_25)
FN:483,(anonymous_26)
FN:498,(anonymous_27)
FN:512,(anonymous_28)
FN:523,(anonymous_29)
FN:543,(anonymous_30)
FN:573,(anonymous_31)
FN:587,(anonymous_32)
FN:596,(anonymous_33)
FN:609,(anonymous_34)
FN:621,(anonymous_35)
FN:630,(anonymous_36)
FN:642,(anonymous_37)
FN:656,(anonymous_38)
FN:668,(anonymous_39)
FNF:40
FNH:0
FNDA:0,(anonymous_0)
FNDA:0,(anonymous_1)
FNDA:0,(anonymous_2)
FNDA:0,(anonymous_3)
FNDA:0,(anonymous_4)
FNDA:0,(anonymous_5)
FNDA:0,(anonymous_6)
FNDA:0,(anonymous_7)
FNDA:0,(anonymous_8)
FNDA:0,(anonymous_9)
FNDA:0,(anonymous_10)
FNDA:0,(anonymous_11)
FNDA:0,(anonymous_12)
FNDA:0,hexToRgb
FNDA:0,(anonymous_14)
FNDA:0,(anonymous_15)
FNDA:0,(anonymous_16)
FNDA:0,componentToHex
FNDA:0,(anonymous_18)
FNDA:0,(anonymous_19)
FNDA:0,(anonymous_20)
FNDA:0,(anonymous_21)
FNDA:0,(anonymous_22)
FNDA:0,(anonymous_23)
FNDA:0,(anonymous_24)
FNDA:0,(anonymous_25)
FNDA:0,(anonymous_26)
FNDA:0,(anonymous_27)
FNDA:0,(anonymous_28)
FNDA:0,(anonymous_29)
FNDA:0,(anonymous_30)
FNDA:0,(anonymous_31)
FNDA:0,(anonymous_32)
FNDA:0,(anonymous_33)
FNDA:0,(anonymous_34)
FNDA:0,(anonymous_35)
FNDA:0,(anonymous_36)
FNDA:0,(anonymous_37)
FNDA:0,(anonymous_38)
FNDA:0,(anonymous_39)
DA:19,0
DA:21,0
DA:22,0
DA:23,0
DA:24,0
DA:25,0
DA:26,0
DA:28,0
DA:29,0
DA:30,0
DA:31,0
DA:33,0
DA:36,0
DA:37,0
DA:38,0
DA:39,0
DA:50,0
DA:59,0
DA:68,0
DA:77,0
DA:86,0
DA:95,0
DA:104,0
DA:112,0
DA:124,0
DA:125,0
DA:126,0
DA:127,0
DA:136,0
DA:137,0
DA:138,0
DA:139,0
DA:148,0
DA:149,0
DA:150,0
DA:151,0
DA:162,0
DA:163,0
DA:171,0
DA:172,0
DA:173,0
DA:174,0
DA:176,0
DA:186,0
DA:187,0
DA:331,0
DA:332,0
DA:334,0
DA:336,0
DA:337,0
DA:339,0
DA:350,0
DA:351,0
DA:353,0
DA:368,0
DA:383,0
DA:399,0
DA:414,0
DA:429,0
DA:444,0
DA:458,0
DA:459,0
DA:460,0
DA:461,0
DA:470,0
DA:484,0
DA:499,0
DA:513,0
DA:524,0
DA:525,0
DA:526,0
DA:527,0
DA:528,0
DA:544,0
DA:545,0
DA:551,0
DA:552,0
DA:559,0
DA:574,0
DA:588,0
DA:597,0
DA:610,0
DA:622,0
DA:631,0
DA:643,0
DA:657,0
DA:658,0
DA:659,0
DA:660,0
DA:669,0
DA:683,22
LF:91
LH:1
BRDA:18,0,0,0
BRDA:18,1,0,0
BRDA:18,2,0,0
BRDA:18,3,0,0
BRDA:21,4,0,0
BRDA:21,4,1,0
BRDA:23,5,0,0
BRDA:23,5,1,0
BRDA:29,6,0,0
BRDA:29,6,1,0
BRDA:30,7,0,0
BRDA:30,7,1,0
BRDA:123,8,0,0
BRDA:151,9,0,0
BRDA:151,9,1,0
BRDA:163,10,0,0
BRDA:163,10,1,0
BRDA:172,11,0,0
BRDA:172,11,1,0
BRDA:331,12,0,0
BRDA:331,12,1,0
BRDA:336,13,0,0
BRDA:336,13,1,0
BRDA:351,14,0,0
BRDA:351,14,1,0
BRDA:369,15,0,0
BRDA:369,15,1,0
BRDA:369,15,2,0
BRDA:369,15,3,0
BRDA:384,16,0,0
BRDA:384,16,1,0
BRDA:384,16,2,0
BRDA:384,16,3,0
BRDA:398,17,0,0
BRDA:400,18,0,0
BRDA:400,18,1,0
BRDA:400,18,2,0
BRDA:400,18,3,0
BRDA:483,19,0,0
BRDA:498,20,0,0
BRDA:543,21,0,0
BRDA:543,22,0,0
BRDA:544,23,0,0
BRDA:544,23,1,0
BRDA:549,24,0,0
BRDA:549,24,1,0
BRDA:551,25,0,0
BRDA:551,25,1,0
BRDA:556,26,0,0
BRDA:556,26,1,0
BRDA:563,27,0,0
BRDA:563,27,1,0
BRDA:621,28,0,0
BRF:53
BRH:0
end_of_record
TN:
SF:src/Math/Ray.js
FN:17,(anonymous_0)
FN:36,(anonymous_1)
FN:52,(anonymous_2)
FN:62,(anonymous_3)
FN:108,(anonymous_4)
FN:133,(anonymous_5)
FN:146,(anonymous_6)
FN:158,(anonymous_7)
FN:170,(anonymous_8)
FN:180,(anonymous_9)
FNF:10
FNH:0
FNDA:0,(anonymous_0)
FNDA:0,(anonymous_1)
FNDA:0,(anonymous_2)
FNDA:0,(anonymous_3)
FNDA:0,(anonymous_4)
FNDA:0,(anonymous_5)
FNDA:0,(anonymous_6)
FNDA:0,(anonymous_7)
FNDA:0,(anonymous_8)
FNDA:0,(anonymous_9)
DA:18,0
DA:19,0
DA:21,0
DA:23,0
DA:24,0
DA:26,0
DA:37,0
DA:38,0
DA:39,0
DA:40,0
DA:42,0
DA:43,0
DA:53,0
DA:63,0
DA:64,0
DA:65,0
DA:66,0
DA:67,0
DA:68,0
DA:69,0
DA:70,0
DA:71,0
DA:72,0
DA:74,0
DA:75,0
DA:77,0
DA:78,0
DA:80,0
DA:85,0
DA:87,0
DA:88,0
DA:90,0
DA:92,0
DA:95,0
DA:96,0
DA:98,0
DA:109,0
DA:110,0
DA:111,0
DA:113,0
DA:115,0
DA:117,0
DA:121,0
DA:122,0
DA:123,0
DA:125,0
DA:134,0
DA:147,0
DA:159,0
DA:171,0
DA:172,0
DA:181,0
DA:185,22
LF:53
LH:1
BRDA:17,0,0,0
BRDA:17,1,0,0
BRDA:18,2,0,0
BRDA:18,2,1,0
BRDA:23,3,0,0
BRDA:23,3,1,0
BRDA:39,4,0,0
BRDA:39,4,1,0
BRDA:71,5,0,0
BRDA:71,5,1,0
BRDA:71,6,0,0
BRDA:71,6,1,0
BRDA:74,7,0,0
BRDA:74,7,1,0
BRDA:77,8,0,0
BRDA:77,8,1,0
BRDA:85,9,0,0
BRDA:85,9,1,0
BRDA:88,10,0,0
BRDA:88,10,1,0
BRDA:113,11,0,0
BRDA:113,11,1,0
BRDA:115,12,0,0
BRDA:115,12,1,0
BRDA:122,13,0,0
BRDA:122,13,1,0
BRF:26
BRH:0
end_of_record
TN:
SF:src/Math/SphereType.js
FN:19,(anonymous_0)
FN:34,(anonymous_1)
FN:44,(anonymous_2)
FN:56,(anonymous_3)
FN:68,(anonymous_4)
FN:82,(anonymous_5)
FNF:6
FNH:0
FNDA:0,(anonymous_0)
FNDA:0,(anonymous_1)
FNDA:0,(anonymous_2)
FNDA:0,(anonymous_3)
FNDA:0,(anonymous_4)
FNDA:0,(anonymous_5)
DA:20,0
DA:21,0
DA:22,0
DA:24,0
DA:26,0
DA:35,0
DA:45,0
DA:57,0
DA:69,0
DA:83,0
DA:87,23
LF:11
LH:1
BRDA:19,0,0,0
BRDA:21,1,0,0
BRDA:21,1,1,0
BRF:3
BRH:0
end_of_record
TN:
SF:src/Math/TypeRegistry.js
FN:10,(anonymous_0)
FN:25,(anonymous_1)
FN:36,(anonymous_2)
FN:45,(anonymous_3)
FNF:4
FNH:2
FNDA:38,(anonymous_0)
FNDA:500,(anonymous_1)
FNDA:0,(anonymous_2)
FNDA:0,(anonymous_3)
DA:11,38
DA:12,38
DA:15,38
DA:16,38
DA:17,38
DA:26,500
DA:27,500
DA:28,114
DA:37,0
DA:46,0
DA:47,0
DA:48,0
DA:52,38
LF:13
LH:9
BRDA:27,0,0,386
BRDA:27,0,1,114
BRDA:46,1,0,0
BRDA:46,1,1,0
BRDA:47,2,0,0
BRDA:47,2,1,0
BRF:6
BRH:2
end_of_record
TN:
SF:src/Math/Vec2.js
FN:64,(anonymous_0)
FN:87,(anonymous_1)
FN:95,(anonymous_2)
FN:103,(anonymous_3)
FN:111,(anonymous_4)
FN:120,(anonymous_5)
FN:130,(anonymous_6)
FN:142,(anonymous_7)
FN:153,(anonymous_8)
FN:164,(anonymous_9)
FN:175,(anonymous_10)
FN:187,(anonymous_11)
FN:200,(anonymous_12)
FN:209,(anonymous_13)
FN:220,(anonymous_14)
FN:230,(anonymous_15)
FN:242,(anonymous_16)
FN:251,(anonymous_17)
FN:261,(anonymous_18)
FN:270,(anonymous_19)
FN:282,(anonymous_20)
FN:291,(anonymous_21)
FN:301,(anonymous_22)
FN:312,(anonymous_23)
FN:322,(anonymous_24)
FN:334,(anonymous_25)
FN:350,(anonymous_26)
FN:367,(anonymous_27)
FN:377,(anonymous_28)
FN:388,(anonymous_29)
FN:401,(anonymous_30)
FN:413,(anonymous_31)
FN:429,(anonymous_32)
FN:441,(anonymous_33)
FN:454,(anonymous_34)
FN:465,(anonymous_35)
FN:474,(anonymous_36)
FN:489,(anonymous_37)
FN:500,(anonymous_38)
FN:510,(anonymous_39)
FN:520,(anonymous_40)
FN:532,(anonymous_41)
FN:544,(anonymous_42)
FN:554,(anonymous_43)
FNF:44
FNH:15
FNDA:1299,(anonymous_0)
FNDA:649,(anonymous_1)
FNDA:1282,(anonymous_2)
FNDA:649,(anonymous_3)
FNDA:1282,(anonymous_4)
FNDA:0,(anonymous_5)
FNDA:640,(anonymous_6)
FNDA:0,(anonymous_7)
FNDA:1,(anonymous_8)
FNDA:0,(anonymous_9)
FNDA:0,(anonymous_10)
FNDA:0,(anonymous_11)
FNDA:0,(anonymous_12)
FNDA:0,(anonymous_13)
FNDA:0,(anonymous_14)
FNDA:0,(anonymous_15)
FNDA:0,(anonymous_16)
FNDA:0,(anonymous_17)
FNDA:0,(anonymous_18)
FNDA:0,(anonymous_19)
FNDA:0,(anonymous_20)
FNDA:0,(anonymous_21)
FNDA:1,(anonymous_22)
FNDA:1,(anonymous_23)
FNDA:0,(anonymous_24)
FNDA:0,(anonymous_25)
FNDA:0,(anonymous_26)
FNDA:0,(anonymous_27)
FNDA:0,(anonymous_28)
FNDA:0,(anonymous_29)
FNDA:0,(anonymous_30)
FNDA:0,(anonymous_31)
FNDA:0,(anonymous_32)
FNDA:0,(anonymous_33)
FNDA:0,(anonymous_34)
FNDA:1,(anonymous_35)
FNDA:0,(anonymous_36)
FNDA:0,(anonymous_37)
FNDA:640,(anonymous_38)
FNDA:0,(anonymous_39)
FNDA:2,(anonymous_40)
FNDA:6,(anonymous_41)
FNDA:641,(anonymous_42)
FNDA:1,(anonymous_43)
DA:65,1299
DA:67,1299
DA:68,0
DA:69,1299
DA:70,0
DA:71,0
DA:72,0
DA:73,1299
DA:74,640
DA:75,640
DA:77,659
DA:78,659
DA:79,659
DA:88,649
DA:96,1282
DA:104,649
DA:112,1282
DA:121,0
DA:122,0
DA:131,640
DA:132,640
DA:143,0
DA:144,0
DA:154,1
DA:165,0
DA:166,0
DA:176,0
DA:188,0
DA:201,0
DA:210,0
DA:211,0
DA:221,0
DA:231,0
DA:232,0
DA:233,0
DA:243,0
DA:252,0
DA:253,0
DA:262,0
DA:271,0
DA:272,0
DA:273,0
DA:283,0
DA:292,0
DA:293,0
DA:302,1
DA:303,1
DA:304,1
DA:313,1
DA:323,0
DA:324,0
DA:325,0
DA:335,0
DA:336,0
DA:337,0
DA:338,0
DA:339,0
DA:343,0
DA:344,0
DA:351,0
DA:352,0
DA:353,0
DA:354,0
DA:355,0
DA:357,0
DA:358,0
DA:368,0
DA:379,0
DA:389,0
DA:390,0
DA:391,0
DA:392,0
DA:402,0
DA:403,0
DA:404,0
DA:414,0
DA:415,0
DA:416,0
DA:430,0
DA:431,0
DA:432,0
DA:442,0
DA:443,0
DA:444,0
DA:445,0
DA:455,0
DA:456,0
DA:457,0
DA:466,1
DA:475,0
DA:490,0
DA:501,640
DA:511,0
DA:521,2
DA:533,6
DA:545,641
DA:546,641
DA:555,1
DA:556,1
DA:560,34
LF:100
LH:29
BRDA:64,0,0,13
BRDA:64,1,0,13
BRDA:67,2,0,0
BRDA:67,2,1,1299
BRDA:67,3,0,1299
BRDA:67,3,1,1299
BRDA:67,3,2,1299
BRDA:69,4,0,0
BRDA:69,4,1,1299
BRDA:73,5,0,640
BRDA:73,5,1,659
BRDA:73,6,0,1299
BRDA:73,6,1,1299
BRDA:154,7,0,1
BRDA:154,7,1,1
BRDA:176,8,0,0
BRDA:176,8,1,0
BRDA:187,9,0,0
BRDA:189,10,0,0
BRDA:189,10,1,0
BRDA:338,11,0,0
BRDA:338,11,1,0
BRDA:354,12,0,0
BRDA:354,12,1,0
BRDA:390,13,0,0
BRDA:390,13,1,0
BRDA:391,14,0,0
BRDA:391,14,1,0
BRDA:403,15,0,0
BRDA:403,15,1,0
BRDA:441,16,0,0
BRDA:454,17,0,0
BRDA:500,18,0,0
BRF:33
BRH:13
end_of_record
TN:
SF:src/Math/Vec3.js
FN:28,(anonymous_0)
FN:52,(anonymous_1)
FN:61,(anonymous_2)
FN:70,(anonymous_3)
FN:79,(anonymous_4)
FN:88,(anonymous_5)
FN:97,(anonymous_6)
FN:106,(anonymous_7)
FN:115,(anonymous_8)
FN:126,(anonymous_9)
FN:137,(anonymous_10)
FN:146,(anonymous_11)
FN:157,(anonymous_12)
FN:166,(anonymous_13)
FN:181,(anonymous_14)
FN:192,(anonymous_15)
FN:203,(anonymous_16)
FN:214,(anonymous_17)
FN:225,(anonymous_18)
FN:239,(anonymous_19)
FN:248,(anonymous_20)
FN:260,(anonymous_21)
FN:269,(anonymous_22)
FN:281,(anonymous_23)
FN:290,(anonymous_24)
FN:302,(anonymous_25)
FN:311,(anonymous_26)
FN:323,(anonymous_27)
FN:332,(anonymous_28)
FN:343,(anonymous_29)
FN:352,(anonymous_30)
FN:361,(anonymous_31)
FN:373,(anonymous_32)
FN:383,(anonymous_33)
FN:396,(anonymous_34)
FN:412,(anonymous_35)
FN:432,(anonymous_36)
FN:446,(anonymous_37)
FN:463,(anonymous_38)
FN:473,(anonymous_39)
FN:490,(anonymous_40)
FN:506,(anonymous_41)
FN:518,(anonymous_42)
FN:528,(anonymous_43)
FN:545,(anonymous_44)
FN:557,(anonymous_45)
FN:566,(anonymous_46)
FN:580,(anonymous_47)
FN:590,(anonymous_48)
FN:603,(anonymous_49)
FN:613,(anonymous_50)
FN:622,(anonymous_51)
FN:634,(anonymous_52)
FN:647,(anonymous_53)
FN:658,(anonymous_54)
FNF:55
FNH:28
FNDA:1966,(anonymous_0)
FNDA:1471,(anonymous_1)
FNDA:1604,(anonymous_2)
FNDA:1378,(anonymous_3)
FNDA:1604,(anonymous_4)
FNDA:1376,(anonymous_5)
FNDA:1602,(anonymous_6)
FNDA:0,(anonymous_7)
FNDA:0,(anonymous_8)
FNDA:136,(anonymous_9)
FNDA:0,(anonymous_10)
FNDA:640,(anonymous_11)
FNDA:0,(anonymous_12)
FNDA:7,(anonymous_13)
FNDA:0,(anonymous_14)
FNDA:1,(anonymous_15)
FNDA:0,(anonymous_16)
FNDA:0,(anonymous_17)
FNDA:4,(anonymous_18)
FNDA:43,(anonymous_19)
FNDA:29,(anonymous_20)
FNDA:0,(anonymous_21)
FNDA:0,(anonymous_22)
FNDA:133,(anonymous_23)
FNDA:0,(anonymous_24)
FNDA:0,(anonymous_25)
FNDA:0,(anonymous_26)
FNDA:2,(anonymous_27)
FNDA:17,(anonymous_28)
FNDA:47,(anonymous_29)
FNDA:47,(anonymous_30)
FNDA:1,(anonymous_31)
FNDA:1,(anonymous_32)
FNDA:0,(anonymous_33)
FNDA:2,(anonymous_34)
FNDA:0,(anonymous_35)
FNDA:0,(anonymous_36)
FNDA:0,(anonymous_37)
FNDA:0,(anonymous_38)
FNDA:0,(anonymous_39)
FNDA:0,(anonymous_40)
FNDA:0,(anonymous_41)
FNDA:0,(anonymous_42)
FNDA:0,(anonymous_43)
FNDA:0,(anonymous_44)
FNDA:3,(anonymous_45)
FNDA:0,(anonymous_46)
FNDA:0,(anonymous_47)
FNDA:0,(anonymous_48)
FNDA:772,(anonymous_49)
FNDA:0,(anonymous_50)
FNDA:4,(anonymous_51)
FNDA:20,(anonymous_52)
FNDA:777,(anonymous_53)
FNDA:3,(anonymous_54)
DA:29,1966
DA:30,1966
DA:31,0
DA:32,1966
DA:33,0
DA:34,0
DA:35,0
DA:36,1966
DA:37,772
DA:38,772
DA:40,1194
DA:41,1194
DA:42,1194
DA:43,1194
DA:53,1471
DA:62,1604
DA:71,1378
DA:80,1604
DA:89,1376
DA:98,1602
DA:107,0
DA:116,0
DA:127,136
DA:128,136
DA:129,136
DA:138,0
DA:147,640
DA:148,640
DA:149,640
DA:158,0
DA:167,7
DA:182,0
DA:183,0
DA:193,1
DA:204,0
DA:205,0
DA:215,0
DA:226,4
DA:240,43
DA:249,29
DA:250,29
DA:251,29
DA:261,0
DA:270,0
DA:271,0
DA:272,0
DA:282,133
DA:291,0
DA:292,0
DA:293,0
DA:303,0
DA:312,0
DA:313,0
DA:314,0
DA:324,2
DA:333,17
DA:334,17
DA:335,17
DA:344,47
DA:353,47
DA:362,1
DA:363,1
DA:364,1
DA:365,1
DA:374,1
DA:384,0
DA:385,0
DA:386,0
DA:387,0
DA:397,2
DA:398,2
DA:399,0
DA:403,2
DA:404,2
DA:413,0
DA:414,0
DA:415,0
DA:417,0
DA:418,0
DA:419,0
DA:420,0
DA:421,0
DA:423,0
DA:433,0
DA:434,0
DA:435,0
DA:437,0
DA:438,0
DA:447,0
DA:448,0
DA:449,0
DA:451,0
DA:452,0
DA:453,0
DA:454,0
DA:464,0
DA:474,0
DA:475,0
DA:476,0
DA:477,0
DA:478,0
DA:479,0
DA:481,0
DA:491,0
DA:492,0
DA:493,0
DA:495,0
DA:507,0
DA:508,0
DA:509,0
DA:510,0
DA:519,0
DA:529,0
DA:530,0
DA:531,0
DA:533,0
DA:534,0
DA:535,0
DA:536,0
DA:546,0
DA:547,0
DA:548,0
DA:549,0
DA:558,3
DA:567,0
DA:581,0
DA:591,0
DA:592,0
DA:593,0
DA:604,772
DA:614,0
DA:623,4
DA:635,20
DA:648,777
DA:649,777
DA:650,777
DA:659,3
DA:660,3
DA:661,3
DA:665,32
LF:140
LH:56
BRDA:28,0,0,249
BRDA:28,1,0,249
BRDA:28,2,0,1021
BRDA:30,3,0,0
BRDA:30,3,1,1966
BRDA:30,4,0,1966
BRDA:30,4,1,1966
BRDA:32,5,0,0
BRDA:32,5,1,1966
BRDA:36,6,0,772
BRDA:36,6,1,1194
BRDA:36,7,0,1966
BRDA:36,7,1,1966
BRDA:128,8,0,136
BRDA:128,8,1,0
BRDA:129,9,0,136
BRDA:129,9,1,0
BRDA:158,10,0,0
BRDA:158,10,1,0
BRDA:158,10,2,0
BRDA:168,11,0,7
BRDA:168,11,1,4
BRDA:168,11,2,4
BRDA:193,12,0,1
BRDA:193,12,1,1
BRDA:193,12,2,1
BRDA:215,13,0,0
BRDA:215,13,1,0
BRDA:215,13,2,0
BRDA:225,14,0,0
BRDA:227,15,0,4
BRDA:227,15,1,4
BRDA:227,15,2,4
BRDA:398,16,0,0
BRDA:398,16,1,2
BRDA:414,17,0,0
BRDA:414,17,1,0
BRDA:434,18,0,0
BRDA:434,18,1,0
BRDA:448,19,0,0
BRDA:448,19,1,0
BRDA:492,20,0,0
BRDA:492,20,1,0
BRDA:528,21,0,0
BRDA:545,22,0,0
BRDA:603,23,0,0
BRF:46
BRH:23
end_of_record
TN:
SF:src/Math/Vec4.js
FN:29,(anonymous_0)
FN:53,(anonymous_1)
FN:62,(anonymous_2)
FN:71,(anonymous_3)
FN:80,(anonymous_4)
FN:89,(anonymous_5)
FN:98,(anonymous_6)
FN:107,(anonymous_7)
FN:116,(anonymous_8)
FN:125,(anonymous_9)
FN:137,(anonymous_10)
FN:149,(anonymous_11)
FN:163,(anonymous_12)
FN:174,(anonymous_13)
FN:190,(anonymous_14)
FN:201,(anonymous_15)
FN:217,(anonymous_16)
FN:232,(anonymous_17)
FN:246,(anonymous_18)
FN:259,(anonymous_19)
FN:273,(anonymous_20)
FN:286,(anonymous_21)
FN:300,(anonymous_22)
FN:313,(anonymous_23)
FN:327,(anonymous_24)
FN:340,(anonymous_25)
FN:354,(anonymous_26)
FN:363,(anonymous_27)
FN:376,(anonymous_28)
FN:390,(anonymous_29)
FN:408,(anonymous_30)
FN:427,(anonymous_31)
FN:437,(anonymous_32)
FN:461,(anonymous_33)
FN:480,(anonymous_34)
FN:499,(anonymous_35)
FN:515,(anonymous_36)
FN:529,(anonymous_37)
FN:538,(anonymous_38)
FN:551,(anonymous_39)
FN:562,(anonymous_40)
FN:571,(anonymous_41)
FN:582,(anonymous_42)
FN:596,(anonymous_43)
FN:608,(anonymous_44)
FNF:45
FNH:15
FNDA:16,(anonymous_0)
FNDA:9,(anonymous_1)
FNDA:2,(anonymous_2)
FNDA:9,(anonymous_3)
FNDA:2,(anonymous_4)
FNDA:9,(anonymous_5)
FNDA:2,(anonymous_6)
FNDA:9,(anonymous_7)
FNDA:2,(anonymous_8)
FNDA:0,(anonymous_9)
FNDA:0,(anonymous_10)
FNDA:0,(anonymous_11)
FNDA:0,(anonymous_12)
FNDA:1,(anonymous_13)
FNDA:0,(anonymous_14)
FNDA:0,(anonymous_15)
FNDA:0,(anonymous_16)
FNDA:0,(anonymous_17)
FNDA:0,(anonymous_18)
FNDA:0,(anonymous_19)
FNDA:0,(anonymous_20)
FNDA:0,(anonymous_21)
FNDA:0,(anonymous_22)
FNDA:0,(anonymous_23)
FNDA:0,(anonymous_24)
FNDA:0,(anonymous_25)
FNDA:0,(anonymous_26)
FNDA:1,(anonymous_27)
FNDA:0,(anonymous_28)
FNDA:0,(anonymous_29)
FNDA:0,(anonymous_30)
FNDA:0,(anonymous_31)
FNDA:0,(anonymous_32)
FNDA:0,(anonymous_33)
FNDA:0,(anonymous_34)
FNDA:0,(anonymous_35)
FNDA:1,(anonymous_36)
FNDA:0,(anonymous_37)
FNDA:0,(anonymous_38)
FNDA:0,(anonymous_39)
FNDA:0,(anonymous_40)
FNDA:0,(anonymous_41)
FNDA:6,(anonymous_42)
FNDA:1,(anonymous_43)
FNDA:1,(anonymous_44)
DA:30,16
DA:32,16
DA:33,0
DA:34,0
DA:35,0
DA:36,16
DA:37,0
DA:38,0
DA:40,16
DA:41,16
DA:42,16
DA:43,16
DA:44,16
DA:54,9
DA:63,2
DA:72,9
DA:81,2
DA:90,9
DA:99,2
DA:108,9
DA:117,2
DA:126,0
DA:138,0
DA:139,0
DA:140,0
DA:141,0
DA:150,0
DA:151,0
DA:152,0
DA:153,0
DA:164,0
DA:165,0
DA:175,1
DA:191,0
DA:192,0
DA:202,0
DA:218,0
DA:233,0
DA:247,0
DA:248,0
DA:249,0
DA:250,0
DA:260,0
DA:274,0
DA:275,0
DA:276,0
DA:277,0
DA:287,0
DA:301,0
DA:302,0
DA:303,0
DA:304,0
DA:314,0
DA:328,0
DA:329,0
DA:330,0
DA:331,0
DA:341,0
DA:355,0
DA:364,1
DA:365,1
DA:366,1
DA:367,1
DA:368,1
DA:377,0
DA:378,0
DA:379,0
DA:380,0
DA:381,0
DA:391,0
DA:392,0
DA:393,0
DA:394,0
DA:395,0
DA:396,0
DA:397,0
DA:401,0
DA:402,0
DA:409,0
DA:410,0
DA:411,0
DA:412,0
DA:413,0
DA:414,0
DA:415,0
DA:417,0
DA:418,0
DA:428,0
DA:438,0
DA:439,0
DA:440,0
DA:441,0
DA:442,0
DA:443,0
DA:444,0
DA:445,0
DA:447,0
DA:462,0
DA:463,0
DA:464,0
DA:466,0
DA:467,0
DA:469,0
DA:481,0
DA:482,0
DA:483,0
DA:484,0
DA:485,0
DA:500,0
DA:501,0
DA:502,0
DA:504,0
DA:505,0
DA:506,0
DA:507,0
DA:516,1
DA:530,0
DA:539,0
DA:552,0
DA:563,0
DA:572,0
DA:583,6
DA:597,1
DA:598,1
DA:599,1
DA:600,1
DA:609,1
DA:610,1
DA:611,1
DA:612,1
DA:616,22
LF:131
LH:33
BRDA:29,0,0,10
BRDA:29,1,0,10
BRDA:29,2,0,10
BRDA:29,3,0,10
BRDA:32,4,0,0
BRDA:32,4,1,16
BRDA:36,5,0,0
BRDA:36,5,1,16
BRDA:36,6,0,16
BRDA:36,6,1,16
BRDA:176,7,0,1
BRDA:176,7,1,1
BRDA:176,7,2,1
BRDA:176,7,3,1
BRDA:203,8,0,0
BRDA:203,8,1,0
BRDA:203,8,2,0
BRDA:203,8,3,0
BRDA:217,9,0,0
BRDA:219,10,0,0
BRDA:219,10,1,0
BRDA:219,10,2,0
BRDA:219,10,3,0
BRDA:396,11,0,0
BRDA:396,11,1,0
BRDA:414,12,0,0
BRDA:414,12,1,0
BRDA:466,13,0,0
BRDA:466,13,1,0
BRDA:499,14,0,0
BRDA:562,15,0,0
BRF:31
BRH:12
end_of_record
TN:
SF:src/Math/Xfo.js
FN:26,(anonymous_0)
FN:60,(anonymous_1)
FN:71,(anonymous_2)
FN:82,(anonymous_3)
FN:92,(anonymous_4)
FN:110,(anonymous_5)
FN:131,(anonymous_6)
FN:162,(anonymous_7)
FN:171,(anonymous_8)
FN:204,(anonymous_9)
FN:216,(anonymous_10)
FN:243,(anonymous_11)
FN:256,(anonymous_12)
FN:268,(anonymous_13)
FN:282,(anonymous_14)
FN:295,(anonymous_15)
FN:306,(anonymous_16)
FNF:17
FNH:7
FNDA:291,(anonymous_0)
FNDA:0,(anonymous_1)
FNDA:0,(anonymous_2)
FNDA:0,(anonymous_3)
FNDA:0,(anonymous_4)
FNDA:43,(anonymous_5)
FNDA:47,(anonymous_6)
FNDA:0,(anonymous_7)
FNDA:0,(anonymous_8)
FNDA:0,(anonymous_9)
FNDA:0,(anonymous_10)
FNDA:1,(anonymous_11)
FNDA:0,(anonymous_12)
FNDA:7,(anonymous_13)
FNDA:3,(anonymous_14)
FNDA:1,(anonymous_15)
FNDA:0,(anonymous_16)
DA:9,22
DA:27,291
DA:28,0
DA:29,0
DA:31,291
DA:32,52
DA:33,239
DA:34,0
DA:35,0
DA:36,0
DA:37,0
DA:39,239
DA:41,291
DA:42,44
DA:44,247
DA:46,291
DA:47,44
DA:49,247
DA:61,0
DA:62,0
DA:63,0
DA:72,0
DA:73,0
DA:74,0
DA:83,0
DA:94,0
DA:95,0
DA:96,0
DA:97,0
DA:98,0
DA:100,0
DA:101,0
DA:111,43
DA:112,43
DA:113,0
DA:114,0
DA:115,0
DA:116,0
DA:118,43
DA:123,43
DA:132,47
DA:133,47
DA:135,47
DA:142,0
DA:143,0
DA:144,0
DA:145,0
DA:146,0
DA:147,0
DA:148,0
DA:150,47
DA:152,47
DA:153,47
DA:163,0
DA:172,0
DA:191,0
DA:193,0
DA:194,0
DA:196,0
DA:205,0
DA:206,0
DA:217,0
DA:218,0
DA:219,0
DA:220,0
DA:221,0
DA:223,0
DA:224,0
DA:225,0
DA:226,0
DA:227,0
DA:228,0
DA:230,0
DA:231,0
DA:232,0
DA:233,0
DA:234,0
DA:244,1
DA:257,0
DA:269,7
DA:273,7
DA:274,7
DA:283,3
DA:284,3
DA:285,3
DA:286,1
DA:296,1
DA:297,1
DA:298,1
DA:308,0
DA:312,22
LF:91
LH:34
BRDA:26,0,0,238
BRDA:26,1,0,246
BRDA:26,2,0,246
BRDA:27,3,0,0
BRDA:27,3,1,291
BRDA:31,4,0,52
BRDA:31,4,1,239
BRDA:33,5,0,0
BRDA:33,5,1,239
BRDA:33,6,0,239
BRDA:33,6,1,0
BRDA:33,6,2,0
BRDA:41,7,0,44
BRDA:41,7,1,247
BRDA:46,8,0,44
BRDA:46,8,1,247
BRDA:60,9,0,0
BRDA:63,10,0,0
BRDA:63,10,1,0
BRDA:83,11,0,0
BRDA:83,11,1,0
BRDA:83,11,2,0
BRDA:96,12,0,0
BRDA:96,12,1,0
BRDA:112,13,0,0
BRDA:112,13,1,43
BRDA:112,14,0,43
BRDA:112,14,1,43
BRDA:114,15,0,0
BRDA:114,15,1,0
BRDA:115,16,0,0
BRDA:115,16,1,0
BRDA:116,17,0,0
BRDA:116,17,1,0
BRDA:135,18,0,0
BRDA:135,18,1,47
BRDA:135,19,0,47
BRDA:135,19,1,47
BRDA:143,20,0,0
BRDA:143,20,1,0
BRDA:145,21,0,0
BRDA:145,21,1,0
BRDA:147,22,0,0
BRDA:147,22,1,0
BRDA:217,23,0,0
BRDA:217,23,1,0
BRDA:223,24,0,0
BRDA:223,24,1,0
BRDA:230,25,0,0
BRDA:230,25,1,0
BRDA:273,26,0,3
BRDA:273,26,1,4
BRDA:285,27,0,1
BRDA:285,27,1,2
BRF:54
BRH:22
end_of_record
TN:
SF:src/Math/index.js
FNF:0
FNH:0
LF:0
LH:0
BRF:0
BRH:0
end_of_record
TN:
SF:src/SceneTree/BaseGeomItem.js
FN:17,(anonymous_0)
FN:32,(anonymous_1)
FN:42,(anonymous_2)
FN:52,(anonymous_3)
FN:62,(anonymous_4)
FN:74,(anonymous_5)
FN:83,(anonymous_6)
FN:93,(anonymous_7)
FN:102,(anonymous_8)
FN:112,(anonymous_9)
FN:121,(anonymous_10)
FN:135,(anonymous_11)
FNF:12
FNH:1
FNDA:3,(anonymous_0)
FNDA:0,(anonymous_1)
FNDA:0,(anonymous_2)
FNDA:0,(anonymous_3)
FNDA:0,(anonymous_4)
FNDA:0,(anonymous_5)
FNDA:0,(anonymous_6)
FNDA:0,(anonymous_7)
FNDA:0,(anonymous_8)
FNDA:0,(anonymous_9)
FNDA:0,(anonymous_10)
FNDA:0,(anonymous_11)
DA:18,3
DA:19,3
DA:20,3
DA:21,3
DA:22,3
DA:23,3
DA:34,0
DA:43,0
DA:54,0
DA:63,0
DA:75,0
DA:84,0
DA:85,0
DA:94,0
DA:103,0
DA:104,0
DA:113,0
DA:122,0
DA:123,0
DA:136,0
DA:138,0
DA:139,0
DA:142,0
DA:143,0
DA:144,0
DA:148,0
DA:149,0
DA:150,0
DA:152,0
DA:154,0
DA:155,0
DA:157,0
LF:32
LH:6
BRDA:138,0,0,0
BRDA:138,0,1,0
BRDA:144,1,0,0
BRDA:144,1,1,0
BRDA:155,2,0,0
BRDA:155,2,1,0
BRF:6
BRH:0
end_of_record
TN:
SF:src/SceneTree/BaseImage.js
FN:23,(anonymous_0)
FN:34,(anonymous_1)
FN:49,(anonymous_2)
FN:57,(anonymous_3)
FN:65,(anonymous_4)
FN:74,(anonymous_5)
FN:83,(anonymous_6)
FN:92,(anonymous_7)
FNF:8
FNH:1
FNDA:4,(anonymous_0)
FNDA:0,(anonymous_1)
FNDA:0,(anonymous_2)
FNDA:0,(anonymous_3)
FNDA:0,(anonymous_4)
FNDA:0,(anonymous_5)
FNDA:0,(anonymous_6)
FNDA:0,(anonymous_7)
DA:24,4
DA:25,4
DA:26,4
DA:27,4
DA:28,4
DA:30,4
DA:31,4
DA:32,4
DA:34,4
DA:35,0
DA:41,4
DA:50,0
DA:58,0
DA:66,0
DA:75,0
DA:84,0
DA:93,0
LF:17
LH:10
BRF:0
BRH:0
end_of_record
TN:
SF:src/SceneTree/BaseItem.js
FN:29,(anonymous_0)
FN:56,(anonymous_1)
FN:65,(anonymous_2)
FN:80,(anonymous_3)
FN:90,(anonymous_4)
FN:104,(anonymous_5)
FN:116,(anonymous_6)
FN:127,(anonymous_7)
FN:136,(anonymous_8)
FN:146,(anonymous_9)
FN:162,(anonymous_10)
FN:190,(anonymous_11)
FN:200,(anonymous_12)
FN:216,(anonymous_13)
FN:226,(anonymous_14)
FN:240,(anonymous_15)
FN:249,(anonymous_16)
FN:259,(anonymous_17)
FN:273,(anonymous_18)
FN:283,(anonymous_19)
FN:293,(anonymous_20)
FN:302,(anonymous_21)
FN:316,(anonymous_22)
FN:339,(anonymous_23)
FN:353,(anonymous_24)
FN:371,(anonymous_25)
FN:387,(anonymous_26)
FN:396,(anonymous_27)
FNF:28
FNH:15
FNDA:198,(anonymous_0)
FNDA:1,(anonymous_1)
FNDA:403,(anonymous_2)
FNDA:80,(anonymous_3)
FNDA:0,(anonymous_4)
FNDA:32,(anonymous_5)
FNDA:35,(anonymous_6)
FNDA:250,(anonymous_7)
FNDA:0,(anonymous_8)
FNDA:32,(anonymous_9)
FNDA:3,(anonymous_10)
FNDA:3,(anonymous_11)
FNDA:30,(anonymous_12)
FNDA:26,(anonymous_13)
FNDA:26,(anonymous_14)
FNDA:0,(anonymous_15)
FNDA:0,(anonymous_16)
FNDA:0,(anonymous_17)
FNDA:0,(anonymous_18)
FNDA:0,(anonymous_19)
FNDA:0,(anonymous_20)
FNDA:0,(anonymous_21)
FNDA:2,(anonymous_22)
FNDA:3,(anonymous_23)
FNDA:0,(anonymous_24)
FNDA:0,(anonymous_25)
FNDA:0,(anonymous_26)
FNDA:0,(anonymous_27)
DA:6,11
DA:12,11
DA:30,198
DA:31,198
DA:32,198
DA:33,198
DA:34,198
DA:39,198
DA:40,198
DA:42,198
DA:44,198
DA:57,1
DA:66,403
DA:67,403
DA:68,66
DA:81,80
DA:91,0
DA:92,0
DA:93,0
DA:94,0
DA:95,0
DA:105,32
DA:107,29
DA:117,35
DA:128,250
DA:137,0
DA:147,32
DA:163,3
DA:164,3
DA:166,3
DA:167,0
DA:169,3
DA:170,0
DA:174,3
DA:175,3
DA:176,3
DA:178,0
DA:192,3
DA:202,30
DA:203,30
DA:204,30
DA:217,26
DA:227,26
DA:228,0
DA:229,0
DA:231,26
DA:241,0
DA:250,0
DA:260,0
DA:261,0
DA:274,0
DA:284,0
DA:294,0
DA:303,0
DA:317,2
DA:318,2
DA:319,2
DA:320,2
DA:327,2
DA:329,2
DA:340,3
DA:341,3
DA:344,3
DA:354,0
DA:355,0
DA:358,0
DA:372,0
DA:388,0
DA:389,0
DA:397,0
LF:70
LH:44
BRDA:31,0,0,164
BRDA:31,0,1,34
BRDA:67,1,0,66
BRDA:67,1,1,337
BRDA:91,2,0,0
BRDA:91,2,1,0
BRDA:105,3,0,3
BRDA:105,3,1,29
BRDA:162,4,0,3
BRDA:163,5,0,3
BRDA:163,5,1,0
BRDA:164,6,0,3
BRDA:164,6,1,0
BRDA:164,7,0,3
BRDA:164,7,1,3
BRDA:166,8,0,0
BRDA:166,8,1,3
BRDA:169,9,0,0
BRDA:169,9,1,3
BRDA:169,10,0,3
BRDA:169,10,1,0
BRDA:175,11,0,3
BRDA:175,11,1,0
BRDA:202,12,0,30
BRDA:202,12,1,0
BRDA:227,13,0,0
BRDA:227,13,1,26
BRDA:318,14,0,2
BRDA:318,14,1,0
BRDA:318,15,0,2
BRDA:318,15,1,2
BRDA:319,16,0,2
BRDA:319,16,1,0
BRDA:327,17,0,2
BRDA:327,17,1,0
BRDA:340,18,0,2
BRDA:340,18,1,1
BRF:37
BRH:24
end_of_record
TN:
SF:src/SceneTree/BinReader.js
FN:15,(anonymous_0)
FN:28,(anonymous_1)
FN:37,(anonymous_2)
FN:46,(anonymous_3)
FN:55,(anonymous_4)
FN:63,(anonymous_5)
FN:71,(anonymous_6)
FN:80,(anonymous_7)
FN:90,(anonymous_8)
FN:102,(anonymous_9)
FN:114,(anonymous_10)
FN:126,(anonymous_11)
FN:138,(anonymous_12)
FN:149,(anonymous_13)
FN:164,(anonymous_14)
FN:176,(anonymous_15)
FN:186,(anonymous_16)
FN:198,(anonymous_17)
FN:213,(anonymous_18)
FN:231,(anonymous_19)
FN:259,(anonymous_20)
FN:286,(anonymous_21)
FN:310,(anonymous_22)
FN:323,(anonymous_23)
FN:337,(anonymous_24)
FN:347,(anonymous_25)
FN:358,(anonymous_26)
FN:368,(anonymous_27)
FN:379,(anonymous_28)
FN:391,(anonymous_29)
FN:403,(anonymous_30)
FN:415,(anonymous_31)
FN:428,(anonymous_32)
FN:439,(anonymous_33)
FN:451,(anonymous_34)
FN:462,(anonymous_35)
FN:476,(anonymous_36)
FN:486,(anonymous_37)
FN:494,(anonymous_38)
FNF:39
FNH:6
FNDA:9,(anonymous_0)
FNDA:0,(anonymous_1)
FNDA:0,(anonymous_2)
FNDA:0,(anonymous_3)
FNDA:0,(anonymous_4)
FNDA:0,(anonymous_5)
FNDA:0,(anonymous_6)
FNDA:0,(anonymous_7)
FNDA:0,(anonymous_8)
FNDA:0,(anonymous_9)
FNDA:1,(anonymous_10)
FNDA:0,(anonymous_11)
FNDA:0,(anonymous_12)
FNDA:0,(anonymous_13)
FNDA:0,(anonymous_14)
FNDA:0,(anonymous_15)
FNDA:0,(anonymous_16)
FNDA:21,(anonymous_17)
FNDA:0,(anonymous_18)
FNDA:0,(anonymous_19)
FNDA:0,(anonymous_20)
FNDA:2,(anonymous_21)
FNDA:1,(anonymous_22)
FNDA:0,(anonymous_23)
FNDA:0,(anonymous_24)
FNDA:0,(anonymous_25)
FNDA:0,(anonymous_26)
FNDA:0,(anonymous_27)
FNDA:0,(anonymous_28)
FNDA:0,(anonymous_29)
FNDA:0,(anonymous_30)
FNDA:0,(anonymous_31)
FNDA:0,(anonymous_32)
FNDA:0,(anonymous_33)
FNDA:0,(anonymous_34)
FNDA:0,(anonymous_35)
FNDA:0,(anonymous_36)
FNDA:0,(anonymous_37)
FNDA:2,(anonymous_38)
DA:16,9
DA:17,9
DA:18,9
DA:19,9
DA:20,9
DA:29,0
DA:38,0
DA:47,0
DA:56,0
DA:64,0
DA:72,0
DA:81,0
DA:91,0
DA:92,0
DA:93,0
DA:103,0
DA:104,0
DA:105,0
DA:115,1
DA:116,1
DA:117,1
DA:127,0
DA:128,0
DA:129,0
DA:139,0
DA:140,0
DA:150,0
DA:151,0
DA:152,0
DA:154,0
DA:165,0
DA:168,0
DA:169,0
DA:177,0
DA:178,0
DA:179,0
DA:187,0
DA:188,0
DA:189,0
DA:199,21
DA:200,21
DA:201,21
DA:214,0
DA:215,0
DA:216,0
DA:217,0
DA:219,0
DA:232,0
DA:233,0
DA:234,0
DA:236,0
DA:237,0
DA:238,0
DA:239,0
DA:240,0
DA:243,0
DA:244,0
DA:247,0
DA:260,0
DA:261,0
DA:262,0
DA:264,0
DA:265,0
DA:266,0
DA:267,0
DA:268,0
DA:271,0
DA:272,0
DA:274,0
DA:287,2
DA:288,2
DA:289,2
DA:291,2
DA:292,2
DA:293,2
DA:294,25
DA:295,25
DA:298,0
DA:299,0
DA:301,2
DA:311,1
DA:312,1
DA:313,1
DA:314,1
DA:324,0
DA:325,0
DA:326,0
DA:327,0
DA:329,0
DA:338,0
DA:339,0
DA:340,0
DA:348,0
DA:349,0
DA:350,0
DA:359,0
DA:360,0
DA:361,0
DA:369,0
DA:370,0
DA:371,0
DA:380,0
DA:381,0
DA:382,0
DA:383,0
DA:392,0
DA:393,0
DA:394,0
DA:395,0
DA:404,0
DA:405,0
DA:406,0
DA:407,0
DA:408,0
DA:416,0
DA:417,0
DA:418,0
DA:419,0
DA:420,0
DA:429,0
DA:430,0
DA:431,0
DA:432,0
DA:440,0
DA:441,0
DA:442,0
DA:443,0
DA:444,0
DA:452,0
DA:453,0
DA:454,0
DA:455,0
DA:463,0
DA:464,0
DA:465,0
DA:466,0
DA:467,0
DA:477,0
DA:487,0
DA:495,2
DA:496,2
LF:141
LH:26
BRDA:15,0,0,9
BRDA:15,1,0,9
BRDA:151,2,0,0
BRDA:151,2,1,0
BRDA:213,3,0,0
BRDA:213,4,0,0
BRDA:214,5,0,0
BRDA:214,5,1,0
BRDA:231,6,0,0
BRDA:231,7,0,0
BRDA:232,8,0,0
BRDA:232,8,1,0
BRDA:233,9,0,0
BRDA:233,9,1,0
BRDA:236,10,0,0
BRDA:236,10,1,0
BRDA:259,11,0,0
BRDA:259,12,0,0
BRDA:260,13,0,0
BRDA:260,13,1,0
BRDA:261,14,0,0
BRDA:261,14,1,0
BRDA:264,15,0,0
BRDA:264,15,1,0
BRDA:286,16,0,0
BRDA:286,17,0,2
BRDA:287,18,0,0
BRDA:287,18,1,2
BRDA:288,19,0,0
BRDA:288,19,1,2
BRDA:291,20,0,2
BRDA:291,20,1,0
BRDA:496,21,0,0
BRDA:496,21,1,2
BRF:34
BRH:7
end_of_record
TN:
SF:src/SceneTree/GeomItem.js
FN:21,(anonymous_0)
FN:31,(anonymous_1)
FN:65,(anonymous_2)
FN:89,(anonymous_3)
FN:92,(anonymous_4)
FN:114,(anonymous_5)
FN:123,(anonymous_6)
FN:133,(anonymous_7)
FN:145,(anonymous_8)
FN:155,(anonymous_9)
FN:164,(anonymous_10)
FN:174,(anonymous_11)
FN:191,(anonymous_12)
FN:200,(anonymous_13)
FN:209,(anonymous_14)
FN:221,(anonymous_15)
FN:230,(anonymous_16)
FN:241,(anonymous_17)
FN:256,(anonymous_18)
FN:267,(anonymous_19)
FN:278,(anonymous_20)
FN:293,(anonymous_21)
FN:341,(anonymous_22)
FN:355,(anonymous_23)
FN:367,(anonymous_24)
FN:374,(anonymous_25)
FN:396,(anonymous_26)
FNF:27
FNH:3
FNDA:3,(anonymous_0)
FNDA:0,(anonymous_1)
FNDA:3,(anonymous_2)
FNDA:0,(anonymous_3)
FNDA:0,(anonymous_4)
FNDA:0,(anonymous_5)
FNDA:0,(anonymous_6)
FNDA:0,(anonymous_7)
FNDA:0,(anonymous_8)
FNDA:0,(anonymous_9)
FNDA:0,(anonymous_10)
FNDA:0,(anonymous_11)
FNDA:0,(anonymous_12)
FNDA:0,(anonymous_13)
FNDA:0,(anonymous_14)
FNDA:0,(anonymous_15)
FNDA:0,(anonymous_16)
FNDA:0,(anonymous_17)
FNDA:2,(anonymous_18)
FNDA:0,(anonymous_19)
FNDA:0,(anonymous_20)
FNDA:0,(anonymous_21)
FNDA:0,(anonymous_22)
FNDA:0,(anonymous_23)
FNDA:0,(anonymous_24)
FNDA:0,(anonymous_25)
FNDA:0,(anonymous_26)
DA:22,3
DA:23,3
DA:24,3
DA:25,3
DA:32,0
DA:33,0
DA:34,0
DA:36,0
DA:37,0
DA:38,0
DA:66,3
DA:68,3
DA:69,3
DA:70,3
DA:71,3
DA:72,3
DA:73,3
DA:75,3
DA:76,3
DA:77,3
DA:89,3
DA:90,0
DA:92,3
DA:93,0
DA:96,3
DA:102,3
DA:103,3
DA:115,0
DA:124,0
DA:134,0
DA:135,0
DA:146,0
DA:147,0
DA:156,0
DA:165,0
DA:175,0
DA:176,0
DA:177,0
DA:178,0
DA:180,0
DA:192,0
DA:201,0
DA:210,0
DA:222,0
DA:231,0
DA:242,0
DA:243,0
DA:257,2
DA:258,2
DA:268,0
DA:269,0
DA:279,0
DA:281,0
DA:283,0
DA:285,0
DA:286,0
DA:287,0
DA:288,0
DA:289,0
DA:290,0
DA:292,0
DA:293,0
DA:294,0
DA:295,0
DA:296,0
DA:297,0
DA:298,0
DA:299,0
DA:302,0
DA:307,0
DA:308,0
DA:309,0
DA:316,0
DA:317,0
DA:318,0
DA:319,0
DA:320,0
DA:321,0
DA:322,0
DA:323,0
DA:324,0
DA:326,0
DA:329,0
DA:333,0
DA:342,0
DA:356,0
DA:357,0
DA:358,0
DA:368,0
DA:369,0
DA:371,0
DA:372,0
DA:373,0
DA:374,0
DA:375,0
DA:376,0
DA:377,0
DA:378,0
DA:379,0
DA:380,0
DA:383,0
DA:389,0
DA:397,0
DA:401,2
LF:104
LH:22
BRDA:65,0,0,1
BRDA:65,1,0,3
BRDA:102,2,0,2
BRDA:102,2,1,1
BRDA:103,3,0,0
BRDA:103,3,1,3
BRDA:177,4,0,0
BRDA:177,4,1,0
BRDA:289,5,0,0
BRDA:289,5,1,0
BRDA:295,6,0,0
BRDA:295,6,1,0
BRDA:295,7,0,0
BRDA:295,7,1,0
BRDA:297,8,0,0
BRDA:297,8,1,0
BRDA:308,9,0,0
BRDA:308,9,1,0
BRDA:316,10,0,0
BRDA:316,10,1,0
BRDA:318,11,0,0
BRDA:318,11,1,0
BRDA:322,12,0,0
BRDA:322,12,1,0
BRDA:371,13,0,0
BRDA:371,13,1,0
BRDA:371,14,0,0
BRDA:371,14,1,0
BRDA:376,15,0,0
BRDA:376,15,1,0
BRDA:376,16,0,0
BRDA:376,16,1,0
BRDA:378,17,0,0
BRDA:378,17,1,0
BRF:34
BRH:5
end_of_record
TN:
SF:src/SceneTree/Group.js
FN:55,(anonymous_0)
FN:73,(anonymous_1)
FN:74,(anonymous_2)
FN:77,(anonymous_3)
FN:84,(anonymous_4)
FN:89,(anonymous_5)
FN:100,(anonymous_6)
FN:123,(anonymous_7)
FN:132,(anonymous_8)
FN:135,(anonymous_9)
FN:149,(anonymous_10)
FN:153,(anonymous_11)
FN:163,(anonymous_12)
FN:178,(anonymous_13)
FN:191,(anonymous_14)
FN:196,(anonymous_15)
FN:216,(anonymous_16)
FN:230,(anonymous_17)
FN:250,(anonymous_18)
FN:262,(anonymous_19)
FN:266,(anonymous_20)
FN:270,(anonymous_21)
FN:271,(anonymous_22)
FN:297,(anonymous_23)
FN:301,(anonymous_24)
FN:306,(anonymous_25)
FN:307,(anonymous_26)
FN:327,(anonymous_27)
FN:331,(anonymous_28)
FN:345,(anonymous_29)
FN:354,(anonymous_30)
FN:369,(anonymous_31)
FN:379,(anonymous_32)
FN:393,(anonymous_33)
FN:421,(anonymous_34)
FN:481,(anonymous_35)
FN:499,(anonymous_36)
FN:531,(anonymous_37)
FN:549,(anonymous_38)
FN:561,(anonymous_39)
FN:581,(anonymous_40)
FN:590,(anonymous_41)
FN:602,(anonymous_42)
FN:605,(anonymous_43)
FN:623,(anonymous_44)
FN:634,(anonymous_45)
FN:644,(anonymous_46)
FN:659,(anonymous_47)
FN:663,(anonymous_48)
FN:678,(anonymous_49)
FN:694,(anonymous_50)
FN:697,(anonymous_51)
FN:706,(anonymous_52)
FN:726,(anonymous_53)
FN:738,(anonymous_54)
FNF:55
FNH:30
FNDA:12,(anonymous_0)
FNDA:16,(anonymous_1)
FNDA:16,(anonymous_2)
FNDA:0,(anonymous_3)
FNDA:2,(anonymous_4)
FNDA:0,(anonymous_5)
FNDA:1,(anonymous_6)
FNDA:3,(anonymous_7)
FNDA:5,(anonymous_8)
FNDA:2,(anonymous_9)
FNDA:0,(anonymous_10)
FNDA:0,(anonymous_11)
FNDA:0,(anonymous_12)
FNDA:0,(anonymous_13)
FNDA:19,(anonymous_14)
FNDA:37,(anonymous_15)
FNDA:29,(anonymous_16)
FNDA:0,(anonymous_17)
FNDA:37,(anonymous_18)
FNDA:1,(anonymous_19)
FNDA:1,(anonymous_20)
FNDA:1,(anonymous_21)
FNDA:1,(anonymous_22)
FNDA:0,(anonymous_23)
FNDA:0,(anonymous_24)
FNDA:0,(anonymous_25)
FNDA:0,(anonymous_26)
FNDA:1,(anonymous_27)
FNDA:3,(anonymous_28)
FNDA:1,(anonymous_29)
FNDA:1,(anonymous_30)
FNDA:0,(anonymous_31)
FNDA:16,(anonymous_32)
FNDA:0,(anonymous_33)
FNDA:0,(anonymous_34)
FNDA:0,(anonymous_35)
FNDA:0,(anonymous_36)
FNDA:15,(anonymous_37)
FNDA:0,(anonymous_38)
FNDA:2,(anonymous_39)
FNDA:0,(anonymous_40)
FNDA:1,(anonymous_41)
FNDA:0,(anonymous_42)
FNDA:0,(anonymous_43)
FNDA:1,(anonymous_44)
FNDA:0,(anonymous_45)
FNDA:0,(anonymous_46)
FNDA:1,(anonymous_47)
FNDA:1,(anonymous_48)
FNDA:2,(anonymous_49)
FNDA:1,(anonymous_50)
FNDA:1,(anonymous_51)
FNDA:0,(anonymous_52)
FNDA:0,(anonymous_53)
FNDA:0,(anonymous_54)
DA:22,1
DA:56,12
DA:60,12
DA:62,12
DA:63,12
DA:64,12
DA:65,12
DA:66,12
DA:69,12
DA:72,12
DA:73,16
DA:74,12
DA:75,16
DA:77,12
DA:78,0
DA:81,12
DA:84,12
DA:85,2
DA:88,12
DA:89,12
DA:90,0
DA:93,12
DA:94,12
DA:95,12
DA:96,12
DA:97,12
DA:99,12
DA:100,12
DA:101,1
DA:104,12
DA:105,12
DA:106,12
DA:107,12
DA:109,12
DA:110,12
DA:124,3
DA:133,5
DA:134,2
DA:135,2
DA:136,2
DA:138,2
DA:140,3
DA:153,0
DA:154,0
DA:156,0
DA:157,0
DA:158,0
DA:159,0
DA:162,0
DA:163,0
DA:164,0
DA:165,0
DA:166,0
DA:169,0
DA:179,0
DA:180,0
DA:192,19
DA:193,19
DA:194,19
DA:196,37
DA:199,19
DA:201,19
DA:204,0
DA:205,0
DA:206,0
DA:207,0
DA:208,19
DA:209,2
DA:210,2
DA:212,17
DA:213,17
DA:214,17
DA:215,17
DA:216,17
DA:217,29
DA:218,29
DA:219,29
DA:220,29
DA:221,29
DA:224,17
DA:225,17
DA:227,0
DA:228,0
DA:229,0
DA:230,0
DA:231,0
DA:232,0
DA:233,0
DA:234,0
DA:237,0
DA:239,0
DA:247,19
DA:248,19
DA:250,37
DA:251,19
DA:252,19
DA:266,1
DA:267,1
DA:270,1
DA:271,1
DA:272,1
DA:273,1
DA:274,1
DA:275,1
DA:276,1
DA:277,1
DA:278,1
DA:280,0
DA:281,0
DA:286,1
DA:301,0
DA:302,0
DA:303,0
DA:304,0
DA:306,0
DA:307,0
DA:308,0
DA:309,0
DA:310,0
DA:311,0
DA:315,0
DA:328,1
DA:332,3
DA:333,3
DA:334,3
DA:346,1
DA:348,1
DA:349,1
DA:350,0
DA:351,0
DA:353,1
DA:354,1
DA:355,1
DA:356,1
DA:358,0
DA:361,1
DA:370,0
DA:380,16
DA:382,16
DA:383,16
DA:384,16
DA:385,16
DA:386,16
DA:390,16
DA:391,16
DA:393,0
DA:394,0
DA:395,0
DA:396,0
DA:397,0
DA:398,0
DA:399,0
DA:400,0
DA:409,16
DA:410,0
DA:411,0
DA:412,0
DA:417,16
DA:418,16
DA:419,0
DA:420,0
DA:421,0
DA:422,0
DA:424,0
DA:425,0
DA:426,0
DA:431,16
DA:434,0
DA:449,16
DA:450,16
DA:451,16
DA:452,16
DA:454,16
DA:455,16
DA:470,16
DA:482,0
DA:484,0
DA:485,0
DA:486,0
DA:489,0
DA:494,0
DA:499,0
DA:500,0
DA:501,0
DA:505,0
DA:506,0
DA:507,0
DA:508,0
DA:509,0
DA:511,0
DA:512,0
DA:513,0
DA:514,0
DA:515,0
DA:520,0
DA:532,15
DA:533,0
DA:534,0
DA:536,15
DA:538,15
DA:539,15
DA:550,0
DA:551,0
DA:552,0
DA:564,2
DA:565,2
DA:566,0
DA:569,2
DA:570,2
DA:571,2
DA:572,0
DA:582,0
DA:591,1
DA:592,1
DA:593,1
DA:603,0
DA:604,0
DA:605,0
DA:606,0
DA:607,0
DA:608,0
DA:612,0
DA:624,1
DA:625,1
DA:635,0
DA:636,0
DA:645,0
DA:646,0
DA:660,1
DA:661,1
DA:662,1
DA:663,1
DA:664,1
DA:665,1
DA:667,1
DA:668,1
DA:679,2
DA:683,2
DA:685,2
DA:686,0
DA:687,0
DA:689,2
DA:690,1
DA:692,1
DA:694,1
DA:695,1
DA:698,1
DA:699,1
DA:700,1
DA:701,1
DA:702,1
DA:703,1
DA:707,0
DA:711,1
DA:712,1
DA:727,0
DA:728,0
DA:729,0
DA:739,0
DA:743,1
LF:260
LH:148
BRDA:133,0,0,2
BRDA:133,0,1,3
BRDA:136,1,0,2
BRDA:136,1,1,0
BRDA:136,2,0,0
BRDA:136,2,1,2
BRDA:156,3,0,0
BRDA:156,3,1,0
BRDA:156,4,0,0
BRDA:156,4,1,0
BRDA:164,5,0,0
BRDA:164,5,1,0
BRDA:165,6,0,0
BRDA:165,6,1,0
BRDA:193,7,0,0
BRDA:193,7,1,19
BRDA:201,8,0,0
BRDA:201,8,1,19
BRDA:208,9,0,2
BRDA:208,9,1,17
BRDA:209,10,0,2
BRDA:209,10,1,0
BRDA:212,11,0,17
BRDA:212,11,1,0
BRDA:217,12,0,29
BRDA:217,12,1,0
BRDA:227,13,0,0
BRDA:227,13,1,0
BRDA:231,14,0,0
BRDA:231,14,1,0
BRDA:272,15,0,1
BRDA:272,15,1,0
BRDA:272,16,0,1
BRDA:272,16,1,1
BRDA:274,17,0,1
BRDA:274,17,1,0
BRDA:276,18,0,1
BRDA:276,18,1,0
BRDA:280,19,0,0
BRDA:280,19,1,0
BRDA:308,20,0,0
BRDA:308,20,1,0
BRDA:332,21,0,3
BRDA:332,21,1,0
BRDA:332,22,0,3
BRDA:332,22,1,0
BRDA:349,23,0,0
BRDA:349,23,1,1
BRDA:356,24,0,1
BRDA:356,24,1,0
BRDA:380,25,0,0
BRDA:380,25,1,16
BRDA:391,26,0,0
BRDA:391,26,1,16
BRDA:394,27,0,0
BRDA:394,27,1,0
BRDA:394,28,0,0
BRDA:394,28,1,0
BRDA:396,29,0,0
BRDA:396,29,1,0
BRDA:398,30,0,0
BRDA:398,30,1,0
BRDA:409,31,0,0
BRDA:409,31,1,16
BRDA:409,32,0,16
BRDA:409,32,1,16
BRDA:418,33,0,0
BRDA:418,33,1,16
BRDA:422,34,0,0
BRDA:422,34,1,0
BRDA:431,35,0,0
BRDA:431,35,1,16
BRDA:449,36,0,16
BRDA:449,36,1,0
BRDA:482,37,0,0
BRDA:482,37,1,0
BRDA:485,38,0,0
BRDA:485,38,1,0
BRDA:489,39,0,0
BRDA:489,39,1,0
BRDA:500,40,0,0
BRDA:500,40,1,0
BRDA:511,41,0,0
BRDA:511,41,1,0
BRDA:531,42,0,15
BRDA:532,43,0,0
BRDA:532,43,1,15
BRDA:538,44,0,15
BRDA:538,44,1,0
BRDA:549,45,0,0
BRDA:551,46,0,0
BRDA:551,46,1,0
BRDA:561,47,0,0
BRDA:571,48,0,0
BRDA:571,48,1,2
BRDA:606,49,0,0
BRDA:606,49,1,0
BRDA:607,50,0,0
BRDA:607,50,1,0
BRDA:607,51,0,0
BRDA:607,51,1,0
BRDA:665,52,0,0
BRDA:665,52,1,1
BRDA:685,53,0,0
BRDA:685,53,1,2
BRDA:689,54,0,1
BRDA:689,54,1,1
BRDA:700,55,0,1
BRDA:700,55,1,0
BRF:109
BRH:37
end_of_record
TN:
SF:src/SceneTree/Material.js
FN:15,(anonymous_0)
FN:50,(anonymous_1)
FN:61,(anonymous_2)
FN:72,(anonymous_3)
FN:120,(anonymous_4)
FN:138,(anonymous_5)
FN:151,(anonymous_6)
FN:160,(anonymous_7)
FN:173,(anonymous_8)
FN:183,(anonymous_9)
FN:210,(anonymous_10)
FN:221,(anonymous_11)
FN:247,(anonymous_12)
FN:262,capitalizeFirstLetter
FN:312,(anonymous_14)
FN:324,(anonymous_15)
FN:337,(anonymous_16)
FNF:17
FNH:1
FNDA:0,(anonymous_0)
FNDA:2,(anonymous_1)
FNDA:0,(anonymous_2)
FNDA:0,(anonymous_3)
FNDA:0,(anonymous_4)
FNDA:0,(anonymous_5)
FNDA:0,(anonymous_6)
FNDA:0,(anonymous_7)
FNDA:0,(anonymous_8)
FNDA:0,(anonymous_9)
FNDA:0,(anonymous_10)
FNDA:0,(anonymous_11)
FNDA:0,(anonymous_12)
FNDA:0,capitalizeFirstLetter
FNDA:0,(anonymous_14)
FNDA:0,(anonymous_15)
FNDA:0,(anonymous_16)
DA:15,3
DA:16,0
DA:17,0
DA:18,0
DA:19,0
DA:20,0
DA:21,0
DA:22,0
DA:23,0
DA:24,0
DA:25,0
DA:26,0
DA:27,0
DA:28,0
DA:29,0
DA:31,0
DA:51,2
DA:52,2
DA:54,2
DA:62,0
DA:73,0
DA:75,0
DA:76,0
DA:78,0
DA:79,0
DA:80,0
DA:89,0
DA:92,0
DA:93,0
DA:103,0
DA:107,0
DA:108,0
DA:109,0
DA:113,0
DA:114,0
DA:121,0
DA:122,0
DA:125,0
DA:139,0
DA:140,0
DA:141,0
DA:143,0
DA:152,0
DA:161,0
DA:162,0
DA:163,0
DA:164,0
DA:165,0
DA:174,0
DA:184,0
DA:185,0
DA:186,0
DA:187,0
DA:188,0
DA:189,0
DA:191,0
DA:211,0
DA:222,0
DA:223,0
DA:224,0
DA:226,0
DA:227,0
DA:248,0
DA:250,0
DA:251,0
DA:253,0
DA:254,0
DA:256,0
DA:259,0
DA:260,0
DA:263,0
DA:266,0
DA:267,0
DA:268,0
DA:269,0
DA:271,0
DA:272,0
DA:275,0
DA:277,0
DA:279,0
DA:282,0
DA:283,0
DA:284,0
DA:285,0
DA:289,0
DA:291,0
DA:293,0
DA:298,0
DA:313,0
DA:314,0
DA:315,0
DA:325,0
DA:326,0
DA:327,0
DA:328,0
DA:329,0
DA:338,0
DA:339,0
LF:98
LH:4
BRDA:16,0,0,0
BRDA:16,0,1,0
BRDA:16,1,0,0
BRDA:16,1,1,0
BRDA:16,1,2,0
BRDA:18,2,0,0
BRDA:18,2,1,0
BRDA:20,3,0,0
BRDA:20,3,1,0
BRDA:21,4,0,0
BRDA:21,4,1,0
BRDA:23,5,0,0
BRDA:23,5,1,0
BRDA:25,6,0,0
BRDA:25,6,1,0
BRDA:27,7,0,0
BRDA:27,7,1,0
BRDA:28,8,0,0
BRDA:28,8,1,0
BRDA:54,9,0,0
BRDA:54,9,1,2
BRDA:73,10,0,0
BRDA:73,10,1,0
BRDA:76,11,0,0
BRDA:76,11,1,0
BRDA:92,12,0,0
BRDA:92,12,1,0
BRDA:108,13,0,0
BRDA:108,13,1,0
BRDA:122,14,0,0
BRDA:122,14,1,0
BRDA:122,15,0,0
BRDA:122,15,1,0
BRDA:141,16,0,0
BRDA:141,16,1,0
BRDA:141,17,0,0
BRDA:141,17,1,0
BRDA:162,18,0,0
BRDA:162,18,1,0
BRDA:162,19,0,0
BRDA:162,19,1,0
BRDA:162,19,2,0
BRDA:164,20,0,0
BRDA:164,20,1,0
BRDA:164,21,0,0
BRDA:164,21,1,0
BRDA:164,21,2,0
BRDA:184,22,0,0
BRDA:184,22,1,0
BRDA:187,23,0,0
BRDA:187,23,1,0
BRDA:188,24,0,0
BRDA:188,24,1,0
BRDA:210,25,0,0
BRDA:221,26,0,0
BRDA:221,27,0,0
BRDA:222,28,0,0
BRDA:222,28,1,0
BRDA:250,29,0,0
BRDA:250,29,1,0
BRDA:253,30,0,0
BRDA:253,30,1,0
BRDA:259,31,0,0
BRDA:259,31,1,0
BRDA:271,32,0,0
BRDA:271,32,1,0
BRDA:283,33,0,0
BRDA:283,33,1,0
BRDA:285,34,0,0
BRDA:285,34,1,0
BRDA:285,35,0,0
BRDA:285,35,1,0
BRDA:289,36,0,0
BRDA:289,36,1,0
BRDA:329,37,0,0
BRDA:329,37,1,0
BRF:76
BRH:1
end_of_record
TN:
SF:src/SceneTree/ParameterOwner.js
FN:25,(anonymous_0)
FN:39,(anonymous_1)
FN:51,(anonymous_2)
FN:61,(anonymous_3)
FN:70,(anonymous_4)
FN:80,(anonymous_5)
FN:90,(anonymous_6)
FN:100,(anonymous_7)
FN:110,(anonymous_8)
FN:122,(anonymous_9)
FN:133,(anonymous_10)
FN:147,(anonymous_11)
FN:154,(anonymous_12)
FN:171,(anonymous_13)
FN:195,(anonymous_14)
FN:216,(anonymous_15)
FN:237,(anonymous_16)
FN:247,(anonymous_17)
FN:250,(anonymous_18)
FN:272,(anonymous_19)
FN:300,(anonymous_20)
FN:313,(anonymous_21)
FNF:22
FNH:11
FNDA:202,(anonymous_0)
FNDA:0,(anonymous_1)
FNDA:0,(anonymous_2)
FNDA:1,(anonymous_3)
FNDA:0,(anonymous_4)
FNDA:3,(anonymous_5)
FNDA:0,(anonymous_6)
FNDA:1,(anonymous_7)
FNDA:228,(anonymous_8)
FNDA:403,(anonymous_9)
FNDA:453,(anonymous_10)
FNDA:459,(anonymous_11)
FNDA:403,(anonymous_12)
FNDA:0,(anonymous_13)
FNDA:0,(anonymous_14)
FNDA:2,(anonymous_15)
FNDA:3,(anonymous_16)
FNDA:0,(anonymous_17)
FNDA:0,(anonymous_18)
FNDA:0,(anonymous_19)
FNDA:0,(anonymous_20)
FNDA:0,(anonymous_21)
DA:11,12
DA:26,202
DA:27,202
DA:29,202
DA:30,202
DA:31,202
DA:40,0
DA:52,0
DA:53,0
DA:62,1
DA:71,0
DA:81,3
DA:91,0
DA:101,1
DA:111,228
DA:112,228
DA:113,228
DA:123,403
DA:134,453
DA:148,459
DA:149,459
DA:150,0
DA:151,0
DA:153,459
DA:154,459
DA:155,459
DA:156,459
DA:157,459
DA:159,459
DA:160,483
DA:162,459
DA:163,459
DA:172,0
DA:173,0
DA:175,0
DA:176,0
DA:178,0
DA:179,0
DA:181,0
DA:182,0
DA:183,0
DA:186,0
DA:196,0
DA:197,0
DA:198,0
DA:200,0
DA:201,0
DA:202,0
DA:203,0
DA:217,2
DA:218,2
DA:219,2
DA:220,14
DA:221,0
DA:222,0
DA:223,0
DA:224,0
DA:227,2
DA:238,3
DA:239,2
DA:240,2
DA:241,2
DA:242,2
DA:244,2
DA:245,0
DA:248,0
DA:251,0
DA:255,2
DA:276,0
DA:277,0
DA:278,0
DA:279,0
DA:280,0
DA:281,0
DA:282,0
DA:283,0
DA:284,0
DA:285,0
DA:286,0
DA:288,0
DA:290,0
DA:301,0
DA:319,0
DA:320,0
DA:321,0
DA:322,0
DA:323,0
DA:325,0
DA:327,0
LF:89
LH:37
BRDA:112,0,0,0
BRDA:112,0,1,228
BRDA:149,1,0,0
BRDA:149,1,1,459
BRDA:172,2,0,0
BRDA:172,2,1,0
BRDA:197,3,0,0
BRDA:197,3,1,0
BRDA:220,4,0,14
BRDA:220,4,1,0
BRDA:222,5,0,0
BRDA:222,5,1,0
BRDA:227,6,0,0
BRDA:227,6,1,2
BRDA:238,7,0,2
BRDA:238,7,1,1
BRDA:242,8,0,0
BRDA:242,8,1,2
BRDA:244,9,0,0
BRDA:244,9,1,2
BRDA:276,10,0,0
BRDA:276,10,1,0
BRDA:282,11,0,0
BRDA:282,11,1,0
BRDA:284,12,0,0
BRDA:284,12,1,0
BRDA:323,13,0,0
BRDA:323,13,1,0
BRF:28
BRH:8
end_of_record
TN:
SF:src/SceneTree/SGFactory.js
FN:11,(anonymous_0)
FN:23,(anonymous_1)
FN:48,(anonymous_2)
FN:59,(anonymous_3)
FN:79,(anonymous_4)
FNF:5
FNH:3
FNDA:24,(anonymous_0)
FNDA:124,(anonymous_1)
FNDA:0,(anonymous_2)
FNDA:3,(anonymous_3)
FNDA:0,(anonymous_4)
DA:12,24
DA:13,24
DA:14,24
DA:24,124
DA:36,124
DA:37,124
DA:39,124
DA:49,0
DA:60,3
DA:61,3
DA:62,0
DA:63,0
DA:80,0
DA:81,0
DA:82,0
DA:83,0
DA:85,0
DA:86,0
DA:87,0
DA:88,0
DA:90,0
DA:127,24
LF:22
LH:10
BRDA:49,0,0,0
BRDA:49,0,1,0
BRDA:61,1,0,3
BRDA:61,1,1,0
BRDA:81,2,0,0
BRDA:81,2,1,0
BRF:6
BRH:1
end_of_record
TN:
SF:src/SceneTree/TreeItem.js
FN:46,(anonymous_0)
FN:52,(anonymous_1)
FN:62,(anonymous_2)
FN:103,(anonymous_3)
FN:154,(anonymous_4)
FN:160,(anonymous_5)
FN:168,(anonymous_6)
FN:182,(anonymous_7)
FN:190,(anonymous_8)
FN:199,(anonymous_9)
FN:208,(anonymous_10)
FN:217,(anonymous_11)
FN:226,(anonymous_12)
FN:235,(anonymous_13)
FN:247,(anonymous_14)
FN:257,(anonymous_15)
FN:269,(anonymous_16)
FN:301,(anonymous_17)
FN:313,(anonymous_18)
FN:322,(anonymous_19)
FN:335,(anonymous_20)
FN:346,(anonymous_21)
FN:357,(anonymous_22)
FN:367,(anonymous_23)
FN:404,(anonymous_24)
FN:414,(anonymous_25)
FN:424,(anonymous_26)
FN:433,(anonymous_27)
FN:443,(anonymous_28)
FN:466,(anonymous_29)
FN:478,(anonymous_30)
FN:490,(anonymous_31)
FN:498,(anonymous_32)
FN:509,(anonymous_33)
FN:518,(anonymous_34)
FN:529,(anonymous_35)
FN:540,(anonymous_36)
FN:551,(anonymous_37)
FN:553,(anonymous_38)
FN:568,(anonymous_39)
FN:576,(anonymous_40)
FN:594,(anonymous_41)
FN:604,(anonymous_42)
FN:614,(anonymous_43)
FN:625,(anonymous_44)
FN:664,(anonymous_45)
FN:677,(anonymous_46)
FN:694,(anonymous_47)
FN:751,(anonymous_48)
FN:763,(anonymous_49)
FN:773,(anonymous_50)
FN:786,(anonymous_51)
FN:802,(anonymous_52)
FN:827,(anonymous_53)
FN:844,(anonymous_54)
FN:857,(anonymous_55)
FN:867,(anonymous_56)
FN:881,(anonymous_57)
FN:892,(anonymous_58)
FN:913,(anonymous_59)
FN:974,(anonymous_60)
FN:975,(anonymous_61)
FN:982,(anonymous_62)
FN:1002,(anonymous_63)
FN:1014,(anonymous_64)
FN:1026,(anonymous_65)
FN:1038,(anonymous_66)
FN:1050,(anonymous_67)
FN:1062,(anonymous_68)
FN:1079,(anonymous_69)
FN:1116,(anonymous_70)
FN:1210,(anonymous_71)
FN:1290,(anonymous_72)
FN:1302,(anonymous_73)
FN:1314,(anonymous_74)
FN:1328,(anonymous_75)
FNF:76
FNH:37
FNDA:74,(anonymous_0)
FNDA:147,(anonymous_1)
FNDA:0,(anonymous_2)
FNDA:74,(anonymous_3)
FNDA:80,(anonymous_4)
FNDA:5,(anonymous_5)
FNDA:0,(anonymous_6)
FNDA:0,(anonymous_7)
FNDA:0,(anonymous_8)
FNDA:0,(anonymous_9)
FNDA:0,(anonymous_10)
FNDA:0,(anonymous_11)
FNDA:0,(anonymous_12)
FNDA:0,(anonymous_13)
FNDA:32,(anonymous_14)
FNDA:135,(anonymous_15)
FNDA:29,(anonymous_16)
FNDA:31,(anonymous_17)
FNDA:0,(anonymous_18)
FNDA:0,(anonymous_19)
FNDA:0,(anonymous_20)
FNDA:25,(anonymous_21)
FNDA:50,(anonymous_22)
FNDA:0,(anonymous_23)
FNDA:18,(anonymous_24)
FNDA:54,(anonymous_25)
FNDA:5,(anonymous_26)
FNDA:4,(anonymous_27)
FNDA:38,(anonymous_28)
FNDA:0,(anonymous_29)
FNDA:0,(anonymous_30)
FNDA:0,(anonymous_31)
FNDA:0,(anonymous_32)
FNDA:0,(anonymous_33)
FNDA:0,(anonymous_34)
FNDA:0,(anonymous_35)
FNDA:0,(anonymous_36)
FNDA:0,(anonymous_37)
FNDA:0,(anonymous_38)
FNDA:0,(anonymous_39)
FNDA:147,(anonymous_40)
FNDA:4,(anonymous_41)
FNDA:0,(anonymous_42)
FNDA:8,(anonymous_43)
FNDA:0,(anonymous_44)
FNDA:28,(anonymous_45)
FNDA:0,(anonymous_46)
FNDA:25,(anonymous_47)
FNDA:25,(anonymous_48)
FNDA:1,(anonymous_49)
FNDA:7,(anonymous_50)
FNDA:1,(anonymous_51)
FNDA:3,(anonymous_52)
FNDA:3,(anonymous_53)
FNDA:1,(anonymous_54)
FNDA:0,(anonymous_55)
FNDA:1,(anonymous_56)
FNDA:6,(anonymous_57)
[...]
FN:23,(anonymous_1)
FN:31,(anonymous_2)
FN:39,(anonymous_3)
FN:47,(anonymous_4)
FN:55,(anonymous_5)
FN:63,(anonymous_6)
FN:71,(anonymous_7)
FN:81,(anonymous_8)
FN:90,(anonymous_9)
FN:97,(anonymous_10)
FN:107,(anonymous_11)
FN:121,(anonymous_12)
FN:132,(anonymous_13)
FN:147,(anonymous_14)
FN:161,(anonymous_15)
FN:168,(anonymous_16)
FN:171,(anonymous_17)
FN:182,(anonymous_18)
FN:194,(anonymous_19)
FNF:20
FNH:15
FNDA:111,(anonymous_0)
FNDA:148,(anonymous_1)
FNDA:111,(anonymous_2)
FNDA:139,(anonymous_3)
FNDA:57,(anonymous_4)
FNDA:0,(anonymous_5)
FNDA:0,(anonymous_6)
FNDA:111,(anonymous_7)
FNDA:177,(anonymous_8)
FNDA:111,(anonymous_9)
FNDA:177,(anonymous_10)
FNDA:43,(anonymous_11)
FNDA:21,(anonymous_12)
FNDA:139,(anonymous_13)
FNDA:1,(anonymous_14)
FNDA:1,(anonymous_15)
FNDA:1,(anonymous_16)
FNDA:0,(anonymous_17)
FNDA:0,(anonymous_18)
FNDA:0,(anonymous_19)
DA:12,111
DA:13,111
DA:14,111
DA:15,111
DA:16,111
DA:24,148
DA:32,111
DA:40,139
DA:48,57
DA:56,0
DA:64,0
DA:72,111
DA:73,111
DA:82,177
DA:91,111
DA:98,177
DA:99,177
DA:108,43
DA:122,21
DA:123,21
DA:125,21
DA:133,139
DA:134,139
DA:148,1
DA:149,1
DA:162,1
DA:166,1
DA:169,1
DA:172,0
DA:187,0
DA:188,0
DA:195,0
DA:196,0
LF:33
LH:26
BRDA:11,0,0,93
BRDA:71,1,0,110
BRDA:98,2,0,177
BRDA:98,2,1,0
BRDA:108,3,0,43
BRDA:108,3,1,0
BRDA:122,4,0,21
BRDA:122,4,1,0
BRDA:133,5,0,139
BRDA:133,5,1,0
BRDA:148,6,0,1
BRDA:148,6,1,0
BRDA:150,7,0,0
BRDA:150,7,1,1
BRDA:150,8,0,1
BRDA:150,8,1,0
BRDA:162,9,0,1
BRDA:162,9,1,0
BRF:18
BRH:10
end_of_record
TN:
SF:src/SceneTree/Parameters/BooleanParameter.js
FN:23,(anonymous_0)
FN:34,(anonymous_1)
FNF:2
FNH:2
FNDA:121,(anonymous_0)
FNDA:1,(anonymous_1)
DA:24,121
DA:35,1
DA:36,1
DA:40,10
LF:4
LH:4
BRF:0
BRH:0
end_of_record
TN:
SF:src/SceneTree/Parameters/CodeParameter.js
FN:26,(anonymous_0)
FN:36,(anonymous_1)
FN:45,(anonymous_2)
FN:56,(anonymous_3)
FNF:4
FNH:4
FNDA:8,(anonymous_0)
FNDA:1,(anonymous_1)
FNDA:1,(anonymous_2)
FNDA:1,(anonymous_3)
DA:27,8
DA:28,8
DA:37,1
DA:46,1
DA:57,1
DA:58,1
DA:62,10
LF:7
LH:7
BRDA:26,0,0,7
BRF:1
BRH:1
end_of_record
TN:
SF:src/SceneTree/Parameters/ColorParameter.js
FN:24,(anonymous_0)
FN:34,(anonymous_1)
FN:50,(anonymous_2)
FNF:3
FNH:2
FNDA:24,(anonymous_0)
FNDA:0,(anonymous_1)
FNDA:1,(anonymous_2)
DA:25,24
DA:35,0
DA:38,0
DA:40,0
DA:51,1
DA:52,1
DA:56,10
LF:7
LH:4
BRDA:25,0,0,15
BRDA:25,0,1,9
BRF:2
BRH:2
end_of_record
TN:
SF:src/SceneTree/Parameters/GeometryParameter.js
FN:13,(anonymous_0)
FN:21,(anonymous_1)
FN:29,(anonymous_2)
FN:54,(anonymous_3)
FN:65,(anonymous_4)
FN:78,(anonymous_5)
FN:87,(anonymous_6)
FNF:7
FNH:4
FNDA:8,(anonymous_0)
FNDA:0,(anonymous_1)
FNDA:10,(anonymous_2)
FNDA:2,(anonymous_3)
FNDA:0,(anonymous_4)
FNDA:1,(anonymous_5)
FNDA:0,(anonymous_6)
DA:14,8
DA:15,8
DA:17,8
DA:22,0
DA:31,10
DA:32,3
DA:33,0
DA:35,3
DA:36,3
DA:37,3
DA:40,3
DA:41,3
DA:55,2
DA:66,0
DA:79,1
DA:80,1
DA:92,0
DA:93,0
LF:18
LH:13
BRDA:31,0,0,3
BRDA:31,0,1,7
BRDA:32,1,0,0
BRDA:32,1,1,3
BRDA:36,2,0,3
BRDA:36,2,1,0
BRDA:92,3,0,0
BRDA:92,3,1,0
BRF:8
BRH:4
end_of_record
TN:
SF:src/SceneTree/Parameters/ImageParameter.js
FN:26,(anonymous_0)
FN:40,(anonymous_1)
FN:56,(anonymous_2)
FN:73,(anonymous_3)
FNF:4
FNH:0
FNDA:0,(anonymous_0)
FNDA:0,(anonymous_1)
FNDA:0,(anonymous_2)
FNDA:0,(anonymous_3)
DA:27,0
DA:41,0
DA:42,0
DA:43,0
DA:45,0
DA:57,0
DA:58,0
DA:60,0
DA:74,0
DA:75,0
LF:10
LH:0
BRDA:42,0,0,0
BRDA:42,0,1,0
BRDA:57,1,0,0
BRDA:57,1,1,0
BRF:4
BRH:0
end_of_record
TN:
SF:src/SceneTree/Parameters/ItemSetParameter.js
FN:13,(anonymous_0)
FN:23,(anonymous_1)
FN:31,(anonymous_2)
FN:40,(anonymous_3)
FN:50,(anonymous_4)
FN:67,(anonymous_5)
FN:68,(anonymous_6)
FN:78,(anonymous_7)
FN:91,(anonymous_8)
FN:110,(anonymous_9)
FN:119,(anonymous_10)
FN:127,(anonymous_11)
FN:140,(anonymous_12)
FN:150,(anonymous_13)
FN:161,(anonymous_14)
FNF:15
FNH:6
FNDA:12,(anonymous_0)
FNDA:0,(anonymous_1)
FNDA:0,(anonymous_2)
FNDA:2,(anonymous_3)
FNDA:16,(anonymous_4)
FNDA:0,(anonymous_5)
FNDA:0,(anonymous_6)
FNDA:0,(anonymous_7)
FNDA:1,(anonymous_8)
FNDA:2,(anonymous_9)
FNDA:0,(anonymous_10)
FNDA:26,(anonymous_11)
FNDA:0,(anonymous_12)
FNDA:0,(anonymous_13)
FNDA:0,(anonymous_14)
DA:14,12
DA:15,12
DA:16,12
DA:24,0
DA:32,0
DA:41,2
DA:51,16
DA:52,0
DA:53,0
DA:55,16
DA:56,16
DA:57,16
DA:58,16
DA:59,16
DA:68,0
DA:69,0
DA:79,0
DA:80,0
DA:81,0
DA:82,0
DA:83,0
DA:92,1
DA:93,0
DA:94,0
DA:95,0
DA:98,1
DA:99,1
DA:100,1
DA:103,1
DA:111,2
DA:112,2
DA:120,0
DA:128,26
DA:141,0
DA:162,0
DA:163,0
LF:36
LH:18
BRDA:50,0,0,0
BRDA:51,1,0,0
BRDA:51,1,1,16
BRDA:51,2,0,16
BRDA:51,2,1,16
BRDA:58,3,0,15
BRDA:58,3,1,1
BRDA:67,4,0,0
BRDA:69,5,0,0
BRDA:69,5,1,0
BRDA:78,6,0,0
BRDA:82,7,0,0
BRDA:82,7,1,0
BRDA:91,8,0,1
BRDA:94,9,0,0
BRDA:94,9,1,0
BRDA:99,10,0,1
BRDA:99,10,1,0
BRDA:103,11,0,1
BRDA:103,11,1,0
BRDA:110,12,0,0
BRDA:112,13,0,0
BRDA:112,13,1,2
BRF:23
BRH:9
end_of_record
TN:
SF:src/SceneTree/Parameters/ListParameter.js
FN:27,(anonymous_0)
FN:39,(anonymous_1)
FN:48,(anonymous_2)
FN:58,(anonymous_3)
FN:68,(anonymous_4)
FN:79,(anonymous_5)
FN:97,(anonymous_6)
FN:111,(anonymous_7)
FN:130,(anonymous_8)
FN:149,(anonymous_9)
FN:184,(anonymous_10)
FN:195,(anonymous_11)
FNF:12
FNH:1
FNDA:3,(anonymous_0)
FNDA:0,(anonymous_1)
FNDA:0,(anonymous_2)
FNDA:0,(anonymous_3)
FNDA:0,(anonymous_4)
FNDA:0,(anonymous_5)
FNDA:0,(anonymous_6)
FNDA:0,(anonymous_7)
FNDA:0,(anonymous_8)
FNDA:0,(anonymous_9)
FNDA:0,(anonymous_10)
FNDA:0,(anonymous_11)
DA:28,3
DA:29,3
DA:40,0
DA:49,0
DA:59,0
DA:69,0
DA:70,0
DA:80,0
DA:82,0
DA:85,0
DA:86,0
DA:87,0
DA:88,0
DA:89,0
DA:98,0
DA:99,0
DA:100,0
DA:101,0
DA:102,0
DA:112,0
DA:113,0
DA:115,0
DA:116,0
DA:117,0
DA:131,0
DA:132,0
DA:133,0
DA:134,0
DA:135,0
DA:137,0
DA:150,0
DA:151,0
DA:152,0
DA:156,0
DA:158,0
DA:159,0
DA:161,0
DA:162,0
DA:164,0
DA:165,0
DA:166,0
DA:168,0
DA:169,0
DA:171,0
DA:185,0
DA:186,0
DA:187,0
DA:188,0
DA:196,0
DA:197,0
DA:198,0
LF:51
LH:2
BRDA:80,0,0,0
BRDA:80,0,1,0
BRDA:82,1,0,0
BRDA:82,1,1,0
BRDA:112,2,0,0
BRDA:112,2,1,0
BRDA:131,3,0,0
BRDA:131,3,1,0
BRDA:134,4,0,0
BRDA:134,4,1,0
BRDA:150,5,0,0
BRDA:150,5,1,0
BRDA:161,6,0,0
BRDA:161,6,1,0
BRDA:197,7,0,0
BRDA:197,7,1,0
BRF:16
BRH:0
end_of_record
TN:
SF:src/SceneTree/Parameters/Mat3Parameter.js
FN:23,(anonymous_0)
FN:33,(anonymous_1)
FN:46,(anonymous_2)
FNF:3
FNH:3
FNDA:8,(anonymous_0)
FNDA:1,(anonymous_1)
FNDA:1,(anonymous_2)
DA:24,8
DA:34,1
DA:35,1
DA:36,1
DA:47,1
DA:48,1
LF:6
LH:6
BRDA:24,0,0,1
BRDA:24,0,1,7
BRF:2
BRH:2
end_of_record
TN:
SF:src/SceneTree/Parameters/Mat4Parameter.js
FN:24,(anonymous_0)
FN:34,(anonymous_1)
FN:47,(anonymous_2)
FNF:3
FNH:3
FNDA:11,(anonymous_0)
FNDA:1,(anonymous_1)
FNDA:1,(anonymous_2)
DA:25,11
DA:35,1
DA:36,1
DA:37,1
DA:48,1
DA:49,1
LF:6
LH:6
BRDA:25,0,0,1
BRDA:25,0,1,10
BRF:2
BRH:2
end_of_record
TN:
SF:src/SceneTree/Parameters/MaterialColorParam.js
FN:33,(anonymous_0)
FN:43,(anonymous_1)
FN:51,(anonymous_2)
FN:60,(anonymous_3)
FN:61,(anonymous_4)
FN:89,(anonymous_5)
FN:106,(anonymous_6)
FN:122,(anonymous_7)
FNF:8
FNH:3
FNDA:5,(anonymous_0)
FNDA:1,(anonymous_1)
FNDA:0,(anonymous_2)
FNDA:2,(anonymous_3)
FNDA:0,(anonymous_4)
FNDA:0,(anonymous_5)
FNDA:0,(anonymous_6)
FNDA:0,(anonymous_7)
DA:34,5
DA:35,5
DA:44,1
DA:52,0
DA:61,2
DA:62,0
DA:63,0
DA:64,0
DA:65,0
DA:67,2
DA:68,2
DA:69,0
DA:71,2
DA:72,2
DA:73,2
DA:74,2
DA:76,0
DA:77,0
DA:78,0
DA:79,0
DA:90,0
DA:91,0
DA:92,0
DA:94,0
DA:95,0
DA:97,0
DA:107,0
DA:109,0
DA:110,0
DA:111,0
DA:123,0
DA:124,0
DA:128,4
LF:33
LH:11
BRDA:67,0,0,2
BRDA:67,0,1,0
BRDA:68,1,0,0
BRDA:68,1,1,2
BRDA:68,2,0,2
BRDA:68,2,1,0
BRDA:76,3,0,0
BRDA:76,3,1,0
BRDA:91,4,0,0
BRDA:91,4,1,0
BRDA:94,5,0,0
BRDA:94,5,1,0
BRDA:110,6,0,0
BRDA:110,6,1,0
BRF:14
BRH:3
end_of_record
TN:
SF:src/SceneTree/Parameters/MaterialFloatParam.js
FN:34,(anonymous_0)
FN:43,(anonymous_1)
FN:52,(anonymous_2)
FN:53,(anonymous_3)
FN:81,(anonymous_4)
FN:98,(anonymous_5)
FN:115,(anonymous_6)
FNF:7
FNH:3
FNDA:5,(anonymous_0)
FNDA:1,(anonymous_1)
FNDA:2,(anonymous_2)
FNDA:0,(anonymous_3)
FNDA:0,(anonymous_4)
FNDA:0,(anonymous_5)
FNDA:0,(anonymous_6)
DA:35,5
DA:44,1
DA:53,2
DA:56,0
DA:58,2
DA:59,2
DA:60,0
DA:62,2
DA:65,2
DA:66,2
DA:68,0
DA:69,0
DA:70,0
DA:71,0
DA:82,0
DA:83,0
DA:85,0
DA:86,0
DA:88,0
DA:99,0
DA:101,0
DA:102,0
DA:103,0
DA:104,0
DA:116,0
DA:117,0
DA:121,4
LF:27
LH:9
BRDA:58,0,0,2
BRDA:58,0,1,0
BRDA:59,1,0,0
BRDA:59,1,1,2
BRDA:59,2,0,2
BRDA:59,2,1,0
BRDA:68,3,0,0
BRDA:68,3,1,0
BRDA:82,4,0,0
BRDA:82,4,1,0
BRDA:85,5,0,0
BRDA:85,5,1,0
BRDA:102,6,0,0
BRDA:102,6,1,0
BRF:14
BRH:3
end_of_record
TN:
SF:src/SceneTree/Parameters/MaterialParameter.js
FN:28,(anonymous_0)
FN:34,(anonymous_1)
FN:43,(anonymous_2)
FN:71,(anonymous_3)
FN:85,(anonymous_4)
FN:114,(anonymous_5)
FN:123,(anonymous_6)
FNF:7
FNH:2
FNDA:18,(anonymous_0)
FNDA:0,(anonymous_1)
FNDA:2,(anonymous_2)
FNDA:0,(anonymous_3)
FNDA:0,(anonymous_4)
FNDA:0,(anonymous_5)
FNDA:0,(anonymous_6)
DA:29,18
DA:30,18
DA:35,0
DA:45,2
DA:46,2
DA:47,0
DA:49,2
DA:50,2
DA:51,2
DA:54,2
DA:57,2
DA:72,0
DA:73,0
DA:86,0
DA:87,0
DA:88,0
DA:91,0
DA:92,0
DA:93,0
DA:94,0
DA:95,0
DA:96,0
DA:101,0
DA:115,0
DA:116,0
DA:128,0
DA:129,0
LF:27
LH:9
BRDA:45,0,0,2
BRDA:45,0,1,0
BRDA:46,1,0,0
BRDA:46,1,1,2
BRDA:50,2,0,2
BRDA:50,2,1,0
BRDA:72,3,0,0
BRDA:72,3,1,0
BRDA:86,4,0,0
BRDA:86,4,1,0
BRDA:91,5,0,0
BRDA:91,5,1,0
BRDA:91,6,0,0
BRDA:91,6,1,0
BRDA:92,7,0,0
BRDA:92,7,1,0
BRDA:92,8,0,0
BRDA:92,8,1,0
BRDA:94,9,0,0
BRDA:94,9,1,0
BRDA:95,10,0,0
BRDA:95,10,1,0
BRDA:128,11,0,0
BRDA:128,11,1,0
BRF:24
BRH:3
end_of_record
TN:
SF:src/SceneTree/Parameters/MultiChoiceParameter.js
FN:27,(anonymous_0)
FN:37,(anonymous_1)
FN:46,(anonymous_2)
FNF:3
FNH:2
FNDA:18,(anonymous_0)
FNDA:0,(anonymous_1)
FNDA:5,(anonymous_2)
DA:28,18
DA:29,18
DA:38,0
DA:47,5
DA:48,0
DA:50,5
LF:6
LH:4
BRDA:47,0,0,0
BRDA:47,0,1,5
BRF:2
BRH:1
end_of_record
TN:
SF:src/SceneTree/Parameters/NumberParameter.js
FN:24,(anonymous_0)
FN:37,(anonymous_1)
FN:46,(anonymous_2)
FN:56,(anonymous_3)
FN:65,(anonymous_4)
FN:79,(anonymous_5)
FN:93,(anonymous_6)
FN:105,(anonymous_7)
FN:119,(anonymous_8)
FNF:9
FNH:5
FNDA:79,(anonymous_0)
FNDA:0,(anonymous_1)
FNDA:0,(anonymous_2)
FNDA:0,(anonymous_3)
FNDA:0,(anonymous_4)
FNDA:7,(anonymous_5)
FNDA:3,(anonymous_6)
FNDA:2,(anonymous_7)
FNDA:2,(anonymous_8)
DA:25,79
DA:27,79
DA:28,79
DA:29,79
DA:38,0
DA:48,0
DA:57,0
DA:66,0
DA:80,7
DA:81,7
DA:82,7
DA:83,7
DA:94,3
DA:95,3
DA:96,3
DA:106,2
DA:120,2
DA:121,2
DA:122,2
DA:123,2
DA:127,11
DA:128,11
DA:129,11
DA:130,11
LF:24
LH:20
BRDA:24,0,0,19
BRDA:24,1,0,45
BRDA:24,2,0,57
BRDA:27,3,0,0
BRDA:27,3,1,79
BRDA:27,4,0,79
BRDA:27,4,1,34
BRDA:81,5,0,3
BRDA:81,5,1,4
BRDA:82,6,0,3
BRDA:82,6,1,4
BRDA:95,7,0,0
BRDA:95,7,1,3
BRDA:96,8,0,0
BRDA:96,8,1,3
BRF:15
BRH:12
end_of_record
TN:
SF:src/SceneTree/Parameters/Parameter.js
FN:60,(anonymous_0)
FN:80,(anonymous_1)
FN:90,(anonymous_2)
FN:100,(anonymous_3)
FN:115,(anonymous_4)
FN:124,(anonymous_5)
FN:134,(anonymous_6)
FN:147,(anonymous_7)
FN:156,(anonymous_8)
FN:165,(anonymous_9)
FN:176,(anonymous_10)
FN:190,(anonymous_11)
FN:208,(anonymous_12)
FN:225,(anonymous_13)
FN:248,(anonymous_14)
FN:258,(anonymous_15)
FN:284,(anonymous_16)
FN:299,(anonymous_17)
FN:325,(anonymous_18)
FN:340,(anonymous_19)
FN:377,(anonymous_20)
FN:389,(anonymous_21)
FN:401,(anonymous_22)
FN:427,(anonymous_23)
FN:441,(anonymous_24)
FNF:25
FNH:21
FNDA:602,(anonymous_0)
FNDA:0,(anonymous_1)
FNDA:944,(anonymous_2)
FNDA:2,(anonymous_3)
FNDA:2,(anonymous_4)
FNDA:463,(anonymous_5)
FNDA:7,(anonymous_6)
FNDA:19,(anonymous_7)
FNDA:20,(anonymous_8)
FNDA:0,(anonymous_9)
FNDA:14,(anonymous_10)
FNDA:111,(anonymous_11)
FNDA:0,(anonymous_12)
FNDA:177,(anonymous_13)
FNDA:12,(anonymous_14)
FNDA:139,(anonymous_15)
FNDA:43,(anonymous_16)
FNDA:98,(anonymous_17)
FNDA:372,(anonymous_18)
FNDA:131,(anonymous_19)
FNDA:3,(anonymous_20)
FNDA:44,(anonymous_21)
FNDA:18,(anonymous_22)
FNDA:0,(anonymous_23)
FNDA:1,(anonymous_24)
DA:9,24
DA:19,24
DA:24,24
DA:61,602
DA:63,602
DA:64,602
DA:65,602
DA:66,602
DA:67,602
DA:68,602
DA:70,602
DA:71,602
DA:72,602
DA:73,602
DA:81,0
DA:82,0
DA:91,944
DA:101,2
DA:102,0
DA:105,2
DA:106,2
DA:107,2
DA:116,2
DA:125,463
DA:135,7
DA:136,5
DA:138,2
DA:148,19
DA:157,20
DA:166,0
DA:177,14
DA:191,111
DA:192,111
DA:194,111
DA:195,111
DA:197,111
DA:198,111
DA:199,111
DA:209,0
DA:210,0
DA:212,0
DA:213,0
DA:215,0
DA:216,0
DA:217,0
DA:228,177
DA:229,177
DA:230,213
DA:234,177
DA:235,67
DA:236,67
DA:237,67
DA:239,110
DA:249,12
DA:259,139
DA:265,0
DA:266,0
DA:268,139
DA:269,0
DA:270,0
DA:272,139
DA:275,139
DA:288,43
DA:289,0
DA:291,43
DA:306,98
DA:307,139
DA:310,139
DA:313,98
DA:314,0
DA:315,0
DA:326,372
DA:327,0
DA:329,372
DA:330,98
DA:332,372
DA:341,131
DA:343,0
DA:345,131
DA:346,6
DA:349,131
DA:350,21
DA:351,21
DA:352,21
DA:353,21
DA:357,110
DA:359,29
DA:361,109
DA:364,109
DA:365,109
DA:378,3
DA:390,44
DA:391,20
DA:402,18
DA:403,0
DA:404,0
DA:408,18
DA:410,18
DA:411,0
DA:413,18
DA:414,8
DA:416,10
DA:418,18
DA:428,0
DA:442,1
DA:443,1
DA:444,1
DA:445,1
LF:108
LH:84
BRDA:65,0,0,591
BRDA:65,0,1,11
BRDA:101,1,0,0
BRDA:101,1,1,2
BRDA:135,2,0,5
BRDA:135,2,1,2
BRDA:135,3,0,7
BRDA:135,3,1,5
BRDA:190,4,0,0
BRDA:191,5,0,110
BRDA:191,5,1,1
BRDA:230,6,0,177
BRDA:230,6,1,36
BRDA:230,7,0,213
BRDA:230,7,1,36
BRDA:234,8,0,67
BRDA:234,8,1,110
BRDA:259,9,0,0
BRDA:259,9,1,139
BRDA:268,10,0,0
BRDA:268,10,1,139
BRDA:288,11,0,0
BRDA:288,11,1,43
BRDA:313,12,0,0
BRDA:313,12,1,98
BRDA:326,13,0,0
BRDA:326,13,1,372
BRDA:329,14,0,98
BRDA:329,14,1,274
BRDA:341,15,0,0
BRDA:341,15,1,131
BRDA:345,16,0,6
BRDA:345,16,1,125
BRDA:349,17,0,21
BRDA:349,17,1,110
BRDA:353,18,0,21
BRDA:353,18,1,0
BRDA:357,19,0,29
BRDA:357,19,1,81
BRDA:359,20,0,1
BRDA:359,20,1,28
BRDA:364,21,0,2
BRDA:364,21,1,107
BRDA:390,22,0,24
BRDA:390,22,1,20
BRDA:402,23,0,0
BRDA:402,23,1,18
BRDA:410,24,0,0
BRDA:410,24,1,18
BRDA:410,25,0,18
BRDA:410,25,1,0
BRDA:413,26,0,8
BRDA:413,26,1,10
BRDA:413,27,0,18
BRDA:413,27,1,17
BRDA:443,28,0,0
BRDA:443,28,1,1
BRF:57
BRH:44
end_of_record
TN:
SF:src/SceneTree/Parameters/ProxyParameter.js
FN:16,(anonymous_0)
FN:25,(anonymous_1)
FN:35,(anonymous_2)
FN:44,(anonymous_3)
FN:53,(anonymous_4)
FN:61,(anonymous_5)
FN:74,(anonymous_6)
FN:86,(anonymous_7)
FN:94,(anonymous_8)
FN:97,(anonymous_9)
FN:121,(anonymous_10)
FN:135,(anonymous_11)
FN:138,(anonymous_12)
FN:141,(anonymous_13)
FNF:14
FNH:0
FNDA:0,(anonymous_0)
FNDA:0,(anonymous_1)
FNDA:0,(anonymous_2)
FNDA:0,(anonymous_3)
FNDA:0,(anonymous_4)
FNDA:0,(anonymous_5)
FNDA:0,(anonymous_6)
FNDA:0,(anonymous_7)
FNDA:0,(anonymous_8)
FNDA:0,(anonymous_9)
FNDA:0,(anonymous_10)
FNDA:0,(anonymous_11)
FNDA:0,(anonymous_12)
FNDA:0,(anonymous_13)
DA:17,0
DA:18,0
DA:26,0
DA:27,0
DA:36,0
DA:45,0
DA:62,0
DA:75,0
DA:76,0
DA:77,0
DA:87,0
DA:88,0
DA:92,0
DA:95,0
DA:98,0
DA:107,0
DA:108,0
DA:122,0
DA:123,0
DA:124,0
DA:126,0
DA:136,0
DA:139,0
DA:142,0
DA:148,9
LF:25
LH:1
BRDA:76,0,0,0
BRDA:76,0,1,0
BRDA:88,1,0,0
BRDA:88,1,1,0
BRDA:107,2,0,0
BRDA:107,2,1,0
BRDA:108,3,0,0
BRDA:108,3,1,0
BRDA:123,4,0,0
BRDA:123,4,1,0
BRF:10
BRH:0
end_of_record
TN:
SF:src/SceneTree/Parameters/StringParameter.js
FN:23,(anonymous_0)
FN:33,(anonymous_1)
FN:42,(anonymous_2)
FN:52,(anonymous_3)
FN:63,(anonymous_4)
FNF:5
FNH:3
FNDA:20,(anonymous_0)
FNDA:0,(anonymous_1)
FNDA:0,(anonymous_2)
FNDA:1,(anonymous_3)
FNDA:1,(anonymous_4)
DA:24,20
DA:25,20
DA:34,0
DA:43,0
DA:53,1
DA:64,1
DA:65,1
DA:69,11
DA:70,11
LF:9
LH:7
BRDA:23,0,0,7
BRF:1
BRH:1
end_of_record
TN:
SF:src/SceneTree/Parameters/StructParameter.js
FN:24,(anonymous_0)
FN:35,(anonymous_1)
FN:37,(anonymous_2)
FN:53,(anonymous_3)
FN:65,(anonymous_4)
FN:75,(anonymous_5)
FN:94,(anonymous_6)
FN:110,(anonymous_7)
FN:133,(anonymous_8)
FNF:9
FNH:0
FNDA:0,(anonymous_0)
FNDA:0,(anonymous_1)
FNDA:0,(anonymous_2)
FNDA:0,(anonymous_3)
FNDA:0,(anonymous_4)
FNDA:0,(anonymous_5)
FNDA:0,(anonymous_6)
FNDA:0,(anonymous_7)
FNDA:0,(anonymous_8)
DA:25,0
DA:26,0
DA:36,0
DA:37,0
DA:38,0
DA:40,0
DA:41,0
DA:42,0
DA:43,0
DA:54,0
DA:55,0
DA:66,0
DA:67,0
DA:76,0
DA:77,0
DA:78,0
DA:79,0
DA:81,0
DA:95,0
DA:96,0
DA:97,0
DA:98,0
DA:111,0
DA:112,0
DA:113,0
DA:117,0
DA:119,0
DA:120,0
DA:121,0
DA:134,0
DA:135,0
LF:31
LH:0
BRDA:55,0,0,0
BRDA:55,0,1,0
BRDA:79,1,0,0
BRDA:79,1,1,0
BRDA:95,2,0,0
BRDA:95,2,1,0
BRDA:111,3,0,0
BRDA:111,3,1,0
BRDA:120,4,0,0
BRDA:120,4,1,0
BRF:10
BRH:0
end_of_record
TN:
SF:src/SceneTree/Parameters/TreeItemParameter.js
FN:28,(anonymous_0)
FN:34,(anonymous_1)
FN:43,(anonymous_2)
FN:52,(anonymous_3)
FN:60,(anonymous_4)
FN:68,(anonymous_5)
FN:78,(anonymous_6)
FN:104,(anonymous_7)
FN:118,(anonymous_8)
FN:125,(anonymous_9)
FN:128,(anonymous_10)
FN:145,(anonymous_11)
FN:154,(anonymous_12)
FNF:13
FNH:2
FNDA:3,(anonymous_0)
FNDA:0,(anonymous_1)
FNDA:0,(anonymous_2)
FNDA:0,(anonymous_3)
FNDA:0,(anonymous_4)
FNDA:0,(anonymous_5)
FNDA:1,(anonymous_6)
FNDA:0,(anonymous_7)
FNDA:0,(anonymous_8)
FNDA:0,(anonymous_9)
FNDA:0,(anonymous_10)
FNDA:0,(anonymous_11)
FNDA:0,(anonymous_12)
DA:29,3
DA:30,3
DA:31,3
DA:35,0
DA:44,0
DA:53,0
DA:61,0
DA:69,0
DA:80,1
DA:81,1
DA:82,1
DA:83,0
DA:85,1
DA:86,1
DA:87,1
DA:89,1
DA:90,1
DA:105,0
DA:106,0
DA:119,0
DA:120,0
DA:121,0
DA:123,0
DA:126,0
DA:129,0
DA:132,0
DA:146,0
DA:147,0
DA:155,0
DA:156,0
LF:30
LH:11
BRDA:28,0,0,3
BRDA:80,1,0,0
BRDA:80,1,1,1
BRDA:80,2,0,1
BRDA:80,2,1,0
BRDA:81,3,0,1
BRDA:81,3,1,0
BRDA:82,4,0,0
BRDA:82,4,1,1
BRDA:86,5,0,1
BRDA:86,5,1,0
BRDA:105,6,0,0
BRDA:105,6,1,0
BRDA:119,7,0,0
BRDA:119,7,1,0
BRDA:155,8,0,0
BRDA:155,8,1,0
BRF:17
BRH:6
end_of_record
TN:
SF:src/SceneTree/Parameters/Vec2Parameter.js
FN:28,(anonymous_0)
FN:38,(anonymous_1)
FN:48,(anonymous_2)
FN:60,(anonymous_3)
FN:73,(anonymous_4)
FNF:5
FNH:3
FNDA:8,(anonymous_0)
FNDA:0,(anonymous_1)
FNDA:0,(anonymous_2)
FNDA:1,(anonymous_3)
FNDA:1,(anonymous_4)
DA:29,8
DA:30,8
DA:40,0
DA:50,0
DA:51,0
DA:61,1
DA:62,1
DA:63,1
DA:74,1
DA:75,1
LF:10
LH:7
BRDA:28,0,0,8
BRDA:29,1,0,1
BRDA:29,1,1,7
BRF:3
BRH:3
end_of_record
TN:
SF:src/SceneTree/Parameters/Vec3Parameter.js
FN:23,(anonymous_0)
FN:36,(anonymous_1)
FN:52,(anonymous_2)
FNF:3
FNH:3
FNDA:20,(anonymous_0)
FNDA:1,(anonymous_1)
FNDA:1,(anonymous_2)
DA:24,20
DA:37,1
DA:38,1
DA:39,1
DA:53,1
DA:54,1
LF:6
LH:6
BRDA:23,0,0,20
BRDA:24,1,0,13
BRDA:24,1,1,7
BRF:3
BRH:3
end_of_record
TN:
SF:src/SceneTree/Parameters/Vec4Parameter.js
FN:23,(anonymous_0)
FN:36,(anonymous_1)
FN:52,(anonymous_2)
FNF:3
FNH:3
FNDA:8,(anonymous_0)
FNDA:1,(anonymous_1)
FNDA:1,(anonymous_2)
DA:24,8
DA:37,1
DA:38,1
DA:39,1
DA:53,1
DA:54,1
LF:6
LH:6
BRDA:24,0,0,1
BRDA:24,0,1,7
BRF:2
BRH:2
end_of_record
TN:
SF:src/SceneTree/Parameters/XfoParameter.js
FN:22,(anonymous_0)
FN:35,(anonymous_1)
FN:51,(anonymous_2)
FNF:3
FNH:3
FNDA:171,(anonymous_0)
FNDA:1,(anonymous_1)
FNDA:1,(anonymous_2)
DA:23,171
DA:36,1
DA:37,1
DA:38,1
DA:52,1
DA:53,1
LF:6
LH:6
BRDA:23,0,0,161
BRDA:23,0,1,10
BRF:2
BRH:2
end_of_record
TN:
SF:src/SceneTree/Parameters/index.js
FNF:0
FNH:0
LF:0
LH:0
BRF:0
BRH:0
end_of_record
TN:
SF:src/Utilities/EventEmitter.js
FN:26,(anonymous_0)
FN:37,(anonymous_1)
FN:72,(anonymous_2)
FN:73,(anonymous_3)
FN:87,(anonymous_4)
FN:102,(anonymous_5)
FN:124,(anonymous_6)
FN:136,(anonymous_7)
FN:148,(anonymous_8)
FN:169,(anonymous_9)
FN:172,(anonymous_10)
FNF:11
FNH:8
FNDA:813,(anonymous_0)
FNDA:1181,(anonymous_1)
FNDA:1,(anonymous_2)
FNDA:1,(anonymous_3)
FNDA:17,(anonymous_4)
FNDA:20,(anonymous_5)
FNDA:0,(anonymous_6)
FNDA:0,(anonymous_7)
FNDA:0,(anonymous_8)
FNDA:1495,(anonymous_9)
FNDA:643,(anonymous_10)
DA:27,813
DA:38,1181
DA:39,1
DA:42,1180
DA:43,756
DA:46,1180
DA:48,1180
DA:49,1
DA:53,1179
DA:54,1179
DA:56,1179
DA:73,1
DA:74,1
DA:75,1
DA:78,1
DA:88,17
DA:89,1
DA:92,16
DA:93,0
DA:94,0
DA:95,0
DA:98,16
DA:100,16
DA:102,16
DA:103,20
DA:104,14
DA:108,16
DA:109,2
DA:111,14
DA:112,14
DA:125,0
DA:127,0
DA:137,0
DA:139,0
DA:149,0
DA:151,0
DA:153,0
DA:154,0
DA:155,0
DA:158,0
DA:160,0
DA:170,1495
DA:172,1495
DA:174,643
DA:175,641
LF:45
LH:31
BRDA:38,0,0,1
BRDA:38,0,1,1180
BRDA:42,1,0,756
BRDA:42,1,1,424
BRDA:48,2,0,1
BRDA:48,2,1,1179
BRDA:88,3,0,1
BRDA:88,3,1,16
BRDA:92,4,0,0
BRDA:92,4,1,16
BRDA:98,5,0,16
BRDA:98,5,1,2
BRDA:103,6,0,14
BRDA:103,6,1,6
BRDA:108,7,0,2
BRDA:108,7,1,14
BRDA:153,8,0,0
BRDA:153,8,1,0
BRDA:158,9,0,0
BRDA:158,9,1,0
BRDA:170,10,0,1495
BRDA:170,10,1,1056
BRDA:174,11,0,641
BRDA:174,11,1,2
BRF:24
BRH:19
end_of_record
